[ 2018-05-10T12:06:04+08:00 ] ::1 /health/
INFO: [ app_init ] --START--
INFO: Run Behavior\BuildLiteBehavior [ RunTime:0.000000s ]
INFO: [ app_init ] --END-- [ RunTime:0.027001s ]
INFO: [ app_begin ] --START--
INFO: Run Behavior\ReadHtmlCacheBehavior [ RunTime:0.012000s ]
INFO: [ app_begin ] --END-- [ RunTime:0.012000s ]
INFO: [ app_end ] --START--
INFO: Run Behavior\ShowPageTraceBehavior [ RunTime:0.021001s ]
INFO: [ app_end ] --END-- [ RunTime:0.021001s ]

[ 2018-05-10T12:07:08+08:00 ] ::1 /health/index.php
INFO: [ app_init ] --START--
INFO: Run Behavior\BuildLiteBehavior [ RunTime:0.000000s ]
INFO: [ app_init ] --END-- [ RunTime:0.000000s ]
INFO: [ app_begin ] --START--
INFO: Run Behavior\ReadHtmlCacheBehavior [ RunTime:0.001000s ]
INFO: [ app_begin ] --END-- [ RunTime:0.001000s ]
INFO: [ app_end ] --START--
INFO: Run Behavior\ShowPageTraceBehavior [ RunTime:0.001000s ]
INFO: [ app_end ] --END-- [ RunTime:0.001000s ]

[ 2018-05-10T12:13:19+08:00 ] ::1 /health/index.php
INFO: [ app_init ] --START--
INFO: Run Behavior\BuildLiteBehavior [ RunTime:0.000000s ]
INFO: [ app_init ] --END-- [ RunTime:0.001000s ]
INFO: [ app_begin ] --START--
INFO: Run Behavior\ReadHtmlCacheBehavior [ RunTime:0.001000s ]
INFO: [ app_begin ] --END-- [ RunTime:0.001000s ]
INFO: [ app_end ] --START--
INFO: Run Behavior\ShowPageTraceBehavior [ RunTime:0.001001s ]
INFO: [ app_end ] --END-- [ RunTime:0.001001s ]

[ 2018-05-10T12:13:48+08:00 ] ::1 /health/index.php/
INFO: [ app_init ] --START--
INFO: Run Behavior\BuildLiteBehavior [ RunTime:0.000000s ]
INFO: [ app_init ] --END-- [ RunTime:0.000000s ]
INFO: [ app_begin ] --START--
INFO: Run Behavior\ReadHtmlCacheBehavior [ RunTime:0.001000s ]
INFO: [ app_begin ] --END-- [ RunTime:0.001000s ]
INFO: [ app_end ] --START--
INFO: Run Behavior\ShowPageTraceBehavior [ RunTime:0.001000s ]
INFO: [ app_end ] --END-- [ RunTime:0.002000s ]

[ 2018-05-10T12:16:48+08:00 ] ::1 /health/
INFO: [ app_init ] --START--
INFO: Run Behavior\BuildLiteBehavior [ RunTime:0.000000s ]
INFO: [ app_init ] --END-- [ RunTime:0.001000s ]
INFO: [ app_begin ] --START--
INFO: Run Behavior\ReadHtmlCacheBehavior [ RunTime:0.001000s ]
INFO: [ app_begin ] --END-- [ RunTime:0.001000s ]
INFO: [ app_end ] --START--
INFO: Run Behavior\ShowPageTraceBehavior [ RunTime:0.002000s ]
INFO: [ app_end ] --END-- [ RunTime:0.002000s ]

[ 2018-05-10T12:17:13+08:00 ] ::1 /health/
INFO: [ app_init ] --START--
INFO: Run Behavior\BuildLiteBehavior [ RunTime:0.000000s ]
INFO: [ app_init ] --END-- [ RunTime:0.001000s ]
INFO: [ app_begin ] --START--
INFO: Run Behavior\ReadHtmlCacheBehavior [ RunTime:0.000000s ]
INFO: [ app_begin ] --END-- [ RunTime:0.001000s ]
INFO: [ app_end ] --START--
INFO: Run Behavior\ShowPageTraceBehavior [ RunTime:0.000000s ]
INFO: [ app_end ] --END-- [ RunTime:0.000000s ]

[ 2018-05-10T12:21:42+08:00 ] ::1 /health/
INFO: [ app_init ] --START--
INFO: Run Behavior\BuildLiteBehavior [ RunTime:0.000000s ]
INFO: [ app_init ] --END-- [ RunTime:0.000000s ]
INFO: [ app_begin ] --START--
INFO: Run Behavior\ReadHtmlCacheBehavior [ RunTime:0.001000s ]
INFO: [ app_begin ] --END-- [ RunTime:0.001000s ]
INFO: [ app_end ] --START--
INFO: Run Behavior\ShowPageTraceBehavior [ RunTime:0.001000s ]
INFO: [ app_end ] --END-- [ RunTime:0.001000s ]

[ 2018-05-10T12:22:03+08:00 ] ::1 /health/index.php
INFO: [ app_init ] --START--
INFO: Run Behavior\BuildLiteBehavior [ RunTime:0.000000s ]
INFO: [ app_init ] --END-- [ RunTime:0.001000s ]
INFO: [ app_begin ] --START--
INFO: Run Behavior\ReadHtmlCacheBehavior [ RunTime:0.002000s ]
INFO: [ app_begin ] --END-- [ RunTime:0.002000s ]
INFO: [ app_end ] --START--
INFO: Run Behavior\ShowPageTraceBehavior [ RunTime:0.001000s ]
INFO: [ app_end ] --END-- [ RunTime:0.001000s ]

[ 2018-05-10T13:11:17+08:00 ] ::1 /health/
INFO: [ app_init ] --START--
INFO: Run Behavior\BuildLiteBehavior [ RunTime:0.000000s ]
INFO: [ app_init ] --END-- [ RunTime:0.002000s ]
INFO: [ app_begin ] --START--
INFO: Run Behavior\ReadHtmlCacheBehavior [ RunTime:0.026002s ]
INFO: [ app_begin ] --END-- [ RunTime:0.026002s ]
INFO: [ app_end ] --START--
INFO: Run Behavior\ShowPageTraceBehavior [ RunTime:0.007001s ]
INFO: [ app_end ] --END-- [ RunTime:0.008001s ]

[ 2018-05-10T18:23:54+08:00 ] ::1 /health/index.php
INFO: [ app_init ] --START--
INFO: Run Behavior\BuildLiteBehavior [ RunTime:0.000000s ]
INFO: [ app_init ] --END-- [ RunTime:0.001000s ]
INFO: [ app_begin ] --START--
INFO: Run Behavior\ReadHtmlCacheBehavior [ RunTime:0.001000s ]
INFO: [ app_begin ] --END-- [ RunTime:0.001000s ]
INFO: [ app_end ] --START--
INFO: Run Behavior\ShowPageTraceBehavior [ RunTime:0.001000s ]
INFO: [ app_end ] --END-- [ RunTime:0.001000s ]

[ 2018-05-10T18:24:21+08:00 ] ::1 /health/index.php/App/Index/script
INFO: [ app_init ] --START--
INFO: Run Behavior\BuildLiteBehavior [ RunTime:0.000000s ]
INFO: [ app_init ] --END-- [ RunTime:0.000000s ]
INFO: [ app_begin ] --START--
INFO: Run Behavior\ReadHtmlCacheBehavior [ RunTime:0.001000s ]
INFO: [ app_begin ] --END-- [ RunTime:0.001000s ]
SQL: SHOW COLUMNS FROM `hl_steps` [ RunTime:0.0110s ]
SQL: SELECT * FROM `hl_steps` WHERE `createtime` = '2018-05-10' AND `life` > 0 ORDER BY steps desc  [ RunTime:0.1320s ]

[ 2018-05-10T18:35:50+08:00 ] ::1 /health/index.php/App/Index/script
INFO: [ app_init ] --START--
INFO: Run Behavior\BuildLiteBehavior [ RunTime:0.000000s ]
INFO: [ app_init ] --END-- [ RunTime:0.001000s ]
INFO: [ app_begin ] --START--
INFO: Run Behavior\ReadHtmlCacheBehavior [ RunTime:0.001000s ]
INFO: [ app_begin ] --END-- [ RunTime:0.001000s ]
SQL: SHOW COLUMNS FROM `hl_steps` [ RunTime:0.0130s ]
NOTIC: [8] A non well formed numeric value encountered D:\PHPTutorial\WWW\health\Project\App\Controller\IndexController.class.php 第 22 行.
SQL: SELECT * FROM `hl_steps` WHERE `createtime` = '1970-01-01' AND `life` > 0 ORDER BY steps desc  [ RunTime:0.0020s ]

[ 2018-05-10T18:35:51+08:00 ] ::1 /health/index.php/App/Index/script
INFO: [ app_init ] --START--
INFO: Run Behavior\BuildLiteBehavior [ RunTime:0.000000s ]
INFO: [ app_init ] --END-- [ RunTime:0.001000s ]
INFO: [ app_begin ] --START--
INFO: Run Behavior\ReadHtmlCacheBehavior [ RunTime:0.001000s ]
INFO: [ app_begin ] --END-- [ RunTime:0.001000s ]
SQL: SHOW COLUMNS FROM `hl_steps` [ RunTime:0.0130s ]
NOTIC: [8] A non well formed numeric value encountered D:\PHPTutorial\WWW\health\Project\App\Controller\IndexController.class.php 第 22 行.
SQL: SELECT * FROM `hl_steps` WHERE `createtime` = '1970-01-01' AND `life` > 0 ORDER BY steps desc  [ RunTime:0.0000s ]

[ 2018-05-10T18:35:51+08:00 ] ::1 /health/index.php/App/Index/script
INFO: [ app_init ] --START--
INFO: Run Behavior\BuildLiteBehavior [ RunTime:0.000000s ]
INFO: [ app_init ] --END-- [ RunTime:0.000000s ]
INFO: [ app_begin ] --START--
INFO: Run Behavior\ReadHtmlCacheBehavior [ RunTime:0.001000s ]
INFO: [ app_begin ] --END-- [ RunTime:0.001000s ]
SQL: SHOW COLUMNS FROM `hl_steps` [ RunTime:0.0110s ]
NOTIC: [8] A non well formed numeric value encountered D:\PHPTutorial\WWW\health\Project\App\Controller\IndexController.class.php 第 22 行.
SQL: SELECT * FROM `hl_steps` WHERE `createtime` = '1970-01-01' AND `life` > 0 ORDER BY steps desc  [ RunTime:0.0010s ]

[ 2018-05-10T18:35:52+08:00 ] ::1 /health/index.php/App/Index/script
INFO: [ app_init ] --START--
INFO: Run Behavior\BuildLiteBehavior [ RunTime:0.000000s ]
INFO: [ app_init ] --END-- [ RunTime:0.001000s ]
INFO: [ app_begin ] --START--
INFO: Run Behavior\ReadHtmlCacheBehavior [ RunTime:0.001000s ]
INFO: [ app_begin ] --END-- [ RunTime:0.001000s ]
SQL: SHOW COLUMNS FROM `hl_steps` [ RunTime:0.0130s ]
NOTIC: [8] A non well formed numeric value encountered D:\PHPTutorial\WWW\health\Project\App\Controller\IndexController.class.php 第 22 行.
SQL: SELECT * FROM `hl_steps` WHERE `createtime` = '1970-01-01' AND `life` > 0 ORDER BY steps desc  [ RunTime:0.0010s ]

[ 2018-05-10T18:35:52+08:00 ] ::1 /health/index.php/App/Index/script
INFO: [ app_init ] --START--
INFO: Run Behavior\BuildLiteBehavior [ RunTime:0.000000s ]
INFO: [ app_init ] --END-- [ RunTime:0.000000s ]
INFO: [ app_begin ] --START--
INFO: Run Behavior\ReadHtmlCacheBehavior [ RunTime:0.001000s ]
INFO: [ app_begin ] --END-- [ RunTime:0.001000s ]
SQL: SHOW COLUMNS FROM `hl_steps` [ RunTime:0.0140s ]
NOTIC: [8] A non well formed numeric value encountered D:\PHPTutorial\WWW\health\Project\App\Controller\IndexController.class.php 第 22 行.
SQL: SELECT * FROM `hl_steps` WHERE `createtime` = '1970-01-01' AND `life` > 0 ORDER BY steps desc  [ RunTime:0.0020s ]

[ 2018-05-10T18:35:52+08:00 ] ::1 /health/index.php/App/Index/script
INFO: [ app_init ] --START--
INFO: Run Behavior\BuildLiteBehavior [ RunTime:0.000000s ]
INFO: [ app_init ] --END-- [ RunTime:0.001000s ]
INFO: [ app_begin ] --START--
INFO: Run Behavior\ReadHtmlCacheBehavior [ RunTime:0.001000s ]
INFO: [ app_begin ] --END-- [ RunTime:0.001000s ]
SQL: SHOW COLUMNS FROM `hl_steps` [ RunTime:0.0130s ]
NOTIC: [8] A non well formed numeric value encountered D:\PHPTutorial\WWW\health\Project\App\Controller\IndexController.class.php 第 22 行.
SQL: SELECT * FROM `hl_steps` WHERE `createtime` = '1970-01-01' AND `life` > 0 ORDER BY steps desc  [ RunTime:0.0010s ]

[ 2018-05-10T18:35:52+08:00 ] ::1 /health/index.php/App/Index/script
INFO: [ app_init ] --START--
INFO: Run Behavior\BuildLiteBehavior [ RunTime:0.000000s ]
INFO: [ app_init ] --END-- [ RunTime:0.000000s ]
INFO: [ app_begin ] --START--
INFO: Run Behavior\ReadHtmlCacheBehavior [ RunTime:0.001000s ]
INFO: [ app_begin ] --END-- [ RunTime:0.001000s ]
SQL: SHOW COLUMNS FROM `hl_steps` [ RunTime:0.0140s ]
NOTIC: [8] A non well formed numeric value encountered D:\PHPTutorial\WWW\health\Project\App\Controller\IndexController.class.php 第 22 行.
SQL: SELECT * FROM `hl_steps` WHERE `createtime` = '1970-01-01' AND `life` > 0 ORDER BY steps desc  [ RunTime:0.0010s ]

[ 2018-05-10T18:35:52+08:00 ] ::1 /health/index.php/App/Index/script
INFO: [ app_init ] --START--
INFO: Run Behavior\BuildLiteBehavior [ RunTime:0.000000s ]
INFO: [ app_init ] --END-- [ RunTime:0.001000s ]
INFO: [ app_begin ] --START--
INFO: Run Behavior\ReadHtmlCacheBehavior [ RunTime:0.001000s ]
INFO: [ app_begin ] --END-- [ RunTime:0.001000s ]
SQL: SHOW COLUMNS FROM `hl_steps` [ RunTime:0.0130s ]
NOTIC: [8] A non well formed numeric value encountered D:\PHPTutorial\WWW\health\Project\App\Controller\IndexController.class.php 第 22 行.
SQL: SELECT * FROM `hl_steps` WHERE `createtime` = '1970-01-01' AND `life` > 0 ORDER BY steps desc  [ RunTime:0.0010s ]

[ 2018-05-10T18:35:52+08:00 ] ::1 /health/index.php/App/Index/script
INFO: [ app_init ] --START--
INFO: Run Behavior\BuildLiteBehavior [ RunTime:0.000000s ]
INFO: [ app_init ] --END-- [ RunTime:0.000000s ]
INFO: [ app_begin ] --START--
INFO: Run Behavior\ReadHtmlCacheBehavior [ RunTime:0.001000s ]
INFO: [ app_begin ] --END-- [ RunTime:0.001000s ]
SQL: SHOW COLUMNS FROM `hl_steps` [ RunTime:0.0110s ]
NOTIC: [8] A non well formed numeric value encountered D:\PHPTutorial\WWW\health\Project\App\Controller\IndexController.class.php 第 22 行.
SQL: SELECT * FROM `hl_steps` WHERE `createtime` = '1970-01-01' AND `life` > 0 ORDER BY steps desc  [ RunTime:0.0010s ]

[ 2018-05-10T18:35:53+08:00 ] ::1 /health/index.php/App/Index/script
INFO: [ app_init ] --START--
INFO: Run Behavior\BuildLiteBehavior [ RunTime:0.000000s ]
INFO: [ app_init ] --END-- [ RunTime:0.000000s ]
INFO: [ app_begin ] --START--
INFO: Run Behavior\ReadHtmlCacheBehavior [ RunTime:0.001000s ]
INFO: [ app_begin ] --END-- [ RunTime:0.001000s ]
SQL: SHOW COLUMNS FROM `hl_steps` [ RunTime:0.0140s ]
NOTIC: [8] A non well formed numeric value encountered D:\PHPTutorial\WWW\health\Project\App\Controller\IndexController.class.php 第 22 行.
SQL: SELECT * FROM `hl_steps` WHERE `createtime` = '1970-01-01' AND `life` > 0 ORDER BY steps desc  [ RunTime:0.0010s ]

[ 2018-05-10T18:35:53+08:00 ] ::1 /health/index.php/App/Index/script
INFO: [ app_init ] --START--
INFO: Run Behavior\BuildLiteBehavior [ RunTime:0.000000s ]
INFO: [ app_init ] --END-- [ RunTime:0.001000s ]
INFO: [ app_begin ] --START--
INFO: Run Behavior\ReadHtmlCacheBehavior [ RunTime:0.001000s ]
INFO: [ app_begin ] --END-- [ RunTime:0.001000s ]
SQL: SHOW COLUMNS FROM `hl_steps` [ RunTime:0.0140s ]
NOTIC: [8] A non well formed numeric value encountered D:\PHPTutorial\WWW\health\Project\App\Controller\IndexController.class.php 第 22 行.
SQL: SELECT * FROM `hl_steps` WHERE `createtime` = '1970-01-01' AND `life` > 0 ORDER BY steps desc  [ RunTime:0.0000s ]

[ 2018-05-10T18:36:22+08:00 ] ::1 /health/index.php/App/Index/script
INFO: [ app_init ] --START--
INFO: Run Behavior\BuildLiteBehavior [ RunTime:0.000000s ]
INFO: [ app_init ] --END-- [ RunTime:0.000000s ]
INFO: [ app_begin ] --START--
INFO: Run Behavior\ReadHtmlCacheBehavior [ RunTime:0.001000s ]
INFO: [ app_begin ] --END-- [ RunTime:0.002000s ]
SQL: SHOW COLUMNS FROM `hl_steps` [ RunTime:0.0150s ]
NOTIC: [8] A non well formed numeric value encountered D:\PHPTutorial\WWW\health\Project\App\Controller\IndexController.class.php 第 22 行.
SQL: SELECT * FROM `hl_steps` WHERE `createtime` = '1970-01-01' ORDER BY steps desc  [ RunTime:0.0010s ]

[ 2018-05-10T18:36:23+08:00 ] ::1 /health/index.php/App/Index/script
INFO: [ app_init ] --START--
INFO: Run Behavior\BuildLiteBehavior [ RunTime:0.000000s ]
INFO: [ app_init ] --END-- [ RunTime:0.001000s ]
INFO: [ app_begin ] --START--
INFO: Run Behavior\ReadHtmlCacheBehavior [ RunTime:0.001000s ]
INFO: [ app_begin ] --END-- [ RunTime:0.001000s ]
SQL: SHOW COLUMNS FROM `hl_steps` [ RunTime:0.0130s ]
NOTIC: [8] A non well formed numeric value encountered D:\PHPTutorial\WWW\health\Project\App\Controller\IndexController.class.php 第 22 行.
SQL: SELECT * FROM `hl_steps` WHERE `createtime` = '1970-01-01' ORDER BY steps desc  [ RunTime:0.0010s ]

[ 2018-05-10T18:36:23+08:00 ] ::1 /health/index.php/App/Index/script
INFO: [ app_init ] --START--
INFO: Run Behavior\BuildLiteBehavior [ RunTime:0.000000s ]
INFO: [ app_init ] --END-- [ RunTime:0.001000s ]
INFO: [ app_begin ] --START--
INFO: Run Behavior\ReadHtmlCacheBehavior [ RunTime:0.001000s ]
INFO: [ app_begin ] --END-- [ RunTime:0.001000s ]
SQL: SHOW COLUMNS FROM `hl_steps` [ RunTime:0.0130s ]
NOTIC: [8] A non well formed numeric value encountered D:\PHPTutorial\WWW\health\Project\App\Controller\IndexController.class.php 第 22 行.
SQL: SELECT * FROM `hl_steps` WHERE `createtime` = '1970-01-01' ORDER BY steps desc  [ RunTime:0.0010s ]

[ 2018-05-10T18:36:23+08:00 ] ::1 /health/index.php/App/Index/script
INFO: [ app_init ] --START--
INFO: Run Behavior\BuildLiteBehavior [ RunTime:0.000000s ]
INFO: [ app_init ] --END-- [ RunTime:0.001001s ]
INFO: [ app_begin ] --START--
INFO: Run Behavior\ReadHtmlCacheBehavior [ RunTime:0.002000s ]
INFO: [ app_begin ] --END-- [ RunTime:0.002000s ]
SQL: SHOW COLUMNS FROM `hl_steps` [ RunTime:0.0120s ]
NOTIC: [8] A non well formed numeric value encountered D:\PHPTutorial\WWW\health\Project\App\Controller\IndexController.class.php 第 22 行.
SQL: SELECT * FROM `hl_steps` WHERE `createtime` = '1970-01-01' ORDER BY steps desc  [ RunTime:0.0010s ]

[ 2018-05-10T18:36:23+08:00 ] ::1 /health/index.php/App/Index/script
INFO: [ app_init ] --START--
INFO: Run Behavior\BuildLiteBehavior [ RunTime:0.000000s ]
INFO: [ app_init ] --END-- [ RunTime:0.001000s ]
INFO: [ app_begin ] --START--
INFO: Run Behavior\ReadHtmlCacheBehavior [ RunTime:0.001000s ]
INFO: [ app_begin ] --END-- [ RunTime:0.002000s ]
SQL: SHOW COLUMNS FROM `hl_steps` [ RunTime:0.0140s ]
NOTIC: [8] A non well formed numeric value encountered D:\PHPTutorial\WWW\health\Project\App\Controller\IndexController.class.php 第 22 行.
SQL: SELECT * FROM `hl_steps` WHERE `createtime` = '1970-01-01' ORDER BY steps desc  [ RunTime:0.0010s ]

[ 2018-05-10T18:36:23+08:00 ] ::1 /health/index.php/App/Index/script
INFO: [ app_init ] --START--
INFO: Run Behavior\BuildLiteBehavior [ RunTime:0.000000s ]
INFO: [ app_init ] --END-- [ RunTime:0.001000s ]
INFO: [ app_begin ] --START--
INFO: Run Behavior\ReadHtmlCacheBehavior [ RunTime:0.001000s ]
INFO: [ app_begin ] --END-- [ RunTime:0.001000s ]
SQL: SHOW COLUMNS FROM `hl_steps` [ RunTime:0.0140s ]
NOTIC: [8] A non well formed numeric value encountered D:\PHPTutorial\WWW\health\Project\App\Controller\IndexController.class.php 第 22 行.
SQL: SELECT * FROM `hl_steps` WHERE `createtime` = '1970-01-01' ORDER BY steps desc  [ RunTime:0.0010s ]

[ 2018-05-10T18:36:30+08:00 ] ::1 /health/index.php/App/Index/script
INFO: [ app_init ] --START--
INFO: Run Behavior\BuildLiteBehavior [ RunTime:0.000000s ]
INFO: [ app_init ] --END-- [ RunTime:0.000000s ]
INFO: [ app_begin ] --START--
INFO: Run Behavior\ReadHtmlCacheBehavior [ RunTime:0.001000s ]
INFO: [ app_begin ] --END-- [ RunTime:0.001000s ]
SQL: SHOW COLUMNS FROM `hl_steps` [ RunTime:0.0140s ]
NOTIC: [8] A non well formed numeric value encountered D:\PHPTutorial\WWW\health\Project\App\Controller\IndexController.class.php 第 22 行.
SQL: SELECT * FROM `hl_steps` WHERE `createtime` = '1970-01-01' ORDER BY steps desc  [ RunTime:0.0010s ]

[ 2018-05-10T18:36:31+08:00 ] ::1 /health/index.php/App/Index/script
INFO: [ app_init ] --START--
INFO: Run Behavior\BuildLiteBehavior [ RunTime:0.000000s ]
INFO: [ app_init ] --END-- [ RunTime:0.001000s ]
INFO: [ app_begin ] --START--
INFO: Run Behavior\ReadHtmlCacheBehavior [ RunTime:0.001000s ]
INFO: [ app_begin ] --END-- [ RunTime:0.001000s ]
SQL: SHOW COLUMNS FROM `hl_steps` [ RunTime:0.0140s ]
NOTIC: [8] A non well formed numeric value encountered D:\PHPTutorial\WWW\health\Project\App\Controller\IndexController.class.php 第 22 行.
SQL: SELECT * FROM `hl_steps` WHERE `createtime` = '1970-01-01' ORDER BY steps desc  [ RunTime:0.0000s ]

[ 2018-05-10T18:36:31+08:00 ] ::1 /health/index.php/App/Index/script
INFO: [ app_init ] --START--
INFO: Run Behavior\BuildLiteBehavior [ RunTime:0.000000s ]
INFO: [ app_init ] --END-- [ RunTime:0.000000s ]
INFO: [ app_begin ] --START--
INFO: Run Behavior\ReadHtmlCacheBehavior [ RunTime:0.001000s ]
INFO: [ app_begin ] --END-- [ RunTime:0.001000s ]
SQL: SHOW COLUMNS FROM `hl_steps` [ RunTime:0.0130s ]
NOTIC: [8] A non well formed numeric value encountered D:\PHPTutorial\WWW\health\Project\App\Controller\IndexController.class.php 第 22 行.
SQL: SELECT * FROM `hl_steps` WHERE `createtime` = '1970-01-01' ORDER BY steps desc  [ RunTime:0.0010s ]

[ 2018-05-10T18:36:31+08:00 ] ::1 /health/index.php/App/Index/script
INFO: [ app_init ] --START--
INFO: Run Behavior\BuildLiteBehavior [ RunTime:0.000000s ]
INFO: [ app_init ] --END-- [ RunTime:0.001000s ]
INFO: [ app_begin ] --START--
INFO: Run Behavior\ReadHtmlCacheBehavior [ RunTime:0.001000s ]
INFO: [ app_begin ] --END-- [ RunTime:0.001000s ]
SQL: SHOW COLUMNS FROM `hl_steps` [ RunTime:0.0120s ]
NOTIC: [8] A non well formed numeric value encountered D:\PHPTutorial\WWW\health\Project\App\Controller\IndexController.class.php 第 22 行.
SQL: SELECT * FROM `hl_steps` WHERE `createtime` = '1970-01-01' ORDER BY steps desc  [ RunTime:0.0010s ]

[ 2018-05-10T18:37:12+08:00 ] ::1 /health/index.php/App/Index/script
INFO: [ app_init ] --START--
INFO: Run Behavior\BuildLiteBehavior [ RunTime:0.000000s ]
INFO: [ app_init ] --END-- [ RunTime:0.001000s ]
INFO: [ app_begin ] --START--
INFO: Run Behavior\ReadHtmlCacheBehavior [ RunTime:0.001000s ]
INFO: [ app_begin ] --END-- [ RunTime:0.001000s ]
SQL: SHOW COLUMNS FROM `hl_steps` [ RunTime:0.0140s ]
NOTIC: [8] A non well formed numeric value encountered D:\PHPTutorial\WWW\health\Project\App\Controller\IndexController.class.php 第 22 行.

[ 2018-05-10T18:38:24+08:00 ] ::1 /health/index.php/App/Index/script
INFO: [ app_init ] --START--
INFO: Run Behavior\BuildLiteBehavior [ RunTime:0.000000s ]
INFO: [ app_init ] --END-- [ RunTime:0.001000s ]
INFO: [ app_begin ] --START--
INFO: Run Behavior\ReadHtmlCacheBehavior [ RunTime:0.001000s ]
INFO: [ app_begin ] --END-- [ RunTime:0.001000s ]
SQL: SHOW COLUMNS FROM `hl_steps` [ RunTime:0.0120s ]
NOTIC: [8] A non well formed numeric value encountered D:\PHPTutorial\WWW\health\Project\App\Controller\IndexController.class.php 第 22 行.

[ 2018-05-10T18:38:38+08:00 ] ::1 /health/index.php/App/Index/script
INFO: [ app_init ] --START--
INFO: Run Behavior\BuildLiteBehavior [ RunTime:0.000000s ]
INFO: [ app_init ] --END-- [ RunTime:0.001000s ]
INFO: [ app_begin ] --START--
INFO: Run Behavior\ReadHtmlCacheBehavior [ RunTime:0.001000s ]
INFO: [ app_begin ] --END-- [ RunTime:0.001000s ]
SQL: SHOW COLUMNS FROM `hl_steps` [ RunTime:0.0120s ]
NOTIC: [8] A non well formed numeric value encountered D:\PHPTutorial\WWW\health\Project\App\Controller\IndexController.class.php 第 22 行.

[ 2018-05-10T18:39:16+08:00 ] ::1 /health/index.php/App/Index/script
INFO: [ app_init ] --START--
INFO: Run Behavior\BuildLiteBehavior [ RunTime:0.000000s ]
INFO: [ app_init ] --END-- [ RunTime:0.001000s ]
INFO: [ app_begin ] --START--
INFO: Run Behavior\ReadHtmlCacheBehavior [ RunTime:0.001000s ]
INFO: [ app_begin ] --END-- [ RunTime:0.001000s ]
SQL: SHOW COLUMNS FROM `hl_steps` [ RunTime:0.0140s ]
NOTIC: [8] A non well formed numeric value encountered D:\PHPTutorial\WWW\health\Project\App\Controller\IndexController.class.php 第 22 行.
SQL: SELECT * FROM `hl_steps` WHERE `createtime` = '2018-04-25 00:00:00' AND `life` > 0 ORDER BY steps desc  [ RunTime:0.0410s ]

[ 2018-05-10T18:39:21+08:00 ] ::1 /health/index.php/App/Index/script
INFO: [ app_init ] --START--
INFO: Run Behavior\BuildLiteBehavior [ RunTime:0.000000s ]
INFO: [ app_init ] --END-- [ RunTime:0.001000s ]
INFO: [ app_begin ] --START--
INFO: Run Behavior\ReadHtmlCacheBehavior [ RunTime:0.001000s ]
INFO: [ app_begin ] --END-- [ RunTime:0.002000s ]
SQL: SHOW COLUMNS FROM `hl_steps` [ RunTime:0.0140s ]
NOTIC: [8] A non well formed numeric value encountered D:\PHPTutorial\WWW\health\Project\App\Controller\IndexController.class.php 第 22 行.
SQL: SELECT * FROM `hl_steps` WHERE `createtime` = '2018-04-25 00:00:00' AND `life` > 0 ORDER BY steps desc  [ RunTime:0.0020s ]

[ 2018-05-10T18:47:22+08:00 ] ::1 /health/index.php/App/Index/script
INFO: [ app_init ] --START--
INFO: Run Behavior\BuildLiteBehavior [ RunTime:0.000000s ]
INFO: [ app_init ] --END-- [ RunTime:0.001000s ]
INFO: [ app_begin ] --START--
INFO: Run Behavior\ReadHtmlCacheBehavior [ RunTime:0.001000s ]
INFO: [ app_begin ] --END-- [ RunTime:0.001000s ]
SQL: SHOW COLUMNS FROM `hl_steps` [ RunTime:0.0130s ]
SQL: SELECT * FROM `hl_steps` WHERE `createtime` = '2018-04-28 00:00:00' AND `life` > 0 ORDER BY steps desc  [ RunTime:0.0010s ]

[ 2018-05-10T18:47:25+08:00 ] ::1 /health/index.php/App/Index/script
INFO: [ app_init ] --START--
INFO: Run Behavior\BuildLiteBehavior [ RunTime:0.001001s ]
INFO: [ app_init ] --END-- [ RunTime:0.001001s ]
INFO: [ app_begin ] --START--
INFO: Run Behavior\ReadHtmlCacheBehavior [ RunTime:0.001000s ]
INFO: [ app_begin ] --END-- [ RunTime:0.001000s ]
SQL: SHOW COLUMNS FROM `hl_steps` [ RunTime:0.0160s ]
SQL: SELECT * FROM `hl_steps` WHERE `createtime` = '2018-04-28 00:00:00' AND `life` > 0 ORDER BY steps desc  [ RunTime:0.0010s ]

[ 2018-05-10T19:10:28+08:00 ] ::1 /health/index.php/App/Mining/userRank
INFO: [ app_init ] --START--
INFO: Run Behavior\BuildLiteBehavior [ RunTime:0.000000s ]
INFO: [ app_init ] --END-- [ RunTime:0.001000s ]
INFO: [ app_begin ] --START--
INFO: Run Behavior\ReadHtmlCacheBehavior [ RunTime:0.001000s ]
INFO: [ app_begin ] --END-- [ RunTime:0.001000s ]

[ 2018-05-10T19:10:39+08:00 ] ::1 /health/index.php/App/Mining/userRank
INFO: [ app_init ] --START--
INFO: Run Behavior\BuildLiteBehavior [ RunTime:0.000000s ]
INFO: [ app_init ] --END-- [ RunTime:0.001000s ]
INFO: [ app_begin ] --START--
INFO: Run Behavior\ReadHtmlCacheBehavior [ RunTime:0.002000s ]
INFO: [ app_begin ] --END-- [ RunTime:0.002000s ]

[ 2018-05-10T19:12:52+08:00 ] ::1 /health/index.php/App/Mining/userRank
INFO: [ app_init ] --START--
INFO: Run Behavior\BuildLiteBehavior [ RunTime:0.000000s ]
INFO: [ app_init ] --END-- [ RunTime:0.000000s ]
INFO: [ app_begin ] --START--
INFO: Run Behavior\ReadHtmlCacheBehavior [ RunTime:0.001000s ]
INFO: [ app_begin ] --END-- [ RunTime:0.001000s ]

[ 2018-05-10T19:12:53+08:00 ] ::1 /health/index.php/App/Mining/userRank
INFO: [ app_init ] --START--
INFO: Run Behavior\BuildLiteBehavior [ RunTime:0.001001s ]
INFO: [ app_init ] --END-- [ RunTime:0.001001s ]
INFO: [ app_begin ] --START--
INFO: Run Behavior\ReadHtmlCacheBehavior [ RunTime:0.001000s ]
INFO: [ app_begin ] --END-- [ RunTime:0.001000s ]

[ 2018-05-10T19:12:53+08:00 ] ::1 /health/index.php/App/Mining/userRank
INFO: [ app_init ] --START--
INFO: Run Behavior\BuildLiteBehavior [ RunTime:0.000000s ]
INFO: [ app_init ] --END-- [ RunTime:0.001000s ]
INFO: [ app_begin ] --START--
INFO: Run Behavior\ReadHtmlCacheBehavior [ RunTime:0.001000s ]
INFO: [ app_begin ] --END-- [ RunTime:0.001000s ]

[ 2018-05-10T19:12:53+08:00 ] ::1 /health/index.php/App/Mining/userRank
INFO: [ app_init ] --START--
INFO: Run Behavior\BuildLiteBehavior [ RunTime:0.000000s ]
INFO: [ app_init ] --END-- [ RunTime:0.000000s ]
INFO: [ app_begin ] --START--
INFO: Run Behavior\ReadHtmlCacheBehavior [ RunTime:0.001000s ]
INFO: [ app_begin ] --END-- [ RunTime:0.001000s ]

[ 2018-05-10T19:12:54+08:00 ] ::1 /health/index.php/App/Mining/userRank
INFO: [ app_init ] --START--
INFO: Run Behavior\BuildLiteBehavior [ RunTime:0.000000s ]
INFO: [ app_init ] --END-- [ RunTime:0.000000s ]
INFO: [ app_begin ] --START--
INFO: Run Behavior\ReadHtmlCacheBehavior [ RunTime:0.001000s ]
INFO: [ app_begin ] --END-- [ RunTime:0.001000s ]

[ 2018-05-10T19:12:54+08:00 ] ::1 /health/index.php/App/Mining/userRank
INFO: [ app_init ] --START--
INFO: Run Behavior\BuildLiteBehavior [ RunTime:0.000000s ]
INFO: [ app_init ] --END-- [ RunTime:0.001000s ]
INFO: [ app_begin ] --START--
INFO: Run Behavior\ReadHtmlCacheBehavior [ RunTime:0.001000s ]
INFO: [ app_begin ] --END-- [ RunTime:0.001000s ]

[ 2018-05-10T19:12:54+08:00 ] ::1 /health/index.php/App/Mining/userRank
INFO: [ app_init ] --START--
INFO: Run Behavior\BuildLiteBehavior [ RunTime:0.000000s ]
INFO: [ app_init ] --END-- [ RunTime:0.001000s ]
INFO: [ app_begin ] --START--
INFO: Run Behavior\ReadHtmlCacheBehavior [ RunTime:0.002001s ]
INFO: [ app_begin ] --END-- [ RunTime:0.002001s ]

[ 2018-05-10T19:12:54+08:00 ] ::1 /health/index.php/App/Mining/userRank
INFO: [ app_init ] --START--
INFO: Run Behavior\BuildLiteBehavior [ RunTime:0.000000s ]
INFO: [ app_init ] --END-- [ RunTime:0.001000s ]
INFO: [ app_begin ] --START--
INFO: Run Behavior\ReadHtmlCacheBehavior [ RunTime:0.002000s ]
INFO: [ app_begin ] --END-- [ RunTime:0.002000s ]

[ 2018-05-10T19:12:54+08:00 ] ::1 /health/index.php/App/Mining/userRank
INFO: [ app_init ] --START--
INFO: Run Behavior\BuildLiteBehavior [ RunTime:0.000000s ]
INFO: [ app_init ] --END-- [ RunTime:0.000000s ]
INFO: [ app_begin ] --START--
INFO: Run Behavior\ReadHtmlCacheBehavior [ RunTime:0.002000s ]
INFO: [ app_begin ] --END-- [ RunTime:0.002000s ]

[ 2018-05-10T19:13:50+08:00 ] ::1 /health/index.php/App/Mining/userRank
INFO: [ app_init ] --START--
INFO: Run Behavior\BuildLiteBehavior [ RunTime:0.000000s ]
INFO: [ app_init ] --END-- [ RunTime:0.001000s ]
INFO: [ app_begin ] --START--
INFO: Run Behavior\ReadHtmlCacheBehavior [ RunTime:0.002001s ]
INFO: [ app_begin ] --END-- [ RunTime:0.002001s ]

[ 2018-05-10T19:13:50+08:00 ] ::1 /health/index.php/App/Mining/userRank
INFO: [ app_init ] --START--
INFO: Run Behavior\BuildLiteBehavior [ RunTime:0.000000s ]
INFO: [ app_init ] --END-- [ RunTime:0.000000s ]
INFO: [ app_begin ] --START--
INFO: Run Behavior\ReadHtmlCacheBehavior [ RunTime:0.001000s ]
INFO: [ app_begin ] --END-- [ RunTime:0.001000s ]

[ 2018-05-10T19:13:50+08:00 ] ::1 /health/index.php/App/Mining/userRank
INFO: [ app_init ] --START--
INFO: Run Behavior\BuildLiteBehavior [ RunTime:0.000000s ]
INFO: [ app_init ] --END-- [ RunTime:0.001001s ]
INFO: [ app_begin ] --START--
INFO: Run Behavior\ReadHtmlCacheBehavior [ RunTime:0.001000s ]
INFO: [ app_begin ] --END-- [ RunTime:0.001000s ]

[ 2018-05-10T19:14:16+08:00 ] ::1 /health/index.php/App/Mining/userRank
INFO: [ app_init ] --START--
INFO: Run Behavior\BuildLiteBehavior [ RunTime:0.000000s ]
INFO: [ app_init ] --END-- [ RunTime:0.001000s ]
INFO: [ app_begin ] --START--
INFO: Run Behavior\ReadHtmlCacheBehavior [ RunTime:0.001000s ]
INFO: [ app_begin ] --END-- [ RunTime:0.001000s ]

[ 2018-05-10T19:14:17+08:00 ] ::1 /health/index.php/App/Mining/userRank
INFO: [ app_init ] --START--
INFO: Run Behavior\BuildLiteBehavior [ RunTime:0.000000s ]
INFO: [ app_init ] --END-- [ RunTime:0.001000s ]
INFO: [ app_begin ] --START--
INFO: Run Behavior\ReadHtmlCacheBehavior [ RunTime:0.001000s ]
INFO: [ app_begin ] --END-- [ RunTime:0.001000s ]

[ 2018-05-10T19:14:17+08:00 ] ::1 /health/index.php/App/Mining/userRank
INFO: [ app_init ] --START--
INFO: Run Behavior\BuildLiteBehavior [ RunTime:0.000000s ]
INFO: [ app_init ] --END-- [ RunTime:0.000000s ]
INFO: [ app_begin ] --START--
INFO: Run Behavior\ReadHtmlCacheBehavior [ RunTime:0.001000s ]
INFO: [ app_begin ] --END-- [ RunTime:0.001000s ]

[ 2018-05-10T19:14:17+08:00 ] ::1 /health/index.php/App/Mining/userRank
INFO: [ app_init ] --START--
INFO: Run Behavior\BuildLiteBehavior [ RunTime:0.000000s ]
INFO: [ app_init ] --END-- [ RunTime:0.000000s ]
INFO: [ app_begin ] --START--
INFO: Run Behavior\ReadHtmlCacheBehavior [ RunTime:0.001000s ]
INFO: [ app_begin ] --END-- [ RunTime:0.001000s ]

[ 2018-05-10T19:14:18+08:00 ] ::1 /health/index.php/App/Mining/userRank
INFO: [ app_init ] --START--
INFO: Run Behavior\BuildLiteBehavior [ RunTime:0.000000s ]
INFO: [ app_init ] --END-- [ RunTime:0.000000s ]
INFO: [ app_begin ] --START--
INFO: Run Behavior\ReadHtmlCacheBehavior [ RunTime:0.001000s ]
INFO: [ app_begin ] --END-- [ RunTime:0.001000s ]

[ 2018-05-10T19:14:18+08:00 ] ::1 /health/index.php/App/Mining/userRank
INFO: [ app_init ] --START--
INFO: Run Behavior\BuildLiteBehavior [ RunTime:0.000000s ]
INFO: [ app_init ] --END-- [ RunTime:0.001000s ]
INFO: [ app_begin ] --START--
INFO: Run Behavior\ReadHtmlCacheBehavior [ RunTime:0.001001s ]
INFO: [ app_begin ] --END-- [ RunTime:0.001001s ]

[ 2018-05-10T19:14:18+08:00 ] ::1 /health/index.php/App/Mining/userRank
INFO: [ app_init ] --START--
INFO: Run Behavior\BuildLiteBehavior [ RunTime:0.000000s ]
INFO: [ app_init ] --END-- [ RunTime:0.001000s ]
INFO: [ app_begin ] --START--
INFO: Run Behavior\ReadHtmlCacheBehavior [ RunTime:0.001000s ]
INFO: [ app_begin ] --END-- [ RunTime:0.001000s ]

[ 2018-05-10T19:14:18+08:00 ] ::1 /health/index.php/App/Mining/userRank
INFO: [ app_init ] --START--
INFO: Run Behavior\BuildLiteBehavior [ RunTime:0.000000s ]
INFO: [ app_init ] --END-- [ RunTime:0.001000s ]
INFO: [ app_begin ] --START--
INFO: Run Behavior\ReadHtmlCacheBehavior [ RunTime:0.001000s ]
INFO: [ app_begin ] --END-- [ RunTime:0.001000s ]

[ 2018-05-10T19:14:18+08:00 ] ::1 /health/index.php/App/Mining/userRank
INFO: [ app_init ] --START--
INFO: Run Behavior\BuildLiteBehavior [ RunTime:0.000000s ]
INFO: [ app_init ] --END-- [ RunTime:0.001000s ]
INFO: [ app_begin ] --START--
INFO: Run Behavior\ReadHtmlCacheBehavior [ RunTime:0.001000s ]
INFO: [ app_begin ] --END-- [ RunTime:0.001000s ]

[ 2018-05-10T19:16:11+08:00 ] ::1 /health/index.php/App/Index
INFO: [ app_init ] --START--
INFO: Run Behavior\BuildLiteBehavior [ RunTime:0.000000s ]
INFO: [ app_init ] --END-- [ RunTime:0.000000s ]
INFO: [ app_begin ] --START--
INFO: Run Behavior\ReadHtmlCacheBehavior [ RunTime:0.001000s ]
INFO: [ app_begin ] --END-- [ RunTime:0.001000s ]
SQL: SHOW COLUMNS FROM `hl_steps` [ RunTime:0.0140s ]
SQL: SHOW COLUMNS FROM `hl_steps` [ RunTime:0.0130s ]
SQL: SELECT hl_steps.uid,hl_steps.steps,hl_steps.rank,hl_steps.life,hl_user.name as rankname,hl_user.thumbpic as rankpic,hl_steps.createtime,hl_steps.endtime FROM `hl_steps` LEFT JOIN hl_user ON hl_steps.firstuid = hl_user.id  WHERE `uid` = 100008 ORDER BY hl_steps.createtime desc LIMIT 0,15   [ RunTime:0.1720s ]

[ 2018-05-10T19:16:15+08:00 ] ::1 /health/index.php/App/Index
INFO: [ app_init ] --START--
INFO: Run Behavior\BuildLiteBehavior [ RunTime:0.000000s ]
INFO: [ app_init ] --END-- [ RunTime:0.001000s ]
INFO: [ app_begin ] --START--
INFO: Run Behavior\ReadHtmlCacheBehavior [ RunTime:0.002000s ]
INFO: [ app_begin ] --END-- [ RunTime:0.002000s ]
SQL: SHOW COLUMNS FROM `hl_steps` [ RunTime:0.0110s ]
SQL: SHOW COLUMNS FROM `hl_steps` [ RunTime:0.0120s ]
SQL: SELECT hl_steps.uid,hl_steps.steps,hl_steps.rank,hl_steps.life,hl_user.name as rankname,hl_user.thumbpic as rankpic,hl_steps.createtime,hl_steps.endtime FROM `hl_steps` LEFT JOIN hl_user ON hl_steps.firstuid = hl_user.id  WHERE `uid` = 100008 ORDER BY hl_steps.createtime desc LIMIT 0,15   [ RunTime:0.0010s ]

[ 2018-05-10T19:29:55+08:00 ] ::1 /health/index.php/App/Index
INFO: [ app_init ] --START--
INFO: Run Behavior\BuildLiteBehavior [ RunTime:0.000000s ]
INFO: [ app_init ] --END-- [ RunTime:0.001000s ]
INFO: [ app_begin ] --START--
INFO: Run Behavior\ReadHtmlCacheBehavior [ RunTime:0.001000s ]
INFO: [ app_begin ] --END-- [ RunTime:0.001000s ]
INFO: [ app_end ] --START--
INFO: Run Behavior\ShowPageTraceBehavior [ RunTime:0.055003s ]
INFO: [ app_end ] --END-- [ RunTime:0.055003s ]

[ 2018-05-10T19:30:08+08:00 ] ::1 /health/index.php/App/Index/script
INFO: [ app_init ] --START--
INFO: Run Behavior\BuildLiteBehavior [ RunTime:0.000000s ]
INFO: [ app_init ] --END-- [ RunTime:0.001000s ]
INFO: [ app_begin ] --START--
INFO: Run Behavior\ReadHtmlCacheBehavior [ RunTime:0.001000s ]
INFO: [ app_begin ] --END-- [ RunTime:0.001000s ]
SQL: SHOW COLUMNS FROM `hl_steps` [ RunTime:0.0120s ]
SQL: SELECT * FROM `hl_steps` WHERE `createtime` = '2018-04-28 00:00:00' AND `life` > 0 ORDER BY steps desc  [ RunTime:0.0020s ]

[ 2018-05-10T19:30:10+08:00 ] ::1 /health/index.php/App/Index/script
INFO: [ app_init ] --START--
INFO: Run Behavior\BuildLiteBehavior [ RunTime:0.000000s ]
INFO: [ app_init ] --END-- [ RunTime:0.000000s ]
INFO: [ app_begin ] --START--
INFO: Run Behavior\ReadHtmlCacheBehavior [ RunTime:0.001000s ]
INFO: [ app_begin ] --END-- [ RunTime:0.001000s ]
SQL: SHOW COLUMNS FROM `hl_steps` [ RunTime:0.0130s ]
SQL: SELECT * FROM `hl_steps` WHERE `createtime` = '2018-04-28 00:00:00' AND `life` > 0 ORDER BY steps desc  [ RunTime:0.0020s ]

[ 2018-05-10T19:36:02+08:00 ] ::1 /health/index.php/App/Index/script
INFO: [ app_init ] --START--
INFO: Run Behavior\BuildLiteBehavior [ RunTime:0.000000s ]
INFO: [ app_init ] --END-- [ RunTime:0.001000s ]
INFO: [ app_begin ] --START--
INFO: Run Behavior\ReadHtmlCacheBehavior [ RunTime:0.002000s ]
INFO: [ app_begin ] --END-- [ RunTime:0.002000s ]
SQL: SHOW COLUMNS FROM `hl_steps` [ RunTime:0.0120s ]
SQL: SELECT * FROM `hl_steps` WHERE `createtime` = '2018-04-28 00:00:00' AND `life` > 0 ORDER BY steps desc  [ RunTime:0.0010s ]
SQL: UPDATE `hl_steps` SET `rank`='1',`firstuid`='100004',`endtime`='2018-05-10 19:36:02' WHERE `createtime` = '2018-05-10' AND `uid` = 100004 [ RunTime:0.1220s ]
SQL: SHOW COLUMNS FROM `hl_integral` [ RunTime:0.0140s ]
SQL: INSERT INTO `hl_integral` (`uid`,`revenuetype`,`life`,`lis`,`type`,`createtime`) VALUES ('100004','走路挖矿','163.25','16.325','0','2018-05-10 19:36:02') [ RunTime:0.0450s ]
SQL: SHOW COLUMNS FROM `hl_user` [ RunTime:0.0140s ]
SQL: UPDATE `hl_user` SET `lis`=lis+16.325 WHERE `id` = 100004 [ RunTime:0.0090s ]
SQL: UPDATE `hl_user` SET `life`=life+163.25 WHERE `id` = 100004 [ RunTime:0.0010s ]
SQL: UPDATE `hl_steps` SET `rank`='2',`firstuid`='100004',`endtime`='2018-05-10 19:36:02' WHERE `createtime` = '2018-05-10' AND `uid` = 100009 [ RunTime:0.0010s ]
SQL: INSERT INTO `hl_integral` (`uid`,`revenuetype`,`life`,`lis`,`type`,`createtime`) VALUES ('100009','走路挖矿','139.31','13.931','0','2018-05-10 19:36:02') [ RunTime:0.0000s ]
SQL: UPDATE `hl_user` SET `lis`=lis+13.931 WHERE `id` = 100009 [ RunTime:0.0010s ]
SQL: UPDATE `hl_user` SET `life`=life+139.31 WHERE `id` = 100009 [ RunTime:0.0000s ]
INFO: [ app_end ] --START--
INFO: Run Behavior\ShowPageTraceBehavior [ RunTime:0.002000s ]
INFO: [ app_end ] --END-- [ RunTime:0.002000s ]

[ 2018-05-10T19:37:50+08:00 ] ::1 /health/index.php/App/Index/script
INFO: [ app_init ] --START--
INFO: Run Behavior\BuildLiteBehavior [ RunTime:0.000000s ]
INFO: [ app_init ] --END-- [ RunTime:0.001000s ]
INFO: [ app_begin ] --START--
INFO: Run Behavior\ReadHtmlCacheBehavior [ RunTime:0.001000s ]
INFO: [ app_begin ] --END-- [ RunTime:0.001000s ]
SQL: SHOW COLUMNS FROM `hl_steps` [ RunTime:0.0150s ]
SQL: SELECT * FROM `hl_steps` WHERE `createtime` = '2018-04-28 00:00:00' AND `life` > 0 ORDER BY steps desc  [ RunTime:0.0020s ]
SQL: UPDATE `hl_steps` SET `rank`='1',`firstuid`='100004',`endtime`='2018-05-10 19:37:50' WHERE `createtime` = '2018-05-10' AND `uid` = 100004 [ RunTime:0.0010s ]
SQL: SHOW COLUMNS FROM `hl_integral` [ RunTime:0.0130s ]
SQL: INSERT INTO `hl_integral` (`uid`,`revenuetype`,`life`,`lis`,`type`,`createtime`) VALUES ('100004','走路挖矿','163.25','16.325','0','2018-05-10 19:37:50') [ RunTime:0.0020s ]
SQL: SHOW COLUMNS FROM `hl_user` [ RunTime:0.0130s ]
SQL: UPDATE `hl_user` SET `lis`=lis+16.325 WHERE `id` = 100004 [ RunTime:0.0000s ]
SQL: UPDATE `hl_user` SET `life`=life+163.25 WHERE `id` = 100004 [ RunTime:0.0010s ]
SQL: UPDATE `hl_steps` SET `rank`='2',`firstuid`='100004',`endtime`='2018-05-10 19:37:50' WHERE `createtime` = '2018-05-10' AND `uid` = 100009 [ RunTime:0.0000s ]
SQL: INSERT INTO `hl_integral` (`uid`,`revenuetype`,`life`,`lis`,`type`,`createtime`) VALUES ('100009','走路挖矿','139.31','13.931','0','2018-05-10 19:37:50') [ RunTime:0.0000s ]
SQL: UPDATE `hl_user` SET `lis`=lis+13.931 WHERE `id` = 100009 [ RunTime:0.0010s ]
SQL: UPDATE `hl_user` SET `life`=life+139.31 WHERE `id` = 100009 [ RunTime:0.0000s ]
INFO: [ app_end ] --START--
INFO: Run Behavior\ShowPageTraceBehavior [ RunTime:0.002000s ]
INFO: [ app_end ] --END-- [ RunTime:0.002000s ]

[ 2018-05-10T19:37:51+08:00 ] ::1 /health/index.php/App/Index/script
INFO: [ app_init ] --START--
INFO: Run Behavior\BuildLiteBehavior [ RunTime:0.000000s ]
INFO: [ app_init ] --END-- [ RunTime:0.000000s ]
INFO: [ app_begin ] --START--
INFO: Run Behavior\ReadHtmlCacheBehavior [ RunTime:0.003001s ]
INFO: [ app_begin ] --END-- [ RunTime:0.003001s ]
SQL: SHOW COLUMNS FROM `hl_steps` [ RunTime:0.0100s ]
SQL: SELECT * FROM `hl_steps` WHERE `createtime` = '2018-04-28 00:00:00' AND `life` > 0 ORDER BY steps desc  [ RunTime:0.0010s ]
SQL: UPDATE `hl_steps` SET `rank`='1',`firstuid`='100004',`endtime`='2018-05-10 19:37:51' WHERE `createtime` = '2018-05-10' AND `uid` = 100004 [ RunTime:0.0000s ]
SQL: SHOW COLUMNS FROM `hl_integral` [ RunTime:0.0130s ]
SQL: INSERT INTO `hl_integral` (`uid`,`revenuetype`,`life`,`lis`,`type`,`createtime`) VALUES ('100004','走路挖矿','163.25','16.325','0','2018-05-10 19:37:51') [ RunTime:0.0000s ]
SQL: SHOW COLUMNS FROM `hl_user` [ RunTime:0.0120s ]
SQL: UPDATE `hl_user` SET `lis`=lis+16.325 WHERE `id` = 100004 [ RunTime:0.0000s ]
SQL: UPDATE `hl_user` SET `life`=life+163.25 WHERE `id` = 100004 [ RunTime:0.0000s ]
SQL: UPDATE `hl_steps` SET `rank`='2',`firstuid`='100004',`endtime`='2018-05-10 19:37:51' WHERE `createtime` = '2018-05-10' AND `uid` = 100009 [ RunTime:0.0010s ]
SQL: INSERT INTO `hl_integral` (`uid`,`revenuetype`,`life`,`lis`,`type`,`createtime`) VALUES ('100009','走路挖矿','139.31','13.931','0','2018-05-10 19:37:51') [ RunTime:0.0000s ]
SQL: UPDATE `hl_user` SET `lis`=lis+13.931 WHERE `id` = 100009 [ RunTime:0.0010s ]
SQL: UPDATE `hl_user` SET `life`=life+139.31 WHERE `id` = 100009 [ RunTime:0.0010s ]
INFO: [ app_end ] --START--
INFO: Run Behavior\ShowPageTraceBehavior [ RunTime:0.002000s ]
INFO: [ app_end ] --END-- [ RunTime:0.002000s ]

[ 2018-05-10T19:37:51+08:00 ] ::1 /health/index.php/App/Index/script
INFO: [ app_init ] --START--
INFO: Run Behavior\BuildLiteBehavior [ RunTime:0.000000s ]
INFO: [ app_init ] --END-- [ RunTime:0.001000s ]
INFO: [ app_begin ] --START--
INFO: Run Behavior\ReadHtmlCacheBehavior [ RunTime:0.001000s ]
INFO: [ app_begin ] --END-- [ RunTime:0.001000s ]
SQL: SHOW COLUMNS FROM `hl_steps` [ RunTime:0.0130s ]
SQL: SELECT * FROM `hl_steps` WHERE `createtime` = '2018-04-28 00:00:00' AND `life` > 0 ORDER BY steps desc  [ RunTime:0.0000s ]
SQL: UPDATE `hl_steps` SET `rank`='1',`firstuid`='100004',`endtime`='2018-05-10 19:37:51' WHERE `createtime` = '2018-05-10' AND `uid` = 100004 [ RunTime:0.0000s ]
SQL: SHOW COLUMNS FROM `hl_integral` [ RunTime:0.0130s ]
SQL: INSERT INTO `hl_integral` (`uid`,`revenuetype`,`life`,`lis`,`type`,`createtime`) VALUES ('100004','走路挖矿','163.25','16.325','0','2018-05-10 19:37:51') [ RunTime:0.0010s ]
SQL: SHOW COLUMNS FROM `hl_user` [ RunTime:0.0130s ]
SQL: UPDATE `hl_user` SET `lis`=lis+16.325 WHERE `id` = 100004 [ RunTime:0.0010s ]
SQL: UPDATE `hl_user` SET `life`=life+163.25 WHERE `id` = 100004 [ RunTime:0.0010s ]
SQL: UPDATE `hl_steps` SET `rank`='2',`firstuid`='100004',`endtime`='2018-05-10 19:37:51' WHERE `createtime` = '2018-05-10' AND `uid` = 100009 [ RunTime:0.0000s ]
SQL: INSERT INTO `hl_integral` (`uid`,`revenuetype`,`life`,`lis`,`type`,`createtime`) VALUES ('100009','走路挖矿','139.31','13.931','0','2018-05-10 19:37:51') [ RunTime:0.0000s ]
SQL: UPDATE `hl_user` SET `lis`=lis+13.931 WHERE `id` = 100009 [ RunTime:0.0010s ]
SQL: UPDATE `hl_user` SET `life`=life+139.31 WHERE `id` = 100009 [ RunTime:0.0000s ]
INFO: [ app_end ] --START--
INFO: Run Behavior\ShowPageTraceBehavior [ RunTime:0.002001s ]
INFO: [ app_end ] --END-- [ RunTime:0.002001s ]

[ 2018-05-10T19:39:26+08:00 ] ::1 /health/index.php/App/Index/script
INFO: [ app_init ] --START--
INFO: Run Behavior\BuildLiteBehavior [ RunTime:0.000000s ]
INFO: [ app_init ] --END-- [ RunTime:0.000000s ]
INFO: [ app_begin ] --START--
INFO: Run Behavior\ReadHtmlCacheBehavior [ RunTime:0.001000s ]
INFO: [ app_begin ] --END-- [ RunTime:0.001000s ]
SQL: SHOW COLUMNS FROM `hl_steps` [ RunTime:0.0130s ]
SQL: SELECT * FROM `hl_steps` WHERE `createtime` = '2018-04-28 00:00:00' AND `life` > 0 ORDER BY steps desc  [ RunTime:0.0030s ]
SQL: UPDATE `hl_steps` SET `rank`='1',`firstuid`='100004',`endtime`='2018-05-10 19:39:26' WHERE `createtime` = '2018-05-10' AND `uid` = 100004 [ RunTime:0.0040s ]

[ 2018-05-10T19:39:28+08:00 ] ::1 /health/index.php/App/Index/script
INFO: [ app_init ] --START--
INFO: Run Behavior\BuildLiteBehavior [ RunTime:0.001000s ]
INFO: [ app_init ] --END-- [ RunTime:0.001000s ]
INFO: [ app_begin ] --START--
INFO: Run Behavior\ReadHtmlCacheBehavior [ RunTime:0.001000s ]
INFO: [ app_begin ] --END-- [ RunTime:0.001000s ]
SQL: SHOW COLUMNS FROM `hl_steps` [ RunTime:0.0160s ]
SQL: SELECT * FROM `hl_steps` WHERE `createtime` = '2018-04-28 00:00:00' AND `life` > 0 ORDER BY steps desc  [ RunTime:0.0020s ]
SQL: UPDATE `hl_steps` SET `rank`='1',`firstuid`='100004',`endtime`='2018-05-10 19:39:28' WHERE `createtime` = '2018-05-10' AND `uid` = 100004 [ RunTime:0.0010s ]

[ 2018-05-10T19:40:54+08:00 ] ::1 /health/index.php/App/Index/script
INFO: [ app_init ] --START--
INFO: Run Behavior\BuildLiteBehavior [ RunTime:0.000000s ]
INFO: [ app_init ] --END-- [ RunTime:0.000000s ]
INFO: [ app_begin ] --START--
INFO: Run Behavior\ReadHtmlCacheBehavior [ RunTime:0.001000s ]
INFO: [ app_begin ] --END-- [ RunTime:0.001000s ]
SQL: SHOW COLUMNS FROM `hl_steps` [ RunTime:0.0150s ]
SQL: SELECT * FROM `hl_steps` WHERE `createtime` = '2018-04-28 00:00:00' AND `life` > 0 ORDER BY steps desc  [ RunTime:0.0010s ]
SQL: UPDATE `hl_steps` SET `rank`='1',`firstuid`='100004',`endtime`='2018-05-10 19:40:54' WHERE `createtime` = '2018-05-10' AND `uid` = 100004 [ RunTime:0.0010s ]

[ 2018-05-10T19:40:57+08:00 ] ::1 /health/index.php/App/Index/script
INFO: [ app_init ] --START--
INFO: Run Behavior\BuildLiteBehavior [ RunTime:0.000000s ]
INFO: [ app_init ] --END-- [ RunTime:0.000000s ]
INFO: [ app_begin ] --START--
INFO: Run Behavior\ReadHtmlCacheBehavior [ RunTime:0.001000s ]
INFO: [ app_begin ] --END-- [ RunTime:0.001000s ]
SQL: SHOW COLUMNS FROM `hl_steps` [ RunTime:0.0170s ]
SQL: SELECT * FROM `hl_steps` WHERE `createtime` = '2018-04-28 00:00:00' AND `life` > 0 ORDER BY steps desc  [ RunTime:0.0010s ]
SQL: UPDATE `hl_steps` SET `rank`='1',`firstuid`='100004',`endtime`='2018-05-10 19:40:57' WHERE `createtime` = '2018-05-10' AND `uid` = 100004 [ RunTime:0.0000s ]

[ 2018-05-10T19:41:00+08:00 ] ::1 /health/index.php/App/Index/script
INFO: [ app_init ] --START--
INFO: Run Behavior\BuildLiteBehavior [ RunTime:0.000000s ]
INFO: [ app_init ] --END-- [ RunTime:0.009000s ]
INFO: [ app_begin ] --START--
INFO: Run Behavior\ReadHtmlCacheBehavior [ RunTime:0.002000s ]
INFO: [ app_begin ] --END-- [ RunTime:0.002000s ]
SQL: SHOW COLUMNS FROM `hl_steps` [ RunTime:0.0120s ]
SQL: SELECT * FROM `hl_steps` WHERE `createtime` = '2018-04-28 00:00:00' AND `life` > 0 ORDER BY steps desc  [ RunTime:0.0010s ]
SQL: UPDATE `hl_steps` SET `rank`='1',`firstuid`='100004',`endtime`='2018-05-10 19:41:00' WHERE `createtime` = '2018-05-10' AND `uid` = 100004 [ RunTime:0.0010s ]

[ 2018-05-10T19:41:29+08:00 ] ::1 /health/index.php/App/Index/script
INFO: [ app_init ] --START--
INFO: Run Behavior\BuildLiteBehavior [ RunTime:0.000000s ]
INFO: [ app_init ] --END-- [ RunTime:0.000000s ]
INFO: [ app_begin ] --START--
INFO: Run Behavior\ReadHtmlCacheBehavior [ RunTime:0.001000s ]
INFO: [ app_begin ] --END-- [ RunTime:0.001000s ]
SQL: SHOW COLUMNS FROM `hl_steps` [ RunTime:0.0140s ]
SQL: SELECT * FROM `hl_steps` WHERE `createtime` = '2018-04-28 00:00:00' AND `life` > 0 ORDER BY steps desc  [ RunTime:0.0010s ]
SQL: UPDATE `hl_steps` SET `rank`='1',`firstuid`='100004',`endtime`='2018-05-10 19:41:29' WHERE `createtime` = '2018-05-10' AND `uid` = 100004 [ RunTime:0.0000s ]

[ 2018-05-10T19:41:32+08:00 ] ::1 /health/index.php/App/Index/script
INFO: [ app_init ] --START--
INFO: Run Behavior\BuildLiteBehavior [ RunTime:0.000000s ]
INFO: [ app_init ] --END-- [ RunTime:0.001000s ]
INFO: [ app_begin ] --START--
INFO: Run Behavior\ReadHtmlCacheBehavior [ RunTime:0.001000s ]
INFO: [ app_begin ] --END-- [ RunTime:0.001000s ]
SQL: SHOW COLUMNS FROM `hl_steps` [ RunTime:0.0180s ]
SQL: SELECT * FROM `hl_steps` WHERE `createtime` = '2018-04-28 00:00:00' AND `life` > 0 ORDER BY steps desc  [ RunTime:0.0010s ]
SQL: UPDATE `hl_steps` SET `rank`='1',`firstuid`='100004',`endtime`='2018-05-10 19:41:32' WHERE `createtime` = '2018-05-10' AND `uid` = 100004 [ RunTime:0.0010s ]

[ 2018-05-10T19:42:51+08:00 ] ::1 /health/index.php/App/Index/script
INFO: [ app_init ] --START--
INFO: Run Behavior\BuildLiteBehavior [ RunTime:0.000000s ]
INFO: [ app_init ] --END-- [ RunTime:0.001000s ]
INFO: [ app_begin ] --START--
INFO: Run Behavior\ReadHtmlCacheBehavior [ RunTime:0.001000s ]
INFO: [ app_begin ] --END-- [ RunTime:0.001000s ]
SQL: SHOW COLUMNS FROM `hl_steps` [ RunTime:0.0110s ]
SQL: SELECT * FROM `hl_steps` WHERE `createtime` = '2018-04-28 00:00:00' AND `life` > 0 ORDER BY steps desc  [ RunTime:0.0010s ]
SQL: UPDATE `hl_steps` SET `rank`='1',`firstuid`='100008',`endtime`='2018-05-10 19:42:51' WHERE `createtime` = '2018-05-10' AND `uid` = 100008 [ RunTime:0.0010s ]

[ 2018-05-10T19:42:54+08:00 ] ::1 /health/index.php/App/Index/script
INFO: [ app_init ] --START--
INFO: Run Behavior\BuildLiteBehavior [ RunTime:0.000000s ]
INFO: [ app_init ] --END-- [ RunTime:0.001000s ]
INFO: [ app_begin ] --START--
INFO: Run Behavior\ReadHtmlCacheBehavior [ RunTime:0.001000s ]
INFO: [ app_begin ] --END-- [ RunTime:0.001000s ]
SQL: SHOW COLUMNS FROM `hl_steps` [ RunTime:0.0150s ]
SQL: SELECT * FROM `hl_steps` WHERE `createtime` = '2018-04-28 00:00:00' AND `life` > 0 ORDER BY steps desc  [ RunTime:0.0020s ]
SQL: UPDATE `hl_steps` SET `rank`='1',`firstuid`='100008',`endtime`='2018-05-10 19:42:54' WHERE `createtime` = '2018-05-10' AND `uid` = 100008 [ RunTime:0.0020s ]

[ 2018-05-10T19:44:28+08:00 ] ::1 /health/index.php/App/Index/script
INFO: [ app_init ] --START--
INFO: Run Behavior\BuildLiteBehavior [ RunTime:0.000000s ]
INFO: [ app_init ] --END-- [ RunTime:0.000000s ]
INFO: [ app_begin ] --START--
INFO: Run Behavior\ReadHtmlCacheBehavior [ RunTime:0.001000s ]
INFO: [ app_begin ] --END-- [ RunTime:0.001000s ]
SQL: SHOW COLUMNS FROM `hl_steps` [ RunTime:0.0390s ]
SQL: SELECT * FROM `hl_steps` WHERE `createtime` = '2018-04-28 00:00:00' AND `life` > 0 ORDER BY steps desc  [ RunTime:0.0010s ]
SQL: UPDATE `hl_steps` SET `rank`='1',`firstuid`='100008',`endtime`='2018-05-10 19:44:27' WHERE `createtime` = '2018-05-10' AND `uid` = 100008 [ RunTime:0.0010s ]
SQL: SHOW COLUMNS FROM `hl_integral` [ RunTime:0.0150s ]
SQL: INSERT INTO `hl_integral` (`uid`,`revenuetype`,`life`,`lis`,`type`,`createtime`) VALUES ('100008','走路挖矿','500','50','0','2018-05-10 19:44:27') [ RunTime:0.0010s ]
SQL: SHOW COLUMNS FROM `hl_user` [ RunTime:0.0130s ]
SQL: UPDATE `hl_user` SET `lis`=lis+50 WHERE `id` = 100008 [ RunTime:0.0010s ]
SQL: UPDATE `hl_user` SET `life`=life+500 WHERE `id` = 100008 [ RunTime:0.0000s ]
SQL: UPDATE `hl_steps` SET `rank`='2',`firstuid`='100008',`endtime`='2018-05-10 19:44:27' WHERE `createtime` = '2018-05-10' AND `uid` = 100004 [ RunTime:0.0010s ]
SQL: INSERT INTO `hl_integral` (`uid`,`revenuetype`,`life`,`lis`,`type`,`createtime`) VALUES ('100004','走路挖矿','163.25','16.325','0','2018-05-10 19:44:27') [ RunTime:0.0020s ]
SQL: UPDATE `hl_user` SET `lis`=lis+16.325 WHERE `id` = 100004 [ RunTime:0.0010s ]
SQL: UPDATE `hl_user` SET `life`=life+163.25 WHERE `id` = 100004 [ RunTime:0.0010s ]
SQL: UPDATE `hl_steps` SET `rank`='3',`firstuid`='100008',`endtime`='2018-05-10 19:44:28' WHERE `createtime` = '2018-05-10' AND `uid` = 100009 [ RunTime:0.0010s ]
SQL: INSERT INTO `hl_integral` (`uid`,`revenuetype`,`life`,`lis`,`type`,`createtime`) VALUES ('100009','走路挖矿','139.31','13.931','0','2018-05-10 19:44:28') [ RunTime:0.0010s ]
SQL: UPDATE `hl_user` SET `lis`=lis+13.931 WHERE `id` = 100009 [ RunTime:0.0010s ]
SQL: UPDATE `hl_user` SET `life`=life+139.31 WHERE `id` = 100009 [ RunTime:0.0010s ]
SQL: UPDATE `hl_steps` SET `rank`='4',`firstuid`='100008',`endtime`='2018-05-10 19:44:28' WHERE `createtime` = '2018-05-10' AND `uid` = 100011 [ RunTime:0.0000s ]
INFO: [ app_end ] --START--
INFO: Run Behavior\ShowPageTraceBehavior [ RunTime:0.001001s ]
INFO: [ app_end ] --END-- [ RunTime:0.002001s ]

[ 2018-05-10T19:49:28+08:00 ] ::1 /health/index.php/App/Index/script
INFO: [ app_init ] --START--
INFO: Run Behavior\BuildLiteBehavior [ RunTime:0.000000s ]
INFO: [ app_init ] --END-- [ RunTime:0.001000s ]
INFO: [ app_begin ] --START--
INFO: Run Behavior\ReadHtmlCacheBehavior [ RunTime:0.001000s ]
INFO: [ app_begin ] --END-- [ RunTime:0.001000s ]
SQL: SHOW COLUMNS FROM `hl_steps` [ RunTime:0.0120s ]
SQL: SELECT * FROM `hl_steps` WHERE `createtime` = '2018-04-28 00:00:00' AND `life` > 0 ORDER BY steps desc  [ RunTime:0.0010s ]
SQL: UPDATE `hl_steps` SET `rank`='1',`firstuid`='100008',`endtime`='2018-05-10 19:49:28' WHERE `createtime` = '2018-04-28 00'1'0'1'0' AND `uid` = 100008 [ RunTime:0.0010s ]
SQL: SHOW COLUMNS FROM `hl_integral` [ RunTime:0.0130s ]
SQL: INSERT INTO `hl_integral` (`uid`,`revenuetype`,`life`,`lis`,`type`,`createtime`) VALUES ('100008','走路挖矿','500','50','0','2018-05-10 19:49:28') [ RunTime:0.0000s ]
SQL: SHOW COLUMNS FROM `hl_user` [ RunTime:0.0150s ]
SQL: UPDATE `hl_user` SET `lis`=lis+50 WHERE `id` = 100008 [ RunTime:0.0010s ]
SQL: UPDATE `hl_user` SET `life`=life+500 WHERE `id` = 100008 [ RunTime:0.0010s ]
SQL: UPDATE `hl_steps` SET `rank`='2',`firstuid`='100008',`endtime`='2018-05-10 19:49:28' WHERE `createtime` = '2018-04-28 00'2'0'2'0' AND `uid` = 100004 [ RunTime:0.0000s ]
SQL: INSERT INTO `hl_integral` (`uid`,`revenuetype`,`life`,`lis`,`type`,`createtime`) VALUES ('100004','走路挖矿','163.25','16.325','0','2018-05-10 19:49:28') [ RunTime:0.0000s ]
SQL: UPDATE `hl_user` SET `lis`=lis+16.325 WHERE `id` = 100004 [ RunTime:0.0010s ]
SQL: UPDATE `hl_user` SET `life`=life+163.25 WHERE `id` = 100004 [ RunTime:0.0000s ]
SQL: UPDATE `hl_steps` SET `rank`='3',`firstuid`='100008',`endtime`='2018-05-10 19:49:28' WHERE `createtime` = '2018-04-28 00'3'0'3'0' AND `uid` = 100009 [ RunTime:0.0000s ]
SQL: INSERT INTO `hl_integral` (`uid`,`revenuetype`,`life`,`lis`,`type`,`createtime`) VALUES ('100009','走路挖矿','139.31','13.931','0','2018-05-10 19:49:28') [ RunTime:0.0010s ]
SQL: UPDATE `hl_user` SET `lis`=lis+13.931 WHERE `id` = 100009 [ RunTime:0.0000s ]
SQL: UPDATE `hl_user` SET `life`=life+139.31 WHERE `id` = 100009 [ RunTime:0.0010s ]
SQL: UPDATE `hl_steps` SET `rank`='4',`firstuid`='100008',`endtime`='2018-05-10 19:49:28' WHERE `createtime` = '2018-04-28 00'4'0'4'0' AND `uid` = 100011 [ RunTime:0.0010s ]
INFO: [ app_end ] --START--
INFO: Run Behavior\ShowPageTraceBehavior [ RunTime:0.001000s ]
INFO: [ app_end ] --END-- [ RunTime:0.001000s ]

[ 2018-05-10T19:49:30+08:00 ] ::1 /health/index.php/App/Index/script
INFO: [ app_init ] --START--
INFO: Run Behavior\BuildLiteBehavior [ RunTime:0.001000s ]
INFO: [ app_init ] --END-- [ RunTime:0.001000s ]
INFO: [ app_begin ] --START--
INFO: Run Behavior\ReadHtmlCacheBehavior [ RunTime:0.001000s ]
INFO: [ app_begin ] --END-- [ RunTime:0.001000s ]
SQL: SHOW COLUMNS FROM `hl_steps` [ RunTime:0.0110s ]
SQL: SELECT * FROM `hl_steps` WHERE `createtime` = '2018-04-28 00:00:00' AND `life` > 0 ORDER BY steps desc  [ RunTime:0.0010s ]
SQL: UPDATE `hl_steps` SET `rank`='1',`firstuid`='100008',`endtime`='2018-05-10 19:49:30' WHERE `createtime` = '2018-04-28 00'1'0'1'0' AND `uid` = 100008 [ RunTime:0.0000s ]
SQL: SHOW COLUMNS FROM `hl_integral` [ RunTime:0.0120s ]
SQL: INSERT INTO `hl_integral` (`uid`,`revenuetype`,`life`,`lis`,`type`,`createtime`) VALUES ('100008','走路挖矿','500','50','0','2018-05-10 19:49:30') [ RunTime:0.0010s ]
SQL: SHOW COLUMNS FROM `hl_user` [ RunTime:0.0130s ]
SQL: UPDATE `hl_user` SET `lis`=lis+50 WHERE `id` = 100008 [ RunTime:0.0010s ]
SQL: UPDATE `hl_user` SET `life`=life+500 WHERE `id` = 100008 [ RunTime:0.0000s ]
SQL: UPDATE `hl_steps` SET `rank`='2',`firstuid`='100008',`endtime`='2018-05-10 19:49:30' WHERE `createtime` = '2018-04-28 00'2'0'2'0' AND `uid` = 100004 [ RunTime:0.0000s ]
SQL: INSERT INTO `hl_integral` (`uid`,`revenuetype`,`life`,`lis`,`type`,`createtime`) VALUES ('100004','走路挖矿','163.25','16.325','0','2018-05-10 19:49:30') [ RunTime:0.0000s ]
SQL: UPDATE `hl_user` SET `lis`=lis+16.325 WHERE `id` = 100004 [ RunTime:0.0010s ]
SQL: UPDATE `hl_user` SET `life`=life+163.25 WHERE `id` = 100004 [ RunTime:0.0000s ]
SQL: UPDATE `hl_steps` SET `rank`='3',`firstuid`='100008',`endtime`='2018-05-10 19:49:30' WHERE `createtime` = '2018-04-28 00'3'0'3'0' AND `uid` = 100009 [ RunTime:0.0010s ]
SQL: INSERT INTO `hl_integral` (`uid`,`revenuetype`,`life`,`lis`,`type`,`createtime`) VALUES ('100009','走路挖矿','139.31','13.931','0','2018-05-10 19:49:30') [ RunTime:0.0010s ]
SQL: UPDATE `hl_user` SET `lis`=lis+13.931 WHERE `id` = 100009 [ RunTime:0.0000s ]
SQL: UPDATE `hl_user` SET `life`=life+139.31 WHERE `id` = 100009 [ RunTime:0.0010s ]
SQL: UPDATE `hl_steps` SET `rank`='4',`firstuid`='100008',`endtime`='2018-05-10 19:49:30' WHERE `createtime` = '2018-04-28 00'4'0'4'0' AND `uid` = 100011 [ RunTime:0.0010s ]
INFO: [ app_end ] --START--
INFO: Run Behavior\ShowPageTraceBehavior [ RunTime:0.001000s ]
INFO: [ app_end ] --END-- [ RunTime:0.001000s ]

[ 2018-05-10T19:50:45+08:00 ] ::1 /health/index.php/App/Index/script
INFO: [ app_init ] --START--
INFO: Run Behavior\BuildLiteBehavior [ RunTime:0.000000s ]
INFO: [ app_init ] --END-- [ RunTime:0.000000s ]
INFO: [ app_begin ] --START--
INFO: Run Behavior\ReadHtmlCacheBehavior [ RunTime:0.001000s ]
INFO: [ app_begin ] --END-- [ RunTime:0.001000s ]
SQL: SHOW COLUMNS FROM `hl_steps` [ RunTime:0.0160s ]
SQL: SELECT * FROM `hl_steps` WHERE `createtime` = '2018-04-28 00:00:00' AND `life` > 0 ORDER BY steps desc  [ RunTime:0.0010s ]
SQL: UPDATE `hl_steps` SET `rank`='1',`firstuid`='100004',`endtime`='2018-05-10 19:50:45' WHERE `createtime` = '2018-04-28 00'1'0'1'0' AND `uid` = 100004 [ RunTime:0.0000s ]
SQL: SHOW COLUMNS FROM `hl_integral` [ RunTime:0.0130s ]
SQL: INSERT INTO `hl_integral` (`uid`,`revenuetype`,`life`,`lis`,`type`,`createtime`) VALUES ('100004','走路挖矿','163.25','16.325','0','2018-05-10 19:50:45') [ RunTime:0.0000s ]
SQL: SHOW COLUMNS FROM `hl_user` [ RunTime:0.0130s ]
SQL: UPDATE `hl_user` SET `lis`=lis+16.325 WHERE `id` = 100004 [ RunTime:0.0010s ]
SQL: UPDATE `hl_user` SET `life`=life+163.25 WHERE `id` = 100004 [ RunTime:0.0000s ]
SQL: UPDATE `hl_steps` SET `rank`='2',`firstuid`='100004',`endtime`='2018-05-10 19:50:45' WHERE `createtime` = '2018-04-28 00'2'0'2'0' AND `uid` = 100009 [ RunTime:0.0000s ]
SQL: INSERT INTO `hl_integral` (`uid`,`revenuetype`,`life`,`lis`,`type`,`createtime`) VALUES ('100009','走路挖矿','139.31','13.931','0','2018-05-10 19:50:45') [ RunTime:0.0000s ]
SQL: UPDATE `hl_user` SET `lis`=lis+13.931 WHERE `id` = 100009 [ RunTime:0.0010s ]
SQL: UPDATE `hl_user` SET `life`=life+139.31 WHERE `id` = 100009 [ RunTime:0.0000s ]
SQL: UPDATE `hl_steps` SET `rank`='3',`firstuid`='100004',`endtime`='2018-05-10 19:50:45' WHERE `createtime` = '2018-04-28 00'3'0'3'0' AND `uid` = 100011 [ RunTime:0.0010s ]
SQL: UPDATE `hl_steps` SET `rank`='4',`firstuid`='100004',`endtime`='2018-05-10 19:50:45' WHERE `createtime` = '2018-04-28 00'4'0'4'0' AND `uid` = 100008 [ RunTime:0.0010s ]
INFO: [ app_end ] --START--
INFO: Run Behavior\ShowPageTraceBehavior [ RunTime:0.001000s ]
INFO: [ app_end ] --END-- [ RunTime:0.001000s ]

[ 2018-05-10T19:52:33+08:00 ] ::1 /health/index.php/App/Index/script
INFO: [ app_init ] --START--
INFO: Run Behavior\BuildLiteBehavior [ RunTime:0.000000s ]
INFO: [ app_init ] --END-- [ RunTime:0.000000s ]
INFO: [ app_begin ] --START--
INFO: Run Behavior\ReadHtmlCacheBehavior [ RunTime:0.001000s ]
INFO: [ app_begin ] --END-- [ RunTime:0.001000s ]
SQL: SHOW COLUMNS FROM `hl_steps` [ RunTime:0.0130s ]
SQL: SELECT * FROM `hl_steps` WHERE `createtime` = '2018-04-28 00:00:00' AND `life` > 0 ORDER BY steps desc  [ RunTime:0.0010s ]
SQL: UPDATE `hl_steps` SET `rank`='1',`firstuid`='100004',`endtime`='2018-05-10 19:52:33' WHERE `createtime` = '2018-04-28 00'1'0'1'0' AND `uid` = 100004 [ RunTime:0.0010s ]
SQL: SHOW COLUMNS FROM `hl_integral` [ RunTime:0.0130s ]
SQL: INSERT INTO `hl_integral` (`uid`,`revenuetype`,`life`,`lis`,`type`,`createtime`) VALUES ('100004','走路挖矿','163.25','16.325','0','2018-05-10 19:52:33') [ RunTime:0.0010s ]
SQL: SHOW COLUMNS FROM `hl_user` [ RunTime:0.0140s ]
SQL: UPDATE `hl_user` SET `lis`=lis+16.325 WHERE `id` = 100004 [ RunTime:0.0010s ]
SQL: UPDATE `hl_user` SET `life`=life+163.25 WHERE `id` = 100004 [ RunTime:0.0010s ]
SQL: UPDATE `hl_steps` SET `rank`='2',`firstuid`='100004',`endtime`='2018-05-10 19:52:33' WHERE `createtime` = '2018-04-28 00'2'0'2'0' AND `uid` = 100009 [ RunTime:0.0000s ]
SQL: INSERT INTO `hl_integral` (`uid`,`revenuetype`,`life`,`lis`,`type`,`createtime`) VALUES ('100009','走路挖矿','139.31','13.931','0','2018-05-10 19:52:33') [ RunTime:0.0000s ]
SQL: UPDATE `hl_user` SET `lis`=lis+13.931 WHERE `id` = 100009 [ RunTime:0.0010s ]
SQL: UPDATE `hl_user` SET `life`=life+139.31 WHERE `id` = 100009 [ RunTime:0.0000s ]
SQL: UPDATE `hl_steps` SET `rank`='3',`firstuid`='100004',`endtime`='2018-05-10 19:52:33' WHERE `createtime` = '2018-04-28 00'3'0'3'0' AND `uid` = 100011 [ RunTime:0.0010s ]
SQL: UPDATE `hl_steps` SET `rank`='4',`firstuid`='100004',`endtime`='2018-05-10 19:52:33' WHERE `createtime` = '2018-04-28 00'4'0'4'0' AND `uid` = 100008 [ RunTime:0.0010s ]
INFO: [ app_end ] --START--
INFO: Run Behavior\ShowPageTraceBehavior [ RunTime:0.001000s ]
INFO: [ app_end ] --END-- [ RunTime:0.001000s ]

