[ 2018-05-17T13:12:02+08:00 ] ::1 /health/index.php/App/Index/script
INFO: [ app_init ] --START--
INFO: Run Behavior\BuildLiteBehavior [ RunTime:0.000000s ]
INFO: [ app_init ] --END-- [ RunTime:0.026002s ]
INFO: [ app_begin ] --START--
INFO: Run Behavior\ReadHtmlCacheBehavior [ RunTime:0.006001s ]
INFO: [ app_begin ] --END-- [ RunTime:0.006001s ]
SQL: SHOW COLUMNS FROM `hl_steps` [ RunTime:0.0280s ]
SQL: SELECT * FROM `hl_steps` WHERE `createtime` = '2018-05-17' AND `life` > 0 ORDER BY steps desc  [ RunTime:0.0010s ]

[ 2018-05-17T13:12:45+08:00 ] ::1 /health/index.php/App/Index/script
INFO: [ app_init ] --START--
INFO: Run Behavior\BuildLiteBehavior [ RunTime:0.000000s ]
INFO: [ app_init ] --END-- [ RunTime:0.001000s ]
INFO: [ app_begin ] --START--
INFO: Run Behavior\ReadHtmlCacheBehavior [ RunTime:0.001000s ]
INFO: [ app_begin ] --END-- [ RunTime:0.001000s ]
SQL: SHOW COLUMNS FROM `hl_steps` [ RunTime:0.0220s ]
SQL: SELECT * FROM `hl_steps` WHERE `createtime` = '2018-05-17' AND `life` > 0 ORDER BY steps desc  [ RunTime:0.0010s ]
INFO: [ app_end ] --START--
INFO: Run Behavior\ShowPageTraceBehavior [ RunTime:0.010001s ]
INFO: [ app_end ] --END-- [ RunTime:0.010001s ]

[ 2018-05-17T13:15:02+08:00 ] ::1 /health/index.php/App/Index/script
INFO: [ app_init ] --START--
INFO: Run Behavior\BuildLiteBehavior [ RunTime:0.000000s ]
INFO: [ app_init ] --END-- [ RunTime:0.001000s ]
INFO: [ app_begin ] --START--
INFO: Run Behavior\ReadHtmlCacheBehavior [ RunTime:0.001000s ]
INFO: [ app_begin ] --END-- [ RunTime:0.001000s ]
SQL: SHOW COLUMNS FROM `hl_steps` [ RunTime:0.0170s ]
SQL: SELECT * FROM `hl_steps` WHERE `createtime` = '2018-05-01' AND `life` > 0 ORDER BY steps desc  [ RunTime:0.0010s ]
SQL: UPDATE `hl_steps` SET `rank`='1',`firstuid`='100009',`endtime`='2018-05-17 13:15:02' WHERE `createtime` = '2018-05-17' AND `uid` = 100009 [ RunTime:0.0010s ]
SQL: SHOW COLUMNS FROM `hl_integral` [ RunTime:0.0200s ]
SQL: INSERT INTO `hl_integral` (`uid`,`revenuetype`,`life`,`lis`,`type`,`createtime`) VALUES ('100009','走路挖矿','430.77','33.077','0','2018-05-17 13:15:02') [ RunTime:0.0490s ]
SQL: SHOW COLUMNS FROM `hl_user` [ RunTime:0.0230s ]
SQL: UPDATE `hl_user` SET `lis`=lis+33.077 WHERE `id` = 100009 [ RunTime:0.0060s ]
SQL: UPDATE `hl_user` SET `life`=life+330.77 WHERE `id` = 100009 [ RunTime:0.0010s ]
SQL: UPDATE `hl_steps` SET `rank`='2',`firstuid`='100009',`endtime`='2018-05-17 13:15:02' WHERE `createtime` = '2018-05-17' AND `uid` = 100010 [ RunTime:0.0000s ]
SQL: INSERT INTO `hl_integral` (`uid`,`revenuetype`,`life`,`lis`,`type`,`createtime`) VALUES ('100010','走路挖矿','83.42','8.342','0','2018-05-17 13:15:02') [ RunTime:0.0010s ]
SQL: UPDATE `hl_user` SET `lis`=lis+8.342 WHERE `id` = 100010 [ RunTime:0.0000s ]
SQL: UPDATE `hl_user` SET `life`=life+83.42 WHERE `id` = 100010 [ RunTime:0.0010s ]
INFO: [ app_end ] --START--
INFO: Run Behavior\ShowPageTraceBehavior [ RunTime:0.001000s ]
INFO: [ app_end ] --END-- [ RunTime:0.001000s ]

[ 2018-05-17T13:15:04+08:00 ] ::1 /health/index.php/App/Index/script
INFO: [ app_init ] --START--
INFO: Run Behavior\BuildLiteBehavior [ RunTime:0.000000s ]
INFO: [ app_init ] --END-- [ RunTime:0.000000s ]
INFO: [ app_begin ] --START--
INFO: Run Behavior\ReadHtmlCacheBehavior [ RunTime:0.001000s ]
INFO: [ app_begin ] --END-- [ RunTime:0.001000s ]
SQL: SHOW COLUMNS FROM `hl_steps` [ RunTime:0.0180s ]
SQL: SELECT * FROM `hl_steps` WHERE `createtime` = '2018-05-01' AND `life` > 0 ORDER BY steps desc  [ RunTime:0.0010s ]
SQL: UPDATE `hl_steps` SET `rank`='1',`firstuid`='100009',`endtime`='2018-05-17 13:15:04' WHERE `createtime` = '2018-05-17' AND `uid` = 100009 [ RunTime:0.0010s ]
SQL: SHOW COLUMNS FROM `hl_integral` [ RunTime:0.0220s ]
SQL: INSERT INTO `hl_integral` (`uid`,`revenuetype`,`life`,`lis`,`type`,`createtime`) VALUES ('100009','走路挖矿','430.77','33.077','0','2018-05-17 13:15:04') [ RunTime:0.0010s ]
SQL: SHOW COLUMNS FROM `hl_user` [ RunTime:0.0190s ]
SQL: UPDATE `hl_user` SET `lis`=lis+33.077 WHERE `id` = 100009 [ RunTime:0.0010s ]
SQL: UPDATE `hl_user` SET `life`=life+330.77 WHERE `id` = 100009 [ RunTime:0.0000s ]
SQL: UPDATE `hl_steps` SET `rank`='2',`firstuid`='100009',`endtime`='2018-05-17 13:15:04' WHERE `createtime` = '2018-05-17' AND `uid` = 100010 [ RunTime:0.0010s ]
SQL: INSERT INTO `hl_integral` (`uid`,`revenuetype`,`life`,`lis`,`type`,`createtime`) VALUES ('100010','走路挖矿','83.42','8.342','0','2018-05-17 13:15:04') [ RunTime:0.0000s ]
SQL: UPDATE `hl_user` SET `lis`=lis+8.342 WHERE `id` = 100010 [ RunTime:0.0010s ]
SQL: UPDATE `hl_user` SET `life`=life+83.42 WHERE `id` = 100010 [ RunTime:0.0000s ]
INFO: [ app_end ] --START--
INFO: Run Behavior\ShowPageTraceBehavior [ RunTime:0.002000s ]
INFO: [ app_end ] --END-- [ RunTime:0.002000s ]

[ 2018-05-17T13:15:37+08:00 ] ::1 /health/index.php/App/Index/script
INFO: [ app_init ] --START--
INFO: Run Behavior\BuildLiteBehavior [ RunTime:0.000000s ]
INFO: [ app_init ] --END-- [ RunTime:0.001000s ]
INFO: [ app_begin ] --START--
INFO: Run Behavior\ReadHtmlCacheBehavior [ RunTime:0.001000s ]
INFO: [ app_begin ] --END-- [ RunTime:0.001000s ]
SQL: SHOW COLUMNS FROM `hl_steps` [ RunTime:0.0210s ]
SQL: SELECT * FROM `hl_steps` WHERE `createtime` = '2018-05-01 00:00:00' AND `life` > 0 ORDER BY steps desc  [ RunTime:0.0010s ]
SQL: UPDATE `hl_steps` SET `rank`='1',`firstuid`='100009',`endtime`='2018-05-17 13:15:37' WHERE `createtime` = '2018-05-17' AND `uid` = 100009 [ RunTime:0.0000s ]
SQL: SHOW COLUMNS FROM `hl_integral` [ RunTime:0.0210s ]
SQL: INSERT INTO `hl_integral` (`uid`,`revenuetype`,`life`,`lis`,`type`,`createtime`) VALUES ('100009','走路挖矿','430.77','33.077','0','2018-05-17 13:15:37') [ RunTime:0.0010s ]
SQL: SHOW COLUMNS FROM `hl_user` [ RunTime:0.0220s ]
SQL: UPDATE `hl_user` SET `lis`=lis+33.077 WHERE `id` = 100009 [ RunTime:0.0010s ]
SQL: UPDATE `hl_user` SET `life`=life+330.77 WHERE `id` = 100009 [ RunTime:0.0000s ]
SQL: UPDATE `hl_steps` SET `rank`='2',`firstuid`='100009',`endtime`='2018-05-17 13:15:37' WHERE `createtime` = '2018-05-17' AND `uid` = 100010 [ RunTime:0.0010s ]
SQL: INSERT INTO `hl_integral` (`uid`,`revenuetype`,`life`,`lis`,`type`,`createtime`) VALUES ('100010','走路挖矿','83.42','8.342','0','2018-05-17 13:15:37') [ RunTime:0.0000s ]
SQL: UPDATE `hl_user` SET `lis`=lis+8.342 WHERE `id` = 100010 [ RunTime:0.0010s ]
SQL: UPDATE `hl_user` SET `life`=life+83.42 WHERE `id` = 100010 [ RunTime:0.0010s ]
INFO: [ app_end ] --START--
INFO: Run Behavior\ShowPageTraceBehavior [ RunTime:0.001000s ]
INFO: [ app_end ] --END-- [ RunTime:0.001000s ]

[ 2018-05-17T13:15:38+08:00 ] ::1 /health/index.php/App/Index/script
INFO: [ app_init ] --START--
INFO: Run Behavior\BuildLiteBehavior [ RunTime:0.000000s ]
INFO: [ app_init ] --END-- [ RunTime:0.001000s ]
INFO: [ app_begin ] --START--
INFO: Run Behavior\ReadHtmlCacheBehavior [ RunTime:0.001000s ]
INFO: [ app_begin ] --END-- [ RunTime:0.001000s ]
SQL: SHOW COLUMNS FROM `hl_steps` [ RunTime:0.0200s ]
SQL: SELECT * FROM `hl_steps` WHERE `createtime` = '2018-05-01 00:00:00' AND `life` > 0 ORDER BY steps desc  [ RunTime:0.0010s ]
SQL: UPDATE `hl_steps` SET `rank`='1',`firstuid`='100009',`endtime`='2018-05-17 13:15:38' WHERE `createtime` = '2018-05-17' AND `uid` = 100009 [ RunTime:0.0000s ]
SQL: SHOW COLUMNS FROM `hl_integral` [ RunTime:0.0200s ]
SQL: INSERT INTO `hl_integral` (`uid`,`revenuetype`,`life`,`lis`,`type`,`createtime`) VALUES ('100009','走路挖矿','430.77','33.077','0','2018-05-17 13:15:38') [ RunTime:0.0010s ]
SQL: SHOW COLUMNS FROM `hl_user` [ RunTime:0.0220s ]
SQL: UPDATE `hl_user` SET `lis`=lis+33.077 WHERE `id` = 100009 [ RunTime:0.0010s ]
SQL: UPDATE `hl_user` SET `life`=life+330.77 WHERE `id` = 100009 [ RunTime:0.0010s ]
SQL: UPDATE `hl_steps` SET `rank`='2',`firstuid`='100009',`endtime`='2018-05-17 13:15:38' WHERE `createtime` = '2018-05-17' AND `uid` = 100010 [ RunTime:0.0000s ]
SQL: INSERT INTO `hl_integral` (`uid`,`revenuetype`,`life`,`lis`,`type`,`createtime`) VALUES ('100010','走路挖矿','83.42','8.342','0','2018-05-17 13:15:38') [ RunTime:0.0010s ]
SQL: UPDATE `hl_user` SET `lis`=lis+8.342 WHERE `id` = 100010 [ RunTime:0.0010s ]
SQL: UPDATE `hl_user` SET `life`=life+83.42 WHERE `id` = 100010 [ RunTime:0.0000s ]
INFO: [ app_end ] --START--
INFO: Run Behavior\ShowPageTraceBehavior [ RunTime:0.001000s ]
INFO: [ app_end ] --END-- [ RunTime:0.002000s ]

[ 2018-05-17T13:15:39+08:00 ] ::1 /health/index.php/App/Index/script
INFO: [ app_init ] --START--
INFO: Run Behavior\BuildLiteBehavior [ RunTime:0.000000s ]
INFO: [ app_init ] --END-- [ RunTime:0.000000s ]
INFO: [ app_begin ] --START--
INFO: Run Behavior\ReadHtmlCacheBehavior [ RunTime:0.001000s ]
INFO: [ app_begin ] --END-- [ RunTime:0.002000s ]
SQL: SHOW COLUMNS FROM `hl_steps` [ RunTime:0.0220s ]
SQL: SELECT * FROM `hl_steps` WHERE `createtime` = '2018-05-01 00:00:00' AND `life` > 0 ORDER BY steps desc  [ RunTime:0.0010s ]
SQL: UPDATE `hl_steps` SET `rank`='1',`firstuid`='100009',`endtime`='2018-05-17 13:15:38' WHERE `createtime` = '2018-05-17' AND `uid` = 100009 [ RunTime:0.0010s ]
SQL: SHOW COLUMNS FROM `hl_integral` [ RunTime:0.0210s ]
SQL: INSERT INTO `hl_integral` (`uid`,`revenuetype`,`life`,`lis`,`type`,`createtime`) VALUES ('100009','走路挖矿','430.77','33.077','0','2018-05-17 13:15:38') [ RunTime:0.0010s ]
SQL: SHOW COLUMNS FROM `hl_user` [ RunTime:0.0200s ]
SQL: UPDATE `hl_user` SET `lis`=lis+33.077 WHERE `id` = 100009 [ RunTime:0.0000s ]
SQL: UPDATE `hl_user` SET `life`=life+330.77 WHERE `id` = 100009 [ RunTime:0.0010s ]
SQL: UPDATE `hl_steps` SET `rank`='2',`firstuid`='100009',`endtime`='2018-05-17 13:15:39' WHERE `createtime` = '2018-05-17' AND `uid` = 100010 [ RunTime:0.0000s ]
SQL: INSERT INTO `hl_integral` (`uid`,`revenuetype`,`life`,`lis`,`type`,`createtime`) VALUES ('100010','走路挖矿','83.42','8.342','0','2018-05-17 13:15:39') [ RunTime:0.0000s ]
SQL: UPDATE `hl_user` SET `lis`=lis+8.342 WHERE `id` = 100010 [ RunTime:0.0010s ]
SQL: UPDATE `hl_user` SET `life`=life+83.42 WHERE `id` = 100010 [ RunTime:0.0000s ]
INFO: [ app_end ] --START--
INFO: Run Behavior\ShowPageTraceBehavior [ RunTime:0.002000s ]
INFO: [ app_end ] --END-- [ RunTime:0.002000s ]

[ 2018-05-17T13:15:39+08:00 ] ::1 /health/index.php/App/Index/script
INFO: [ app_init ] --START--
INFO: Run Behavior\BuildLiteBehavior [ RunTime:0.000000s ]
INFO: [ app_init ] --END-- [ RunTime:0.001000s ]
INFO: [ app_begin ] --START--
INFO: Run Behavior\ReadHtmlCacheBehavior [ RunTime:0.002000s ]
INFO: [ app_begin ] --END-- [ RunTime:0.002000s ]
SQL: SHOW COLUMNS FROM `hl_steps` [ RunTime:0.0210s ]
SQL: SELECT * FROM `hl_steps` WHERE `createtime` = '2018-05-01 00:00:00' AND `life` > 0 ORDER BY steps desc  [ RunTime:0.0010s ]
SQL: UPDATE `hl_steps` SET `rank`='1',`firstuid`='100009',`endtime`='2018-05-17 13:15:39' WHERE `createtime` = '2018-05-17' AND `uid` = 100009 [ RunTime:0.0000s ]
SQL: SHOW COLUMNS FROM `hl_integral` [ RunTime:0.0200s ]
SQL: INSERT INTO `hl_integral` (`uid`,`revenuetype`,`life`,`lis`,`type`,`createtime`) VALUES ('100009','走路挖矿','430.77','33.077','0','2018-05-17 13:15:39') [ RunTime:0.0000s ]
SQL: SHOW COLUMNS FROM `hl_user` [ RunTime:0.0210s ]
SQL: UPDATE `hl_user` SET `lis`=lis+33.077 WHERE `id` = 100009 [ RunTime:0.0000s ]
SQL: UPDATE `hl_user` SET `life`=life+330.77 WHERE `id` = 100009 [ RunTime:0.0010s ]
SQL: UPDATE `hl_steps` SET `rank`='2',`firstuid`='100009',`endtime`='2018-05-17 13:15:39' WHERE `createtime` = '2018-05-17' AND `uid` = 100010 [ RunTime:0.0000s ]
SQL: INSERT INTO `hl_integral` (`uid`,`revenuetype`,`life`,`lis`,`type`,`createtime`) VALUES ('100010','走路挖矿','83.42','8.342','0','2018-05-17 13:15:39') [ RunTime:0.0000s ]
SQL: UPDATE `hl_user` SET `lis`=lis+8.342 WHERE `id` = 100010 [ RunTime:0.0010s ]
SQL: UPDATE `hl_user` SET `life`=life+83.42 WHERE `id` = 100010 [ RunTime:0.0000s ]
INFO: [ app_end ] --START--
INFO: Run Behavior\ShowPageTraceBehavior [ RunTime:0.001001s ]
INFO: [ app_end ] --END-- [ RunTime:0.001001s ]

[ 2018-05-17T13:15:39+08:00 ] ::1 /health/index.php/App/Index/script
INFO: [ app_init ] --START--
INFO: Run Behavior\BuildLiteBehavior [ RunTime:0.000000s ]
INFO: [ app_init ] --END-- [ RunTime:0.001000s ]
INFO: [ app_begin ] --START--
INFO: Run Behavior\ReadHtmlCacheBehavior [ RunTime:0.001000s ]
INFO: [ app_begin ] --END-- [ RunTime:0.001000s ]
SQL: SHOW COLUMNS FROM `hl_steps` [ RunTime:0.0190s ]
SQL: SELECT * FROM `hl_steps` WHERE `createtime` = '2018-05-01 00:00:00' AND `life` > 0 ORDER BY steps desc  [ RunTime:0.0010s ]
SQL: UPDATE `hl_steps` SET `rank`='1',`firstuid`='100009',`endtime`='2018-05-17 13:15:39' WHERE `createtime` = '2018-05-17' AND `uid` = 100009 [ RunTime:0.0010s ]
SQL: SHOW COLUMNS FROM `hl_integral` [ RunTime:0.0210s ]
SQL: INSERT INTO `hl_integral` (`uid`,`revenuetype`,`life`,`lis`,`type`,`createtime`) VALUES ('100009','走路挖矿','430.77','33.077','0','2018-05-17 13:15:39') [ RunTime:0.0010s ]
SQL: SHOW COLUMNS FROM `hl_user` [ RunTime:0.0220s ]
SQL: UPDATE `hl_user` SET `lis`=lis+33.077 WHERE `id` = 100009 [ RunTime:0.0010s ]
SQL: UPDATE `hl_user` SET `life`=life+330.77 WHERE `id` = 100009 [ RunTime:0.0010s ]
SQL: UPDATE `hl_steps` SET `rank`='2',`firstuid`='100009',`endtime`='2018-05-17 13:15:39' WHERE `createtime` = '2018-05-17' AND `uid` = 100010 [ RunTime:0.0000s ]
SQL: INSERT INTO `hl_integral` (`uid`,`revenuetype`,`life`,`lis`,`type`,`createtime`) VALUES ('100010','走路挖矿','83.42','8.342','0','2018-05-17 13:15:39') [ RunTime:0.0010s ]
SQL: UPDATE `hl_user` SET `lis`=lis+8.342 WHERE `id` = 100010 [ RunTime:0.0000s ]
SQL: UPDATE `hl_user` SET `life`=life+83.42 WHERE `id` = 100010 [ RunTime:0.0010s ]
INFO: [ app_end ] --START--
INFO: Run Behavior\ShowPageTraceBehavior [ RunTime:0.001000s ]
INFO: [ app_end ] --END-- [ RunTime:0.001000s ]

[ 2018-05-17T13:15:39+08:00 ] ::1 /health/index.php/App/Index/script
INFO: [ app_init ] --START--
INFO: Run Behavior\BuildLiteBehavior [ RunTime:0.000000s ]
INFO: [ app_init ] --END-- [ RunTime:0.000000s ]
INFO: [ app_begin ] --START--
INFO: Run Behavior\ReadHtmlCacheBehavior [ RunTime:0.001000s ]
INFO: [ app_begin ] --END-- [ RunTime:0.002000s ]
SQL: SHOW COLUMNS FROM `hl_steps` [ RunTime:0.0220s ]
SQL: SELECT * FROM `hl_steps` WHERE `createtime` = '2018-05-01 00:00:00' AND `life` > 0 ORDER BY steps desc  [ RunTime:0.0010s ]
SQL: UPDATE `hl_steps` SET `rank`='1',`firstuid`='100009',`endtime`='2018-05-17 13:15:39' WHERE `createtime` = '2018-05-17' AND `uid` = 100009 [ RunTime:0.0010s ]
SQL: SHOW COLUMNS FROM `hl_integral` [ RunTime:0.0230s ]
SQL: INSERT INTO `hl_integral` (`uid`,`revenuetype`,`life`,`lis`,`type`,`createtime`) VALUES ('100009','走路挖矿','430.77','33.077','0','2018-05-17 13:15:39') [ RunTime:0.0000s ]
SQL: SHOW COLUMNS FROM `hl_user` [ RunTime:0.0250s ]
SQL: UPDATE `hl_user` SET `lis`=lis+33.077 WHERE `id` = 100009 [ RunTime:0.0000s ]
SQL: UPDATE `hl_user` SET `life`=life+330.77 WHERE `id` = 100009 [ RunTime:0.0010s ]
SQL: UPDATE `hl_steps` SET `rank`='2',`firstuid`='100009',`endtime`='2018-05-17 13:15:39' WHERE `createtime` = '2018-05-17' AND `uid` = 100010 [ RunTime:0.0000s ]
SQL: INSERT INTO `hl_integral` (`uid`,`revenuetype`,`life`,`lis`,`type`,`createtime`) VALUES ('100010','走路挖矿','83.42','8.342','0','2018-05-17 13:15:39') [ RunTime:0.0010s ]
SQL: UPDATE `hl_user` SET `lis`=lis+8.342 WHERE `id` = 100010 [ RunTime:0.0010s ]
SQL: UPDATE `hl_user` SET `life`=life+83.42 WHERE `id` = 100010 [ RunTime:0.0000s ]
INFO: [ app_end ] --START--
INFO: Run Behavior\ShowPageTraceBehavior [ RunTime:0.001000s ]
INFO: [ app_end ] --END-- [ RunTime:0.001000s ]

[ 2018-05-17T13:15:40+08:00 ] ::1 /health/index.php/App/Index/script
INFO: [ app_init ] --START--
INFO: Run Behavior\BuildLiteBehavior [ RunTime:0.000000s ]
INFO: [ app_init ] --END-- [ RunTime:0.001000s ]
INFO: [ app_begin ] --START--
INFO: Run Behavior\ReadHtmlCacheBehavior [ RunTime:0.001000s ]
INFO: [ app_begin ] --END-- [ RunTime:0.001000s ]
SQL: SHOW COLUMNS FROM `hl_steps` [ RunTime:0.0190s ]
SQL: SELECT * FROM `hl_steps` WHERE `createtime` = '2018-05-01 00:00:00' AND `life` > 0 ORDER BY steps desc  [ RunTime:0.0000s ]
SQL: UPDATE `hl_steps` SET `rank`='1',`firstuid`='100009',`endtime`='2018-05-17 13:15:40' WHERE `createtime` = '2018-05-17' AND `uid` = 100009 [ RunTime:0.0000s ]
SQL: SHOW COLUMNS FROM `hl_integral` [ RunTime:0.0230s ]
SQL: INSERT INTO `hl_integral` (`uid`,`revenuetype`,`life`,`lis`,`type`,`createtime`) VALUES ('100009','走路挖矿','430.77','33.077','0','2018-05-17 13:15:40') [ RunTime:0.0010s ]
SQL: SHOW COLUMNS FROM `hl_user` [ RunTime:0.0240s ]
SQL: UPDATE `hl_user` SET `lis`=lis+33.077 WHERE `id` = 100009 [ RunTime:0.0010s ]
SQL: UPDATE `hl_user` SET `life`=life+330.77 WHERE `id` = 100009 [ RunTime:0.0010s ]
SQL: UPDATE `hl_steps` SET `rank`='2',`firstuid`='100009',`endtime`='2018-05-17 13:15:40' WHERE `createtime` = '2018-05-17' AND `uid` = 100010 [ RunTime:0.0000s ]
SQL: INSERT INTO `hl_integral` (`uid`,`revenuetype`,`life`,`lis`,`type`,`createtime`) VALUES ('100010','走路挖矿','83.42','8.342','0','2018-05-17 13:15:40') [ RunTime:0.0000s ]
SQL: UPDATE `hl_user` SET `lis`=lis+8.342 WHERE `id` = 100010 [ RunTime:0.0010s ]
SQL: UPDATE `hl_user` SET `life`=life+83.42 WHERE `id` = 100010 [ RunTime:0.0000s ]
INFO: [ app_end ] --START--
INFO: Run Behavior\ShowPageTraceBehavior [ RunTime:0.001000s ]
INFO: [ app_end ] --END-- [ RunTime:0.001000s ]

[ 2018-05-17T13:17:31+08:00 ] ::1 /health/index.php/App/Index/script
INFO: [ app_init ] --START--
INFO: Run Behavior\BuildLiteBehavior [ RunTime:0.000000s ]
INFO: [ app_init ] --END-- [ RunTime:0.001000s ]
INFO: [ app_begin ] --START--
INFO: Run Behavior\ReadHtmlCacheBehavior [ RunTime:0.002000s ]
INFO: [ app_begin ] --END-- [ RunTime:0.002000s ]
SQL: SHOW COLUMNS FROM `hl_steps` [ RunTime:0.0220s ]
SQL: SELECT * FROM `hl_steps` WHERE `createtime` = '2018-05-01' AND `life` > 0 ORDER BY steps desc  [ RunTime:0.0000s ]

[ 2018-05-17T15:39:43+08:00 ] ::1 /health/
ERR: Cron:测试执行定时任务 Runat 2018-05-17 15:39:43 Use 0.018001 s 

[ 2018-05-17T15:39:43+08:00 ] ::1 /health/
INFO: [ app_init ] --START--
INFO: Run Behavior\BuildLiteBehavior [ RunTime:0.000000s ]
INFO: [ app_init ] --END-- [ RunTime:0.001000s ]
INFO: [ app_begin ] --START--
INFO: Run Behavior\ReadHtmlCacheBehavior [ RunTime:0.006001s ]
INFO: Run Behavior\CronRunBehavior [ RunTime:0.078004s ]
INFO: [ app_begin ] --END-- [ RunTime:0.084005s ]

[ 2018-05-17T15:39:55+08:00 ] ::1 /health/
ERR: Cron:测试执行定时任务 Runat 2018-05-17 15:39:55 Use 0.139008 s 

[ 2018-05-17T15:39:55+08:00 ] ::1 /health/
INFO: [ app_init ] --START--
INFO: Run Behavior\BuildLiteBehavior [ RunTime:0.000000s ]
INFO: [ app_init ] --END-- [ RunTime:0.000000s ]
INFO: [ app_begin ] --START--
INFO: Run Behavior\ReadHtmlCacheBehavior [ RunTime:0.001000s ]
INFO: Run Behavior\CronRunBehavior [ RunTime:0.147009s ]
INFO: [ app_begin ] --END-- [ RunTime:0.148009s ]

[ 2018-05-17T15:40:06+08:00 ] ::1 /health/
ERR: Cron:测试执行定时任务 Runat 2018-05-17 15:40:06 Use 0.003000 s 

[ 2018-05-17T15:40:06+08:00 ] ::1 /health/
INFO: [ app_init ] --START--
INFO: Run Behavior\BuildLiteBehavior [ RunTime:0.000000s ]
INFO: [ app_init ] --END-- [ RunTime:0.001000s ]
INFO: [ app_begin ] --START--
INFO: Run Behavior\ReadHtmlCacheBehavior [ RunTime:0.001000s ]
INFO: Run Behavior\CronRunBehavior [ RunTime:0.011000s ]
INFO: [ app_begin ] --END-- [ RunTime:0.012000s ]

[ 2018-05-17T15:40:07+08:00 ] ::1 /health/
INFO: [ app_init ] --START--
INFO: Run Behavior\BuildLiteBehavior [ RunTime:0.000000s ]
INFO: [ app_init ] --END-- [ RunTime:0.000000s ]
INFO: [ app_begin ] --START--
INFO: Run Behavior\ReadHtmlCacheBehavior [ RunTime:0.001000s ]
INFO: Run Behavior\CronRunBehavior [ RunTime:0.001000s ]
INFO: [ app_begin ] --END-- [ RunTime:0.003000s ]

[ 2018-05-17T15:40:08+08:00 ] ::1 /health/
INFO: [ app_init ] --START--
INFO: Run Behavior\BuildLiteBehavior [ RunTime:0.000000s ]
INFO: [ app_init ] --END-- [ RunTime:0.000000s ]
INFO: [ app_begin ] --START--
INFO: Run Behavior\ReadHtmlCacheBehavior [ RunTime:0.001000s ]
INFO: Run Behavior\CronRunBehavior [ RunTime:0.001000s ]
INFO: [ app_begin ] --END-- [ RunTime:0.002000s ]

[ 2018-05-17T15:40:09+08:00 ] ::1 /health/
INFO: [ app_init ] --START--
INFO: Run Behavior\BuildLiteBehavior [ RunTime:0.000000s ]
INFO: [ app_init ] --END-- [ RunTime:0.001000s ]
INFO: [ app_begin ] --START--
INFO: Run Behavior\ReadHtmlCacheBehavior [ RunTime:0.001000s ]
INFO: Run Behavior\CronRunBehavior [ RunTime:0.002000s ]
INFO: [ app_begin ] --END-- [ RunTime:0.003000s ]

[ 2018-05-17T15:40:09+08:00 ] ::1 /health/
INFO: [ app_init ] --START--
INFO: Run Behavior\BuildLiteBehavior [ RunTime:0.000000s ]
INFO: [ app_init ] --END-- [ RunTime:0.000000s ]
INFO: [ app_begin ] --START--
INFO: Run Behavior\ReadHtmlCacheBehavior [ RunTime:0.001000s ]
INFO: Run Behavior\CronRunBehavior [ RunTime:0.002000s ]
INFO: [ app_begin ] --END-- [ RunTime:0.003000s ]

[ 2018-05-17T15:40:11+08:00 ] ::1 /health/
INFO: [ app_init ] --START--
INFO: Run Behavior\BuildLiteBehavior [ RunTime:0.000000s ]
INFO: [ app_init ] --END-- [ RunTime:0.000000s ]
INFO: [ app_begin ] --START--
INFO: Run Behavior\ReadHtmlCacheBehavior [ RunTime:0.001000s ]
INFO: Run Behavior\CronRunBehavior [ RunTime:0.002000s ]
INFO: [ app_begin ] --END-- [ RunTime:0.003000s ]

[ 2018-05-17T15:40:11+08:00 ] ::1 /health/
INFO: [ app_init ] --START--
INFO: Run Behavior\BuildLiteBehavior [ RunTime:0.000000s ]
INFO: [ app_init ] --END-- [ RunTime:0.002000s ]
INFO: [ app_begin ] --START--
INFO: Run Behavior\ReadHtmlCacheBehavior [ RunTime:0.001000s ]
INFO: Run Behavior\CronRunBehavior [ RunTime:0.001000s ]
INFO: [ app_begin ] --END-- [ RunTime:0.002000s ]

[ 2018-05-17T15:40:12+08:00 ] ::1 /health/
ERR: Cron:测试执行定时任务 Runat 2018-05-17 15:40:12 Use 0.003000 s 

[ 2018-05-17T15:40:12+08:00 ] ::1 /health/
INFO: [ app_init ] --START--
INFO: Run Behavior\BuildLiteBehavior [ RunTime:0.000000s ]
INFO: [ app_init ] --END-- [ RunTime:0.000000s ]
INFO: [ app_begin ] --START--
INFO: Run Behavior\ReadHtmlCacheBehavior [ RunTime:0.001000s ]
INFO: Run Behavior\CronRunBehavior [ RunTime:0.010000s ]
INFO: [ app_begin ] --END-- [ RunTime:0.012000s ]

[ 2018-05-17T15:40:13+08:00 ] ::1 /health/
INFO: [ app_init ] --START--
INFO: Run Behavior\BuildLiteBehavior [ RunTime:0.000000s ]
INFO: [ app_init ] --END-- [ RunTime:0.001000s ]
INFO: [ app_begin ] --START--
INFO: Run Behavior\ReadHtmlCacheBehavior [ RunTime:0.001000s ]
INFO: Run Behavior\CronRunBehavior [ RunTime:0.001000s ]
INFO: [ app_begin ] --END-- [ RunTime:0.002000s ]

[ 2018-05-17T15:40:33+08:00 ] ::1 /health/
ERR: Cron:测试执行定时任务 Runat 2018-05-17 15:40:33 Use 0.003001 s 

[ 2018-05-17T15:40:33+08:00 ] ::1 /health/
INFO: [ app_init ] --START--
INFO: Run Behavior\BuildLiteBehavior [ RunTime:0.000000s ]
INFO: [ app_init ] --END-- [ RunTime:0.001000s ]
INFO: [ app_begin ] --START--
INFO: Run Behavior\ReadHtmlCacheBehavior [ RunTime:0.001000s ]
INFO: Run Behavior\CronRunBehavior [ RunTime:0.009001s ]
INFO: [ app_begin ] --END-- [ RunTime:0.010001s ]

[ 2018-05-17T15:41:58+08:00 ] ::1 /health/
ERR: Cron:测试执行定时任务 Runat 2018-05-17 15:41:58 Use 0.004000 s 

[ 2018-05-17T15:41:58+08:00 ] ::1 /health/
INFO: [ app_init ] --START--
INFO: Run Behavior\BuildLiteBehavior [ RunTime:0.000000s ]
INFO: [ app_init ] --END-- [ RunTime:0.001000s ]
INFO: [ app_begin ] --START--
INFO: Run Behavior\ReadHtmlCacheBehavior [ RunTime:0.001000s ]
INFO: Run Behavior\CronRunBehavior [ RunTime:0.012000s ]
INFO: [ app_begin ] --END-- [ RunTime:0.013000s ]

[ 2018-05-17T15:42:44+08:00 ] ::1 /health/
ERR: Cron:测试执行定时任务 Runat 2018-05-17 15:42:44 Use 0.003001 s 

[ 2018-05-17T15:42:44+08:00 ] ::1 /health/
INFO: [ app_init ] --START--
INFO: Run Behavior\BuildLiteBehavior [ RunTime:0.001000s ]
INFO: [ app_init ] --END-- [ RunTime:0.001000s ]
INFO: [ app_begin ] --START--
INFO: Run Behavior\ReadHtmlCacheBehavior [ RunTime:0.001000s ]
INFO: Run Behavior\CronRunBehavior [ RunTime:0.011001s ]
INFO: [ app_begin ] --END-- [ RunTime:0.012001s ]

[ 2018-05-17T15:42:45+08:00 ] ::1 /health/
INFO: [ app_init ] --START--
INFO: Run Behavior\BuildLiteBehavior [ RunTime:0.000000s ]
INFO: [ app_init ] --END-- [ RunTime:0.000000s ]
INFO: [ app_begin ] --START--
INFO: Run Behavior\ReadHtmlCacheBehavior [ RunTime:0.001001s ]
INFO: Run Behavior\CronRunBehavior [ RunTime:0.001000s ]
INFO: [ app_begin ] --END-- [ RunTime:0.003001s ]

[ 2018-05-17T16:17:48+08:00 ] ::1 /health/
INFO: [ app_init ] --START--
INFO: Run Behavior\BuildLiteBehavior [ RunTime:0.000000s ]
INFO: [ app_init ] --END-- [ RunTime:0.000000s ]
INFO: [ app_begin ] --START--
INFO: Run Behavior\ReadHtmlCacheBehavior [ RunTime:0.001000s ]
ERR: 1146:Table 'project.hl_order' doesn't exist
 [ SQL语句 ] : SHOW COLUMNS FROM `hl_order`
ERR: 1146:Table 'project.hl_order' doesn't exist
 [ SQL语句 ] : SHOW COLUMNS FROM `hl_order`

[ 2018-05-17T16:17:48+08:00 ] ::1 /health/
INFO: [ app_init ] --START--
INFO: Run Behavior\BuildLiteBehavior [ RunTime:0.000000s ]
INFO: [ app_init ] --END-- [ RunTime:0.000000s ]
INFO: [ app_begin ] --START--
INFO: Run Behavior\ReadHtmlCacheBehavior [ RunTime:0.001000s ]
ERR: 1146:Table 'project.hl_order' doesn't exist
 [ SQL语句 ] : SHOW COLUMNS FROM `hl_order`
ERR: 1146:Table 'project.hl_order' doesn't exist
 [ SQL语句 ] : SHOW COLUMNS FROM `hl_order`

[ 2018-05-17T16:17:48+08:00 ] ::1 /health/
INFO: [ app_init ] --START--
INFO: Run Behavior\BuildLiteBehavior [ RunTime:0.001000s ]
INFO: [ app_init ] --END-- [ RunTime:0.001000s ]
INFO: [ app_begin ] --START--
INFO: Run Behavior\ReadHtmlCacheBehavior [ RunTime:0.001000s ]
ERR: 1146:Table 'project.hl_order' doesn't exist
 [ SQL语句 ] : SHOW COLUMNS FROM `hl_order`
ERR: 1146:Table 'project.hl_order' doesn't exist
 [ SQL语句 ] : SHOW COLUMNS FROM `hl_order`

[ 2018-05-17T16:17:48+08:00 ] ::1 /health/
INFO: [ app_init ] --START--
INFO: Run Behavior\BuildLiteBehavior [ RunTime:0.000000s ]
INFO: [ app_init ] --END-- [ RunTime:0.001000s ]
INFO: [ app_begin ] --START--
INFO: Run Behavior\ReadHtmlCacheBehavior [ RunTime:0.001000s ]
ERR: 1146:Table 'project.hl_order' doesn't exist
 [ SQL语句 ] : SHOW COLUMNS FROM `hl_order`
ERR: 1146:Table 'project.hl_order' doesn't exist
 [ SQL语句 ] : SHOW COLUMNS FROM `hl_order`

[ 2018-05-17T16:35:50+08:00 ] ::1 /health/
INFO: [ app_init ] --START--
INFO: Run Behavior\BuildLiteBehavior [ RunTime:0.000000s ]
INFO: [ app_init ] --END-- [ RunTime:0.000000s ]
INFO: [ app_begin ] --START--
INFO: Run Behavior\ReadHtmlCacheBehavior [ RunTime:0.001000s ]
ERR: 1146:Table 'project.hl_order' doesn't exist
 [ SQL语句 ] : SHOW COLUMNS FROM `hl_order`
ERR: 1146:Table 'project.hl_order' doesn't exist
 [ SQL语句 ] : SHOW COLUMNS FROM `hl_order`

[ 2018-05-17T16:35:53+08:00 ] ::1 /health/
INFO: [ app_init ] --START--
INFO: Run Behavior\BuildLiteBehavior [ RunTime:0.000000s ]
INFO: [ app_init ] --END-- [ RunTime:0.001000s ]
INFO: [ app_begin ] --START--
INFO: Run Behavior\ReadHtmlCacheBehavior [ RunTime:0.002000s ]
ERR: 1146:Table 'project.hl_order' doesn't exist
 [ SQL语句 ] : SHOW COLUMNS FROM `hl_order`
ERR: 1146:Table 'project.hl_order' doesn't exist
 [ SQL语句 ] : SHOW COLUMNS FROM `hl_order`

[ 2018-05-17T16:35:53+08:00 ] ::1 /health/
INFO: [ app_init ] --START--
INFO: Run Behavior\BuildLiteBehavior [ RunTime:0.000000s ]
INFO: [ app_init ] --END-- [ RunTime:0.000000s ]
INFO: [ app_begin ] --START--
INFO: Run Behavior\ReadHtmlCacheBehavior [ RunTime:0.001000s ]
ERR: 1146:Table 'project.hl_order' doesn't exist
 [ SQL语句 ] : SHOW COLUMNS FROM `hl_order`
ERR: 1146:Table 'project.hl_order' doesn't exist
 [ SQL语句 ] : SHOW COLUMNS FROM `hl_order`

[ 2018-05-17T16:35:53+08:00 ] ::1 /health/
INFO: [ app_init ] --START--
INFO: Run Behavior\BuildLiteBehavior [ RunTime:0.000000s ]
INFO: [ app_init ] --END-- [ RunTime:0.001000s ]
INFO: [ app_begin ] --START--
INFO: Run Behavior\ReadHtmlCacheBehavior [ RunTime:0.002000s ]
ERR: 1146:Table 'project.hl_order' doesn't exist
 [ SQL语句 ] : SHOW COLUMNS FROM `hl_order`
ERR: 1146:Table 'project.hl_order' doesn't exist
 [ SQL语句 ] : SHOW COLUMNS FROM `hl_order`

[ 2018-05-17T16:35:54+08:00 ] ::1 /health/
INFO: [ app_init ] --START--
INFO: Run Behavior\BuildLiteBehavior [ RunTime:0.000000s ]
INFO: [ app_init ] --END-- [ RunTime:0.000000s ]
INFO: [ app_begin ] --START--
INFO: Run Behavior\ReadHtmlCacheBehavior [ RunTime:0.001000s ]
ERR: 1146:Table 'project.hl_order' doesn't exist
 [ SQL语句 ] : SHOW COLUMNS FROM `hl_order`
ERR: 1146:Table 'project.hl_order' doesn't exist
 [ SQL语句 ] : SHOW COLUMNS FROM `hl_order`

[ 2018-05-17T16:35:54+08:00 ] ::1 /health/
INFO: [ app_init ] --START--
INFO: Run Behavior\BuildLiteBehavior [ RunTime:0.000000s ]
INFO: [ app_init ] --END-- [ RunTime:0.001000s ]
INFO: [ app_begin ] --START--
INFO: Run Behavior\ReadHtmlCacheBehavior [ RunTime:0.001000s ]
ERR: 1146:Table 'project.hl_order' doesn't exist
 [ SQL语句 ] : SHOW COLUMNS FROM `hl_order`
ERR: 1146:Table 'project.hl_order' doesn't exist
 [ SQL语句 ] : SHOW COLUMNS FROM `hl_order`

[ 2018-05-17T16:35:54+08:00 ] ::1 /health/
INFO: [ app_init ] --START--
INFO: Run Behavior\BuildLiteBehavior [ RunTime:0.000000s ]
INFO: [ app_init ] --END-- [ RunTime:0.000000s ]
INFO: [ app_begin ] --START--
INFO: Run Behavior\ReadHtmlCacheBehavior [ RunTime:0.001000s ]
ERR: 1146:Table 'project.hl_order' doesn't exist
 [ SQL语句 ] : SHOW COLUMNS FROM `hl_order`
ERR: 1146:Table 'project.hl_order' doesn't exist
 [ SQL语句 ] : SHOW COLUMNS FROM `hl_order`

[ 2018-05-17T16:36:32+08:00 ] ::1 /health/
INFO: [ app_init ] --START--
INFO: Run Behavior\BuildLiteBehavior [ RunTime:0.000000s ]
INFO: [ app_init ] --END-- [ RunTime:0.001000s ]
INFO: [ app_begin ] --START--
INFO: Run Behavior\ReadHtmlCacheBehavior [ RunTime:0.001000s ]
ERR: 1146:Table 'project.hl_order' doesn't exist
 [ SQL语句 ] : SHOW COLUMNS FROM `hl_order`
ERR: 1146:Table 'project.hl_order' doesn't exist
 [ SQL语句 ] : SHOW COLUMNS FROM `hl_order`

[ 2018-05-17T17:04:05+08:00 ] ::1 /health/
INFO: [ app_init ] --START--
INFO: Run Behavior\BuildLiteBehavior [ RunTime:0.001001s ]
INFO: [ app_init ] --END-- [ RunTime:0.002001s ]
INFO: [ app_begin ] --START--
INFO: Run Behavior\ReadHtmlCacheBehavior [ RunTime:0.005000s ]
ERR: 1146:Table 'project.hl_order' doesn't exist
 [ SQL语句 ] : SHOW COLUMNS FROM `hl_order`
ERR: 1146:Table 'project.hl_order' doesn't exist
 [ SQL语句 ] : SHOW COLUMNS FROM `hl_order`

