[ 2018-04-23T09:28:14+08:00 ] 127.0.0.1 /project/index.php/app/Mining/rankShow
INFO: [ app_init ] --START--
INFO: Run Behavior\BuildLiteBehavior [ RunTime:0.000020s ]
INFO: [ app_init ] --END-- [ RunTime:0.002694s ]
INFO: [ app_begin ] --START--
INFO: Run Behavior\ReadHtmlCacheBehavior [ RunTime:0.001874s ]
INFO: [ app_begin ] --END-- [ RunTime:0.001971s ]
SQL: SHOW COLUMNS FROM `hl_steps` [ RunTime:0.0164s ]
SQL: SHOW COLUMNS FROM `hl_steps` [ RunTime:0.0154s ]
SQL: SELECT hl_steps.uid,hl_user.name,hl_steps.life,hl_user.thumbpic FROM `hl_steps` INNER JOIN hl_user ON hl_steps.uid = hl_user.id  WHERE hl_steps.createtime = '2018-04-23' ORDER BY steps desc LIMIT 0,20   [ RunTime:0.6981s ]
SQL: SELECT * FROM `hl_steps` WHERE `uid` = 1 AND `createtime` = '2018-04-23'  [ RunTime:0.0004s ]

[ 2018-04-23T09:29:58+08:00 ] 127.0.0.1 /project/index.php/app/Mining/rankShow
INFO: [ app_init ] --START--
INFO: Run Behavior\BuildLiteBehavior [ RunTime:0.000010s ]
INFO: [ app_init ] --END-- [ RunTime:0.000339s ]
INFO: [ app_begin ] --START--
INFO: Run Behavior\ReadHtmlCacheBehavior [ RunTime:0.000450s ]
INFO: [ app_begin ] --END-- [ RunTime:0.000495s ]
SQL: SHOW COLUMNS FROM `hl_steps` [ RunTime:0.0122s ]
SQL: SHOW COLUMNS FROM `hl_steps` [ RunTime:0.0079s ]
SQL: SELECT hl_steps.uid,hl_user.name,hl_steps.life,hl_user.thumbpic FROM `hl_steps` INNER JOIN hl_user ON hl_steps.uid = hl_user.id  WHERE hl_steps.createtime = '2018-04-22' ORDER BY steps desc LIMIT 0,20   [ RunTime:0.8059s ]
SQL: SELECT * FROM `hl_steps` WHERE `uid` = 1 AND `createtime` = '2018-04-22'  [ RunTime:0.0013s ]

[ 2018-04-23T09:31:35+08:00 ] 127.0.0.1 /project/index.php/app/Mining/rankShow
INFO: [ app_init ] --START--
INFO: Run Behavior\BuildLiteBehavior [ RunTime:0.000013s ]
INFO: [ app_init ] --END-- [ RunTime:0.000503s ]
INFO: [ app_begin ] --START--
INFO: Run Behavior\ReadHtmlCacheBehavior [ RunTime:0.000744s ]
INFO: [ app_begin ] --END-- [ RunTime:0.000792s ]
SQL: SHOW COLUMNS FROM `hl_steps` [ RunTime:0.0130s ]
SQL: SHOW COLUMNS FROM `hl_steps` [ RunTime:0.0083s ]
SQL: SELECT hl_steps.uid,hl_user.name,hl_steps.life,hl_user.thumbpic FROM `hl_steps` INNER JOIN hl_user ON hl_steps.uid = hl_user.id  WHERE hl_steps.createtime = '2018-04-22' ORDER BY steps desc LIMIT 0,20   [ RunTime:0.5355s ]
SQL: SELECT `uid` FROM `hl_steps` WHERE `uid` = 1 AND `createtime` = '2018-04-22'  [ RunTime:0.0015s ]

[ 2018-04-23T09:48:11+08:00 ] 127.0.0.1 /project/index.php/app/MyCenter/historySteps
INFO: [ app_init ] --START--
INFO: Run Behavior\BuildLiteBehavior [ RunTime:0.000012s ]
INFO: [ app_init ] --END-- [ RunTime:0.000511s ]
INFO: [ app_begin ] --START--
INFO: Run Behavior\ReadHtmlCacheBehavior [ RunTime:0.000929s ]
INFO: [ app_begin ] --END-- [ RunTime:0.000993s ]
SQL: SHOW COLUMNS FROM `hl_steps` [ RunTime:0.0330s ]
SQL: SHOW COLUMNS FROM `hl_steps` [ RunTime:0.0177s ]
SQL: SELECT `steps`,`life`,`createtime` FROM `hl_steps` WHERE `uid` = 1 ORDER BY createtime desc LIMIT 1,15   [ RunTime:0.0007s ]

[ 2018-04-23T09:51:22+08:00 ] 127.0.0.1 /project/index.php/app/MyCenter/historySteps
INFO: [ app_init ] --START--
INFO: Run Behavior\BuildLiteBehavior [ RunTime:0.000011s ]
INFO: [ app_init ] --END-- [ RunTime:0.000463s ]
INFO: [ app_begin ] --START--
INFO: Run Behavior\ReadHtmlCacheBehavior [ RunTime:0.000733s ]
INFO: [ app_begin ] --END-- [ RunTime:0.000781s ]
SQL: SHOW COLUMNS FROM `hl_steps` [ RunTime:0.0093s ]
SQL: SHOW COLUMNS FROM `hl_steps` [ RunTime:0.0078s ]
SQL: SELECT `steps`,`life`,`createtime` FROM `hl_steps` WHERE `uid` = 1 ORDER BY createtime desc LIMIT 0,15   [ RunTime:0.0003s ]

[ 2018-04-23T10:23:10+08:00 ] 127.0.0.1 /project/index.php/App/Mining/rankShow
INFO: [ app_init ] --START--
INFO: Run Behavior\BuildLiteBehavior [ RunTime:0.000012s ]
INFO: [ app_init ] --END-- [ RunTime:0.000485s ]
INFO: [ app_begin ] --START--
INFO: Run Behavior\ReadHtmlCacheBehavior [ RunTime:0.000727s ]
INFO: [ app_begin ] --END-- [ RunTime:0.000777s ]
ERR: 参数错误或者未定义:uid

[ 2018-04-23T10:23:23+08:00 ] 127.0.0.1 /project/index.php/App/Mining/rankShow
INFO: [ app_init ] --START--
INFO: Run Behavior\BuildLiteBehavior [ RunTime:0.000011s ]
INFO: [ app_init ] --END-- [ RunTime:0.000363s ]
INFO: [ app_begin ] --START--
INFO: Run Behavior\ReadHtmlCacheBehavior [ RunTime:0.000479s ]
INFO: [ app_begin ] --END-- [ RunTime:0.000525s ]
SQL: SHOW COLUMNS FROM `hl_steps` [ RunTime:0.0146s ]
SQL: SHOW COLUMNS FROM `hl_steps` [ RunTime:0.0105s ]
SQL: SELECT hl_steps.uid,hl_user.name,hl_steps.life,hl_user.thumbpic FROM `hl_steps` INNER JOIN hl_user ON hl_steps.uid = hl_user.id  WHERE hl_steps.createtime = '2018-04-22' ORDER BY steps desc LIMIT 0,20   [ RunTime:0.0418s ]
SQL: SELECT `uid` FROM `hl_steps` WHERE `uid` = 6 AND `createtime` = '2018-04-22'  [ RunTime:0.0003s ]

[ 2018-04-23T10:25:53+08:00 ] 127.0.0.1 /project/index.php/App/Mining/rankShow
INFO: [ app_init ] --START--
INFO: Run Behavior\BuildLiteBehavior [ RunTime:0.000011s ]
INFO: [ app_init ] --END-- [ RunTime:0.000459s ]
INFO: [ app_begin ] --START--
INFO: Run Behavior\ReadHtmlCacheBehavior [ RunTime:0.000874s ]
INFO: [ app_begin ] --END-- [ RunTime:0.000934s ]
SQL: SHOW COLUMNS FROM `hl_steps` [ RunTime:0.0117s ]
SQL: SHOW COLUMNS FROM `hl_steps` [ RunTime:0.0080s ]
SQL: SELECT hl_steps.uid,hl_user.name,hl_steps.life,hl_user.thumbpic FROM `hl_steps` INNER JOIN hl_user ON hl_steps.uid = hl_user.id  WHERE hl_steps.createtime = '2018-04-22' ORDER BY steps desc LIMIT 0,20   [ RunTime:0.0403s ]
SQL: SELECT `uid` FROM `hl_steps` WHERE `uid` = 6 AND `createtime` = '2018-04-22'  [ RunTime:0.0003s ]

[ 2018-04-23T10:27:17+08:00 ] 127.0.0.1 /project/index.php/App/Mining/rankShow
INFO: [ app_init ] --START--
INFO: Run Behavior\BuildLiteBehavior [ RunTime:0.000010s ]
INFO: [ app_init ] --END-- [ RunTime:0.000342s ]
INFO: [ app_begin ] --START--
INFO: Run Behavior\ReadHtmlCacheBehavior [ RunTime:0.000411s ]
INFO: [ app_begin ] --END-- [ RunTime:0.000452s ]
SQL: SHOW COLUMNS FROM `hl_steps` [ RunTime:0.0166s ]
SQL: SHOW COLUMNS FROM `hl_steps` [ RunTime:0.0081s ]
SQL: SELECT hl_steps.uid,hl_user.name,hl_steps.life,hl_user.thumbpic FROM `hl_steps` INNER JOIN hl_user ON hl_steps.uid = hl_user.id  WHERE hl_steps.createtime = '2018-04-22' ORDER BY steps desc LIMIT 0,20   [ RunTime:0.0433s ]
SQL: SELECT `uid` FROM `hl_steps` WHERE `createtime` = '2018-04-22'  [ RunTime:0.1106s ]

[ 2018-04-23T10:28:44+08:00 ] 127.0.0.1 /project/index.php/App/Mining/rankShow
INFO: [ app_init ] --START--
INFO: Run Behavior\BuildLiteBehavior [ RunTime:0.000011s ]
INFO: [ app_init ] --END-- [ RunTime:0.000447s ]
INFO: [ app_begin ] --START--
INFO: Run Behavior\ReadHtmlCacheBehavior [ RunTime:0.000740s ]
INFO: [ app_begin ] --END-- [ RunTime:0.000783s ]
SQL: SHOW COLUMNS FROM `hl_steps` [ RunTime:0.0116s ]
SQL: SHOW COLUMNS FROM `hl_steps` [ RunTime:0.0078s ]
SQL: SELECT hl_steps.uid,hl_user.name,hl_steps.life,hl_user.thumbpic FROM `hl_steps` INNER JOIN hl_user ON hl_steps.uid = hl_user.id  WHERE hl_steps.createtime = '2018-04-22' ORDER BY steps desc LIMIT 0,20   [ RunTime:0.0412s ]
SQL: SELECT `uid` FROM `hl_steps` WHERE `createtime` = '2018-04-22'  [ RunTime:0.1100s ]

[ 2018-04-23T10:36:32+08:00 ] 127.0.0.1 /project/
INFO: [ app_init ] --START--
INFO: Run Behavior\BuildLiteBehavior [ RunTime:0.000049s ]
INFO: [ app_init ] --END-- [ RunTime:0.001111s ]
INFO: [ app_begin ] --START--
INFO: Run Behavior\ReadHtmlCacheBehavior [ RunTime:0.001093s ]
INFO: [ app_begin ] --END-- [ RunTime:0.001203s ]
INFO: [ app_end ] --START--
INFO: Run Behavior\ShowPageTraceBehavior [ RunTime:0.000638s ]
INFO: [ app_end ] --END-- [ RunTime:0.000682s ]

[ 2018-04-23T14:23:20+08:00 ] 127.0.0.1 /project/index.php/App/UserAgreement/userAgreement
INFO: [ app_init ] --START--
INFO: Run Behavior\BuildLiteBehavior [ RunTime:0.000050s ]
INFO: [ app_init ] --END-- [ RunTime:0.001214s ]
INFO: [ app_begin ] --START--
INFO: Run Behavior\ReadHtmlCacheBehavior [ RunTime:0.002813s ]
INFO: [ app_begin ] --END-- [ RunTime:0.002976s ]
ERR: 无法加载控制器:UserAgreement

[ 2018-04-23T14:24:09+08:00 ] 127.0.0.1 /project/index.php/App/UserAgreement/userAgreement
INFO: [ app_init ] --START--
INFO: Run Behavior\BuildLiteBehavior [ RunTime:0.000012s ]
INFO: [ app_init ] --END-- [ RunTime:0.000483s ]
INFO: [ app_begin ] --START--
INFO: Run Behavior\ReadHtmlCacheBehavior [ RunTime:0.000727s ]
INFO: [ app_begin ] --END-- [ RunTime:0.000768s ]
ERR: 无法加载控制器:UserAgreement

[ 2018-04-23T14:24:12+08:00 ] 127.0.0.1 /project/index.php/App/UserAgreement/userAgreement
INFO: [ app_init ] --START--
INFO: Run Behavior\BuildLiteBehavior [ RunTime:0.000010s ]
INFO: [ app_init ] --END-- [ RunTime:0.000348s ]
INFO: [ app_begin ] --START--
INFO: Run Behavior\ReadHtmlCacheBehavior [ RunTime:0.000415s ]
INFO: [ app_begin ] --END-- [ RunTime:0.000456s ]
ERR: 无法加载控制器:UserAgreement

[ 2018-04-23T14:24:13+08:00 ] 127.0.0.1 /project/index.php/App/UserAgreement/userAgreement
INFO: [ app_init ] --START--
INFO: Run Behavior\BuildLiteBehavior [ RunTime:0.000014s ]
INFO: [ app_init ] --END-- [ RunTime:0.000438s ]
INFO: [ app_begin ] --START--
INFO: Run Behavior\ReadHtmlCacheBehavior [ RunTime:0.000557s ]
INFO: [ app_begin ] --END-- [ RunTime:0.000612s ]
ERR: 无法加载控制器:UserAgreement

[ 2018-04-23T14:24:40+08:00 ] 127.0.0.1 /project/index.php/App/UserAgreement/userAgreement
INFO: [ app_init ] --START--
INFO: Run Behavior\BuildLiteBehavior [ RunTime:0.000018s ]
INFO: [ app_init ] --END-- [ RunTime:0.000575s ]
INFO: [ app_begin ] --START--
INFO: Run Behavior\ReadHtmlCacheBehavior [ RunTime:0.000531s ]
INFO: [ app_begin ] --END-- [ RunTime:0.000583s ]
ERR: 无法加载控制器:UserAgreement

[ 2018-04-23T14:25:09+08:00 ] 127.0.0.1 /project/index.php/App/UserAgreement/userAgreement
INFO: [ app_init ] --START--
INFO: Run Behavior\BuildLiteBehavior [ RunTime:0.000009s ]
INFO: [ app_init ] --END-- [ RunTime:0.000325s ]
INFO: [ app_begin ] --START--
INFO: Run Behavior\ReadHtmlCacheBehavior [ RunTime:0.000575s ]
INFO: [ app_begin ] --END-- [ RunTime:0.000634s ]
INFO: [ app_end ] --START--
INFO: Run Behavior\ShowPageTraceBehavior [ RunTime:0.000944s ]
INFO: [ app_end ] --END-- [ RunTime:0.000994s ]

[ 2018-04-23T14:25:15+08:00 ] 127.0.0.1 /project/index.php/App/UserAgreement/userAgreement
INFO: [ app_init ] --START--
INFO: Run Behavior\BuildLiteBehavior [ RunTime:0.000013s ]
INFO: [ app_init ] --END-- [ RunTime:0.000438s ]
INFO: [ app_begin ] --START--
INFO: Run Behavior\ReadHtmlCacheBehavior [ RunTime:0.000532s ]
INFO: [ app_begin ] --END-- [ RunTime:0.000583s ]
ERR: 模板不存在:./Template/App/View/UserAgreement/user_agreement.html.html

[ 2018-04-23T14:25:23+08:00 ] 127.0.0.1 /project/index.php/App/UserAgreement/userAgreement
INFO: [ app_init ] --START--
INFO: Run Behavior\BuildLiteBehavior [ RunTime:0.000015s ]
INFO: [ app_init ] --END-- [ RunTime:0.000594s ]
INFO: [ app_begin ] --START--
INFO: Run Behavior\ReadHtmlCacheBehavior [ RunTime:0.000976s ]
INFO: [ app_begin ] --END-- [ RunTime:0.001048s ]
INFO: [ view_parse ] --START--
INFO: [ template_filter ] --START--
INFO: Run Behavior\ContentReplaceBehavior [ RunTime:0.000117s ]
INFO: [ template_filter ] --END-- [ RunTime:0.000160s ]
INFO: Run Behavior\ParseTemplateBehavior [ RunTime:0.073197s ]
INFO: [ view_parse ] --END-- [ RunTime:0.073251s ]
INFO: [ view_filter ] --START--
INFO: Run Behavior\WriteHtmlCacheBehavior [ RunTime:0.000523s ]
INFO: [ view_filter ] --END-- [ RunTime:0.000553s ]
INFO: [ app_end ] --START--
INFO: Run Behavior\ShowPageTraceBehavior [ RunTime:0.000659s ]
INFO: [ app_end ] --END-- [ RunTime:0.000698s ]

[ 2018-04-23T14:31:58+08:00 ] 127.0.0.1 /project/index.php/App/UserAgreement/userAgreement
INFO: [ app_init ] --START--
INFO: Run Behavior\BuildLiteBehavior [ RunTime:0.000011s ]
INFO: [ app_init ] --END-- [ RunTime:0.000458s ]
INFO: [ app_begin ] --START--
INFO: Run Behavior\ReadHtmlCacheBehavior [ RunTime:0.000746s ]
INFO: [ app_begin ] --END-- [ RunTime:0.000789s ]
INFO: [ view_parse ] --START--
INFO: [ template_filter ] --START--
INFO: Run Behavior\ContentReplaceBehavior [ RunTime:0.000134s ]
INFO: [ template_filter ] --END-- [ RunTime:0.000248s ]
INFO: Run Behavior\ParseTemplateBehavior [ RunTime:0.014199s ]
INFO: [ view_parse ] --END-- [ RunTime:0.014267s ]
INFO: [ view_filter ] --START--
INFO: Run Behavior\WriteHtmlCacheBehavior [ RunTime:0.000769s ]
INFO: [ view_filter ] --END-- [ RunTime:0.000808s ]
INFO: [ app_end ] --START--
INFO: Run Behavior\ShowPageTraceBehavior [ RunTime:0.000764s ]
INFO: [ app_end ] --END-- [ RunTime:0.000816s ]

[ 2018-04-23T14:32:16+08:00 ] 127.0.0.1 /project/index.php/App/UserAgreement/userAgreement
INFO: [ app_init ] --START--
INFO: Run Behavior\BuildLiteBehavior [ RunTime:0.000014s ]
INFO: [ app_init ] --END-- [ RunTime:0.000422s ]
INFO: [ app_begin ] --START--
INFO: Run Behavior\ReadHtmlCacheBehavior [ RunTime:0.000411s ]
INFO: [ app_begin ] --END-- [ RunTime:0.000452s ]
INFO: [ view_parse ] --START--
INFO: [ template_filter ] --START--
INFO: Run Behavior\ContentReplaceBehavior [ RunTime:0.000111s ]
INFO: [ template_filter ] --END-- [ RunTime:0.000173s ]
INFO: Run Behavior\ParseTemplateBehavior [ RunTime:0.013772s ]
INFO: [ view_parse ] --END-- [ RunTime:0.013870s ]
INFO: [ view_filter ] --START--
INFO: Run Behavior\WriteHtmlCacheBehavior [ RunTime:0.000748s ]
INFO: [ view_filter ] --END-- [ RunTime:0.000778s ]
INFO: [ app_end ] --START--
INFO: Run Behavior\ShowPageTraceBehavior [ RunTime:0.000503s ]
INFO: [ app_end ] --END-- [ RunTime:0.000543s ]

[ 2018-04-23T14:38:04+08:00 ] 127.0.0.1 /project/index.php/App/UserAgreement/userAgreement
INFO: [ app_init ] --START--
INFO: Run Behavior\BuildLiteBehavior [ RunTime:0.000013s ]
INFO: [ app_init ] --END-- [ RunTime:0.000479s ]
INFO: [ app_begin ] --START--
INFO: Run Behavior\ReadHtmlCacheBehavior [ RunTime:0.001198s ]
INFO: [ app_begin ] --END-- [ RunTime:0.001262s ]
INFO: [ view_parse ] --START--
INFO: [ template_filter ] --START--
INFO: Run Behavior\ContentReplaceBehavior [ RunTime:0.000066s ]
INFO: [ template_filter ] --END-- [ RunTime:0.000104s ]
INFO: Run Behavior\ParseTemplateBehavior [ RunTime:0.008008s ]
INFO: [ view_parse ] --END-- [ RunTime:0.008071s ]
INFO: [ view_filter ] --START--
INFO: Run Behavior\WriteHtmlCacheBehavior [ RunTime:0.000823s ]
INFO: [ view_filter ] --END-- [ RunTime:0.000859s ]
INFO: [ app_end ] --START--
INFO: Run Behavior\ShowPageTraceBehavior [ RunTime:0.001452s ]
INFO: [ app_end ] --END-- [ RunTime:0.001514s ]

[ 2018-04-23T15:58:08+08:00 ] 127.0.0.1 /project/index.php/app/MyCenter/saveImg
INFO: [ app_init ] --START--
INFO: Run Behavior\BuildLiteBehavior [ RunTime:0.000012s ]
INFO: [ app_init ] --END-- [ RunTime:0.000576s ]
INFO: [ app_begin ] --START--
INFO: Run Behavior\ReadHtmlCacheBehavior [ RunTime:0.000925s ]
INFO: [ app_begin ] --END-- [ RunTime:0.000980s ]

[ 2018-04-23T15:59:06+08:00 ] 127.0.0.1 /project/index.php/app/MyCenter/saveImg
INFO: [ app_init ] --START--
INFO: Run Behavior\BuildLiteBehavior [ RunTime:0.000019s ]
INFO: [ app_init ] --END-- [ RunTime:0.000477s ]
INFO: [ app_begin ] --START--
INFO: Run Behavior\ReadHtmlCacheBehavior [ RunTime:0.000562s ]
INFO: [ app_begin ] --END-- [ RunTime:0.000622s ]

[ 2018-04-23T15:59:50+08:00 ] 127.0.0.1 /project/index.php/app/MyCenter/saveImg
INFO: [ app_init ] --START--
INFO: Run Behavior\BuildLiteBehavior [ RunTime:0.000014s ]
INFO: [ app_init ] --END-- [ RunTime:0.000453s ]
INFO: [ app_begin ] --START--
INFO: Run Behavior\ReadHtmlCacheBehavior [ RunTime:0.000825s ]
INFO: [ app_begin ] --END-- [ RunTime:0.000905s ]
INFO: [ app_end ] --START--
INFO: Run Behavior\ShowPageTraceBehavior [ RunTime:0.001194s ]
INFO: [ app_end ] --END-- [ RunTime:0.001269s ]

[ 2018-04-23T16:00:18+08:00 ] 127.0.0.1 /project/index.php/app/MyCenter/saveImg
INFO: [ app_init ] --START--
INFO: Run Behavior\BuildLiteBehavior [ RunTime:0.000022s ]
INFO: [ app_init ] --END-- [ RunTime:0.000981s ]
INFO: [ app_begin ] --START--
INFO: Run Behavior\ReadHtmlCacheBehavior [ RunTime:0.000944s ]
INFO: [ app_begin ] --END-- [ RunTime:0.000998s ]
INFO: [ app_end ] --START--
INFO: Run Behavior\ShowPageTraceBehavior [ RunTime:0.001102s ]
INFO: [ app_end ] --END-- [ RunTime:0.001149s ]

[ 2018-04-23T16:00:44+08:00 ] 127.0.0.1 /project/index.php/app/MyCenter/saveImg
INFO: [ app_init ] --START--
INFO: Run Behavior\BuildLiteBehavior [ RunTime:0.000013s ]
INFO: [ app_init ] --END-- [ RunTime:0.000444s ]
INFO: [ app_begin ] --START--
INFO: Run Behavior\ReadHtmlCacheBehavior [ RunTime:0.000520s ]
INFO: [ app_begin ] --END-- [ RunTime:0.000571s ]
INFO: [ app_end ] --START--
INFO: Run Behavior\ShowPageTraceBehavior [ RunTime:0.001105s ]
INFO: [ app_end ] --END-- [ RunTime:0.001155s ]

[ 2018-04-23T16:01:44+08:00 ] 127.0.0.1 /project/index.php/app/MyCenter/saveImg
INFO: [ app_init ] --START--
INFO: Run Behavior\BuildLiteBehavior [ RunTime:0.000013s ]
INFO: [ app_init ] --END-- [ RunTime:0.000437s ]
INFO: [ app_begin ] --START--
INFO: Run Behavior\ReadHtmlCacheBehavior [ RunTime:0.000535s ]
INFO: [ app_begin ] --END-- [ RunTime:0.000593s ]
INFO: [ app_end ] --START--
INFO: Run Behavior\ShowPageTraceBehavior [ RunTime:0.001183s ]
INFO: [ app_end ] --END-- [ RunTime:0.001245s ]

[ 2018-04-23T16:02:30+08:00 ] 127.0.0.1 /project/index.php/app/MyCenter/saveImg
INFO: [ app_init ] --START--
INFO: Run Behavior\BuildLiteBehavior [ RunTime:0.000018s ]
INFO: [ app_init ] --END-- [ RunTime:0.000736s ]
INFO: [ app_begin ] --START--
INFO: Run Behavior\ReadHtmlCacheBehavior [ RunTime:0.000954s ]
INFO: [ app_begin ] --END-- [ RunTime:0.001017s ]
INFO: [ app_end ] --START--
INFO: Run Behavior\ShowPageTraceBehavior [ RunTime:0.001162s ]
INFO: [ app_end ] --END-- [ RunTime:0.001219s ]

[ 2018-04-23T16:03:52+08:00 ] 127.0.0.1 /project/index.php/app/MyCenter/saveImg
INFO: [ app_init ] --START--
INFO: Run Behavior\BuildLiteBehavior [ RunTime:0.000018s ]
INFO: [ app_init ] --END-- [ RunTime:0.000613s ]
INFO: [ app_begin ] --START--
INFO: Run Behavior\ReadHtmlCacheBehavior [ RunTime:0.000694s ]
INFO: [ app_begin ] --END-- [ RunTime:0.000770s ]
INFO: [ app_end ] --START--
INFO: Run Behavior\ShowPageTraceBehavior [ RunTime:0.001838s ]
INFO: [ app_end ] --END-- [ RunTime:0.001958s ]

[ 2018-04-23T16:04:00+08:00 ] 127.0.0.1 /project/index.php/app/MyCenter/saveImg
INFO: [ app_init ] --START--
INFO: Run Behavior\BuildLiteBehavior [ RunTime:0.000013s ]
INFO: [ app_init ] --END-- [ RunTime:0.000439s ]
INFO: [ app_begin ] --START--
INFO: Run Behavior\ReadHtmlCacheBehavior [ RunTime:0.000524s ]
INFO: [ app_begin ] --END-- [ RunTime:0.000577s ]
INFO: [ app_end ] --START--
INFO: Run Behavior\ShowPageTraceBehavior [ RunTime:0.001098s ]
INFO: [ app_end ] --END-- [ RunTime:0.001144s ]

[ 2018-04-23T16:04:01+08:00 ] 127.0.0.1 /project/index.php/app/MyCenter/saveImg
INFO: [ app_init ] --START--
INFO: Run Behavior\BuildLiteBehavior [ RunTime:0.000014s ]
INFO: [ app_init ] --END-- [ RunTime:0.000457s ]
INFO: [ app_begin ] --START--
INFO: Run Behavior\ReadHtmlCacheBehavior [ RunTime:0.000522s ]
INFO: [ app_begin ] --END-- [ RunTime:0.000583s ]
INFO: [ app_end ] --START--
INFO: Run Behavior\ShowPageTraceBehavior [ RunTime:0.001088s ]
INFO: [ app_end ] --END-- [ RunTime:0.001135s ]

[ 2018-04-23T16:04:30+08:00 ] 127.0.0.1 /project/index.php/app/MyCenter/saveImg
INFO: [ app_init ] --START--
INFO: Run Behavior\BuildLiteBehavior [ RunTime:0.000014s ]
INFO: [ app_init ] --END-- [ RunTime:0.000460s ]
INFO: [ app_begin ] --START--
INFO: Run Behavior\ReadHtmlCacheBehavior [ RunTime:0.000530s ]
INFO: [ app_begin ] --END-- [ RunTime:0.000582s ]
INFO: [ app_end ] --START--
INFO: Run Behavior\ShowPageTraceBehavior [ RunTime:0.001103s ]
INFO: [ app_end ] --END-- [ RunTime:0.001150s ]

[ 2018-04-23T22:29:14+08:00 ] 127.0.0.1 /project/
INFO: [ app_init ] --START--
INFO: Run Behavior\BuildLiteBehavior [ RunTime:0.000014s ]
INFO: [ app_init ] --END-- [ RunTime:0.002158s ]
INFO: [ app_begin ] --START--
INFO: Run Behavior\ReadHtmlCacheBehavior [ RunTime:0.001163s ]
INFO: [ app_begin ] --END-- [ RunTime:0.001226s ]
INFO: [ app_end ] --START--
INFO: Run Behavior\ShowPageTraceBehavior [ RunTime:0.001270s ]
INFO: [ app_end ] --END-- [ RunTime:0.001354s ]

