[ 2018-05-18T09:20:15+08:00 ] ::1 /health/index.php/Manage/Index/index.html
ERR: Cron:测试执行定时任务 Runat 2018-05-18 09:20:15 Use 0.256015 s 

[ 2018-05-18T09:20:17+08:00 ] ::1 /health/index.php/Manage/Index/index.html
INFO: [ app_init ] --START--
INFO: Run Behavior\BuildLiteBehavior [ RunTime:0.000000s ]
INFO: [ app_init ] --END-- [ RunTime:0.080005s ]
INFO: [ app_begin ] --START--
INFO: Run Behavior\ReadHtmlCacheBehavior [ RunTime:0.036002s ]
SQL: SHOW COLUMNS FROM `hl_order` [ RunTime:0.0690s ]
SQL: SELECT `id`,`pay_time` FROM `hl_order` WHERE `state` = 1 AND `is_effect` = 2 AND `expire_time` > 1526606415  [ RunTime:0.0030s ]
INFO: Run Behavior\CronRunBehavior [ RunTime:0.998057s ]
INFO: [ app_begin ] --END-- [ RunTime:1.034059s ]
SQL: SHOW COLUMNS FROM `hl_user` [ RunTime:0.0480s ]
SQL: SELECT COUNT(*) AS tp_count FROM `hl_user` LIMIT 1   [ RunTime:0.0010s ]
SQL: SHOW COLUMNS FROM `hl_feedback` [ RunTime:0.0740s ]
SQL: SELECT COUNT(*) AS tp_count FROM `hl_feedback` LIMIT 1   [ RunTime:0.0010s ]
SQL: SHOW COLUMNS FROM `hl_faq` [ RunTime:0.0570s ]
SQL: SELECT COUNT(*) AS tp_count FROM `hl_faq` LIMIT 1   [ RunTime:0.0010s ]
SQL: SHOW COLUMNS FROM `hl_steps` [ RunTime:0.0210s ]
SQL: SELECT COUNT(*) AS tp_count FROM `hl_steps` WHERE ( createtime like '2018-05-18%' ) LIMIT 1   [ RunTime:0.0010s ]
INFO: [ view_parse ] --START--
INFO: [ template_filter ] --START--
INFO: Run Behavior\ContentReplaceBehavior [ RunTime:0.051003s ]
INFO: [ template_filter ] --END-- [ RunTime:0.051003s ]
NOTIC: [8] Undefined index: users D:\PHPTutorial\WWW\health\Project\Runtime\Cache\Manage\63b65c1c2187b2756180f2ae214e93cf.php 第 55 行.
NOTIC: [8] Undefined index: users D:\PHPTutorial\WWW\health\Project\Runtime\Cache\Manage\63b65c1c2187b2756180f2ae214e93cf.php 第 64 行.
NOTIC: [8] Undefined index: users D:\PHPTutorial\WWW\health\Project\Runtime\Cache\Manage\63b65c1c2187b2756180f2ae214e93cf.php 第 115 行.
NOTIC: [8] Undefined index: users D:\PHPTutorial\WWW\health\Project\Runtime\Cache\Manage\63b65c1c2187b2756180f2ae214e93cf.php 第 441 行.
INFO: Run Behavior\ParseTemplateBehavior [ RunTime:0.748043s ]
INFO: [ view_parse ] --END-- [ RunTime:0.748043s ]
INFO: [ view_filter ] --START--
INFO: Run Behavior\WriteHtmlCacheBehavior [ RunTime:0.006000s ]
INFO: [ view_filter ] --END-- [ RunTime:0.006000s ]
INFO: [ app_end ] --START--
INFO: Run Behavior\ShowPageTraceBehavior [ RunTime:0.037002s ]
INFO: [ app_end ] --END-- [ RunTime:0.038002s ]

[ 2018-05-18T09:21:06+08:00 ] ::1 /health/index.php/Manage/Index/index.html
ERR: Cron:测试执行定时任务 Runat 2018-05-18 09:21:06 Use 0.021001 s 

[ 2018-05-18T09:21:06+08:00 ] ::1 /health/index.php/Manage/Index/index.html
INFO: [ app_init ] --START--
INFO: Run Behavior\BuildLiteBehavior [ RunTime:0.000000s ]
INFO: [ app_init ] --END-- [ RunTime:0.000000s ]
INFO: [ app_begin ] --START--
INFO: Run Behavior\ReadHtmlCacheBehavior [ RunTime:0.001000s ]
SQL: SHOW COLUMNS FROM `hl_order` [ RunTime:0.0070s ]
SQL: SELECT `id`,`pay_time` FROM `hl_order` WHERE `state` = 1 AND `is_effect` = 2 AND `expire_time` > 1526606466  [ RunTime:0.0010s ]
INFO: Run Behavior\CronRunBehavior [ RunTime:0.024001s ]
INFO: [ app_begin ] --END-- [ RunTime:0.025001s ]
SQL: SHOW COLUMNS FROM `hl_user` [ RunTime:0.0060s ]
SQL: SELECT COUNT(*) AS tp_count FROM `hl_user` LIMIT 1   [ RunTime:0.0000s ]
SQL: SHOW COLUMNS FROM `hl_feedback` [ RunTime:0.0070s ]
SQL: SELECT COUNT(*) AS tp_count FROM `hl_feedback` LIMIT 1   [ RunTime:0.0000s ]
SQL: SHOW COLUMNS FROM `hl_faq` [ RunTime:0.0070s ]
SQL: SELECT COUNT(*) AS tp_count FROM `hl_faq` LIMIT 1   [ RunTime:0.0010s ]
SQL: SHOW COLUMNS FROM `hl_steps` [ RunTime:0.0070s ]
SQL: SELECT COUNT(*) AS tp_count FROM `hl_steps` WHERE ( createtime like '2018-05-18%' ) LIMIT 1   [ RunTime:0.0010s ]
INFO: [ view_parse ] --START--
INFO: [ template_filter ] --START--
INFO: Run Behavior\ContentReplaceBehavior [ RunTime:0.001000s ]
INFO: [ template_filter ] --END-- [ RunTime:0.001000s ]
NOTIC: [8] Undefined index: users D:\PHPTutorial\WWW\health\Project\Runtime\Cache\Manage\63b65c1c2187b2756180f2ae214e93cf.php 第 55 行.
NOTIC: [8] Undefined index: users D:\PHPTutorial\WWW\health\Project\Runtime\Cache\Manage\63b65c1c2187b2756180f2ae214e93cf.php 第 64 行.
NOTIC: [8] Undefined index: users D:\PHPTutorial\WWW\health\Project\Runtime\Cache\Manage\63b65c1c2187b2756180f2ae214e93cf.php 第 115 行.
NOTIC: [8] Undefined index: users D:\PHPTutorial\WWW\health\Project\Runtime\Cache\Manage\63b65c1c2187b2756180f2ae214e93cf.php 第 441 行.
INFO: Run Behavior\ParseTemplateBehavior [ RunTime:0.016001s ]
INFO: [ view_parse ] --END-- [ RunTime:0.016001s ]
INFO: [ view_filter ] --START--
INFO: Run Behavior\WriteHtmlCacheBehavior [ RunTime:0.000000s ]
INFO: [ view_filter ] --END-- [ RunTime:0.001000s ]
INFO: [ app_end ] --START--
INFO: Run Behavior\ShowPageTraceBehavior [ RunTime:0.001000s ]
INFO: [ app_end ] --END-- [ RunTime:0.002000s ]

[ 2018-05-18T09:21:08+08:00 ] ::1 /health/index.php/Manage/Index/favicon.ico
INFO: [ app_init ] --START--
INFO: Run Behavior\BuildLiteBehavior [ RunTime:0.000000s ]
INFO: [ app_init ] --END-- [ RunTime:0.000000s ]

[ 2018-05-18T09:21:21+08:00 ] ::1 /health/index.php/Manage/Order/index
ERR: Cron:测试执行定时任务 Runat 2018-05-18 09:21:21 Use 0.024002 s 

[ 2018-05-18T09:21:21+08:00 ] ::1 /health/index.php/Manage/Order/index
INFO: [ app_init ] --START--
INFO: Run Behavior\BuildLiteBehavior [ RunTime:0.000000s ]
INFO: [ app_init ] --END-- [ RunTime:0.001000s ]
INFO: [ app_begin ] --START--
INFO: Run Behavior\ReadHtmlCacheBehavior [ RunTime:0.001000s ]
SQL: SHOW COLUMNS FROM `hl_order` [ RunTime:0.0070s ]
SQL: SELECT `id`,`pay_time` FROM `hl_order` WHERE `state` = 1 AND `is_effect` = 2 AND `expire_time` > 1526606481  [ RunTime:0.0010s ]
INFO: Run Behavior\CronRunBehavior [ RunTime:0.026002s ]
INFO: [ app_begin ] --END-- [ RunTime:0.027002s ]

[ 2018-05-18T09:21:22+08:00 ] ::1 /health/index.php/Manage/Login/index.html
INFO: [ app_init ] --START--
INFO: Run Behavior\BuildLiteBehavior [ RunTime:0.000000s ]
INFO: [ app_init ] --END-- [ RunTime:0.001000s ]
INFO: [ app_begin ] --START--
INFO: Run Behavior\ReadHtmlCacheBehavior [ RunTime:0.001000s ]
INFO: Run Behavior\CronRunBehavior [ RunTime:0.001000s ]
INFO: [ app_begin ] --END-- [ RunTime:0.002000s ]
SQL: SHOW COLUMNS FROM `hl_logo` [ RunTime:0.8770s ]
SQL: SELECT * FROM `hl_logo` WHERE ( state=1 ) LIMIT 1   [ RunTime:0.0010s ]
SQL: SHOW COLUMNS FROM `hl_copyright` [ RunTime:0.2980s ]
SQL: SELECT * FROM `hl_copyright` LIMIT 1   [ RunTime:0.0000s ]
INFO: [ view_parse ] --START--
INFO: [ template_filter ] --START--
INFO: Run Behavior\ContentReplaceBehavior [ RunTime:0.000000s ]
INFO: [ template_filter ] --END-- [ RunTime:0.000000s ]
NOTIC: [8] Undefined variable: status D:\PHPTutorial\WWW\health\Project\Runtime\Cache\Manage\acc83392708bb2d17d7193f51786db48.php 第 100 行.
INFO: Run Behavior\ParseTemplateBehavior [ RunTime:0.073004s ]
INFO: [ view_parse ] --END-- [ RunTime:0.073004s ]
INFO: [ view_filter ] --START--
INFO: Run Behavior\WriteHtmlCacheBehavior [ RunTime:0.001000s ]
INFO: [ view_filter ] --END-- [ RunTime:0.001000s ]
INFO: [ app_end ] --START--
INFO: Run Behavior\ShowPageTraceBehavior [ RunTime:0.001000s ]
INFO: [ app_end ] --END-- [ RunTime:0.001000s ]

[ 2018-05-18T09:21:22+08:00 ] ::1 /health/index.php/Manage/Order/index
INFO: [ app_init ] --START--
INFO: Run Behavior\BuildLiteBehavior [ RunTime:0.000000s ]
INFO: [ app_init ] --END-- [ RunTime:0.001000s ]
INFO: [ app_begin ] --START--
INFO: Run Behavior\ReadHtmlCacheBehavior [ RunTime:0.001000s ]
INFO: Run Behavior\CronRunBehavior [ RunTime:0.001000s ]
INFO: [ app_begin ] --END-- [ RunTime:0.002000s ]

[ 2018-05-18T09:21:23+08:00 ] ::1 /health/index.php/Manage/Login/index.html
INFO: [ app_init ] --START--
INFO: Run Behavior\BuildLiteBehavior [ RunTime:0.000000s ]
INFO: [ app_init ] --END-- [ RunTime:0.001000s ]
INFO: [ app_begin ] --START--
INFO: Run Behavior\ReadHtmlCacheBehavior [ RunTime:0.000000s ]
INFO: Run Behavior\CronRunBehavior [ RunTime:0.001000s ]
INFO: [ app_begin ] --END-- [ RunTime:0.001000s ]
SQL: SHOW COLUMNS FROM `hl_logo` [ RunTime:0.0090s ]
SQL: SELECT * FROM `hl_logo` WHERE ( state=1 ) LIMIT 1   [ RunTime:0.0010s ]
SQL: SHOW COLUMNS FROM `hl_copyright` [ RunTime:0.0060s ]
SQL: SELECT * FROM `hl_copyright` LIMIT 1   [ RunTime:0.0010s ]
INFO: [ view_parse ] --START--
INFO: [ template_filter ] --START--
INFO: Run Behavior\ContentReplaceBehavior [ RunTime:0.000000s ]
INFO: [ template_filter ] --END-- [ RunTime:0.000000s ]
NOTIC: [8] Undefined variable: status D:\PHPTutorial\WWW\health\Project\Runtime\Cache\Manage\acc83392708bb2d17d7193f51786db48.php 第 100 行.
INFO: Run Behavior\ParseTemplateBehavior [ RunTime:0.010000s ]
INFO: [ view_parse ] --END-- [ RunTime:0.010000s ]
INFO: [ view_filter ] --START--
INFO: Run Behavior\WriteHtmlCacheBehavior [ RunTime:0.000000s ]
INFO: [ view_filter ] --END-- [ RunTime:0.000000s ]
INFO: [ app_end ] --START--
INFO: Run Behavior\ShowPageTraceBehavior [ RunTime:0.001000s ]
INFO: [ app_end ] --END-- [ RunTime:0.002001s ]

[ 2018-05-18T09:21:28+08:00 ] ::1 /health/index.php/Manage/Login/vadataajax?name=admin&pass=123456
ERR: Cron:测试执行定时任务 Runat 2018-05-18 09:21:28 Use 0.030001 s 

[ 2018-05-18T09:21:28+08:00 ] ::1 /health/index.php/Manage/Login/vadataajax?name=admin&pass=123456
INFO: [ app_init ] --START--
INFO: Run Behavior\BuildLiteBehavior [ RunTime:0.000000s ]
INFO: [ app_init ] --END-- [ RunTime:0.001000s ]
INFO: [ app_begin ] --START--
INFO: Run Behavior\ReadHtmlCacheBehavior [ RunTime:0.001000s ]
SQL: SHOW COLUMNS FROM `hl_order` [ RunTime:0.0100s ]
SQL: SELECT `id`,`pay_time` FROM `hl_order` WHERE `state` = 1 AND `is_effect` = 2 AND `expire_time` > 1526606488  [ RunTime:0.0020s ]
INFO: Run Behavior\CronRunBehavior [ RunTime:0.032001s ]
INFO: [ app_begin ] --END-- [ RunTime:0.033001s ]
SQL: SHOW COLUMNS FROM `hl_adminuser` [ RunTime:0.1240s ]
SQL: SELECT * FROM `hl_adminuser` WHERE `username` = 'admin' AND `password` = 'e10adc3949ba59abbe56e057f20f883e' LIMIT 1   [ RunTime:0.0010s ]
INFO: [ app_end ] --START--
INFO: Run Behavior\ShowPageTraceBehavior [ RunTime:0.001000s ]
INFO: [ app_end ] --END-- [ RunTime:0.001000s ]

[ 2018-05-18T09:21:28+08:00 ] ::1 /health/index.php/Manage/Login/login
INFO: [ app_init ] --START--
INFO: Run Behavior\BuildLiteBehavior [ RunTime:0.000000s ]
INFO: [ app_init ] --END-- [ RunTime:0.001000s ]
INFO: [ app_begin ] --START--
INFO: Run Behavior\ReadHtmlCacheBehavior [ RunTime:0.001000s ]
INFO: Run Behavior\CronRunBehavior [ RunTime:0.001000s ]
INFO: [ app_begin ] --END-- [ RunTime:0.002000s ]
SQL: SHOW COLUMNS FROM `hl_adminuser` [ RunTime:0.0060s ]
SQL: SHOW COLUMNS FROM `hl_adminuser` [ RunTime:0.0060s ]
SQL: SELECT * FROM `hl_adminuser` WHERE `username` = 'admin' AND `password` = 'e10adc3949ba59abbe56e057f20f883e' LIMIT 1   [ RunTime:0.0010s ]
SQL: SHOW COLUMNS FROM `hl_logo` [ RunTime:0.0060s ]
SQL: SELECT * FROM `hl_logo` WHERE ( state=1 ) LIMIT 1   [ RunTime:0.0000s ]
SQL: SHOW COLUMNS FROM `hl_copyright` [ RunTime:0.0060s ]
SQL: SELECT * FROM `hl_copyright` LIMIT 1   [ RunTime:0.0000s ]

[ 2018-05-18T09:21:29+08:00 ] ::1 /health/index.php/Manage/Index/index.html
INFO: [ app_init ] --START--
INFO: Run Behavior\BuildLiteBehavior [ RunTime:0.001000s ]
INFO: [ app_init ] --END-- [ RunTime:0.001000s ]
INFO: [ app_begin ] --START--
INFO: Run Behavior\ReadHtmlCacheBehavior [ RunTime:0.001000s ]
INFO: Run Behavior\CronRunBehavior [ RunTime:0.002000s ]
INFO: [ app_begin ] --END-- [ RunTime:0.003000s ]
SQL: SHOW COLUMNS FROM `hl_user` [ RunTime:0.0070s ]
SQL: SELECT COUNT(*) AS tp_count FROM `hl_user` LIMIT 1   [ RunTime:0.0010s ]
SQL: SHOW COLUMNS FROM `hl_feedback` [ RunTime:0.0070s ]
SQL: SELECT COUNT(*) AS tp_count FROM `hl_feedback` LIMIT 1   [ RunTime:0.0010s ]
SQL: SHOW COLUMNS FROM `hl_faq` [ RunTime:0.0060s ]
SQL: SELECT COUNT(*) AS tp_count FROM `hl_faq` LIMIT 1   [ RunTime:0.0000s ]
SQL: SHOW COLUMNS FROM `hl_steps` [ RunTime:0.0050s ]
SQL: SELECT COUNT(*) AS tp_count FROM `hl_steps` WHERE ( createtime like '2018-05-18%' ) LIMIT 1   [ RunTime:0.0000s ]
INFO: [ view_parse ] --START--
INFO: [ template_filter ] --START--
INFO: Run Behavior\ContentReplaceBehavior [ RunTime:0.001000s ]
INFO: [ template_filter ] --END-- [ RunTime:0.001000s ]
INFO: Run Behavior\ParseTemplateBehavior [ RunTime:0.016001s ]
INFO: [ view_parse ] --END-- [ RunTime:0.017001s ]
INFO: [ view_filter ] --START--
INFO: Run Behavior\WriteHtmlCacheBehavior [ RunTime:0.000000s ]
INFO: [ view_filter ] --END-- [ RunTime:0.000000s ]
INFO: [ app_end ] --START--
INFO: Run Behavior\ShowPageTraceBehavior [ RunTime:0.001000s ]
INFO: [ app_end ] --END-- [ RunTime:0.001000s ]

[ 2018-05-18T09:21:34+08:00 ] ::1 /health/index.php/Manage/Order/index
INFO: [ app_init ] --START--
INFO: Run Behavior\BuildLiteBehavior [ RunTime:0.000000s ]
INFO: [ app_init ] --END-- [ RunTime:0.001000s ]
INFO: [ app_begin ] --START--
INFO: Run Behavior\ReadHtmlCacheBehavior [ RunTime:0.001000s ]
INFO: Run Behavior\CronRunBehavior [ RunTime:0.001000s ]
INFO: [ app_begin ] --END-- [ RunTime:0.002000s ]
SQL: SHOW COLUMNS FROM `hl_goods` [ RunTime:0.3320s ]
SQL: SELECT * FROM `hl_goods` LIMIT 0,10   [ RunTime:0.1220s ]
SQL: SELECT COUNT(*) AS tp_count FROM `hl_goods` LIMIT 1   [ RunTime:0.0010s ]
INFO: [ view_parse ] --START--
INFO: [ template_filter ] --START--
INFO: Run Behavior\ContentReplaceBehavior [ RunTime:0.000000s ]
INFO: [ template_filter ] --END-- [ RunTime:0.000000s ]
INFO: Run Behavior\ParseTemplateBehavior [ RunTime:0.137008s ]
INFO: [ view_parse ] --END-- [ RunTime:0.137008s ]
INFO: [ view_filter ] --START--
INFO: Run Behavior\WriteHtmlCacheBehavior [ RunTime:0.000000s ]
INFO: [ view_filter ] --END-- [ RunTime:0.000000s ]
INFO: [ app_end ] --START--
INFO: Run Behavior\ShowPageTraceBehavior [ RunTime:0.002000s ]
INFO: [ app_end ] --END-- [ RunTime:0.002000s ]

[ 2018-05-18T09:21:37+08:00 ] ::1 /health/index.php/Manage/Order/favicon.ico
INFO: [ app_init ] --START--
INFO: Run Behavior\BuildLiteBehavior [ RunTime:0.000000s ]
INFO: [ app_init ] --END-- [ RunTime:0.000000s ]

[ 2018-05-18T09:23:50+08:00 ] ::1 /health/index.php/Manage/Order/index
ERR: Cron:测试执行定时任务 Runat 2018-05-18 09:23:50 Use 0.022002 s 

[ 2018-05-18T09:23:50+08:00 ] ::1 /health/index.php/Manage/Order/index
INFO: [ app_init ] --START--
INFO: Run Behavior\BuildLiteBehavior [ RunTime:0.000000s ]
INFO: [ app_init ] --END-- [ RunTime:0.000000s ]
INFO: [ app_begin ] --START--
INFO: Run Behavior\ReadHtmlCacheBehavior [ RunTime:0.001000s ]
SQL: SHOW COLUMNS FROM `hl_order` [ RunTime:0.0070s ]
SQL: SELECT `id`,`pay_time` FROM `hl_order` WHERE `state` = 1 AND `is_effect` = 2 AND `expire_time` > 1526606630  [ RunTime:0.0010s ]
INFO: Run Behavior\CronRunBehavior [ RunTime:0.025002s ]
INFO: [ app_begin ] --END-- [ RunTime:0.026002s ]
SQL: SHOW COLUMNS FROM `hl_goods` [ RunTime:0.0080s ]
SQL: SELECT * FROM `hl_goods` LIMIT 0,10   [ RunTime:0.0010s ]
SQL: SELECT COUNT(*) AS tp_count FROM `hl_goods` LIMIT 1   [ RunTime:0.0000s ]
INFO: [ view_parse ] --START--
INFO: [ template_filter ] --START--
INFO: Run Behavior\ContentReplaceBehavior [ RunTime:0.001000s ]
INFO: [ template_filter ] --END-- [ RunTime:0.001000s ]
INFO: Run Behavior\ParseTemplateBehavior [ RunTime:0.017001s ]
INFO: [ view_parse ] --END-- [ RunTime:0.017001s ]
INFO: [ view_filter ] --START--
INFO: Run Behavior\WriteHtmlCacheBehavior [ RunTime:0.001000s ]
INFO: [ view_filter ] --END-- [ RunTime:0.001000s ]
INFO: [ app_end ] --START--
INFO: Run Behavior\ShowPageTraceBehavior [ RunTime:0.001000s ]
INFO: [ app_end ] --END-- [ RunTime:0.001000s ]

[ 2018-05-18T09:23:54+08:00 ] ::1 /health/index.php/Manage/Logo/index
INFO: [ app_init ] --START--
INFO: Run Behavior\BuildLiteBehavior [ RunTime:0.000000s ]
INFO: [ app_init ] --END-- [ RunTime:0.000000s ]
INFO: [ app_begin ] --START--
INFO: Run Behavior\ReadHtmlCacheBehavior [ RunTime:0.000000s ]
INFO: Run Behavior\CronRunBehavior [ RunTime:0.001000s ]
INFO: [ app_begin ] --END-- [ RunTime:0.001000s ]
SQL: SHOW COLUMNS FROM `hl_logo` [ RunTime:0.0060s ]
SQL: SELECT * FROM `hl_logo` ORDER BY state asc  [ RunTime:0.0010s ]
INFO: [ view_parse ] --START--
INFO: [ template_filter ] --START--
INFO: Run Behavior\ContentReplaceBehavior [ RunTime:0.000000s ]
INFO: [ template_filter ] --END-- [ RunTime:0.000000s ]
NOTIC: [8] Undefined index: time D:\PHPTutorial\WWW\health\Project\Runtime\Cache\Manage\bfb68006fe10811bbe71eb22da405f1f.php 第 332 行.
INFO: Run Behavior\ParseTemplateBehavior [ RunTime:0.027001s ]
INFO: [ view_parse ] --END-- [ RunTime:0.027001s ]
INFO: [ view_filter ] --START--
INFO: Run Behavior\WriteHtmlCacheBehavior [ RunTime:0.000000s ]
INFO: [ view_filter ] --END-- [ RunTime:0.000000s ]
INFO: [ app_end ] --START--
INFO: Run Behavior\ShowPageTraceBehavior [ RunTime:0.001000s ]
INFO: [ app_end ] --END-- [ RunTime:0.001000s ]

[ 2018-05-18T09:23:55+08:00 ] ::1 /health/index.php/Manage/Logo/favicon.ico
INFO: [ app_init ] --START--
INFO: Run Behavior\BuildLiteBehavior [ RunTime:0.000000s ]
INFO: [ app_init ] --END-- [ RunTime:0.001000s ]

[ 2018-05-18T09:23:59+08:00 ] ::1 /health/index.php/Manage/Order/index
ERR: Cron:测试执行定时任务 Runat 2018-05-18 09:23:59 Use 0.028001 s 

[ 2018-05-18T09:23:59+08:00 ] ::1 /health/index.php/Manage/Order/index
INFO: [ app_init ] --START--
INFO: Run Behavior\BuildLiteBehavior [ RunTime:0.000000s ]
INFO: [ app_init ] --END-- [ RunTime:0.001000s ]
INFO: [ app_begin ] --START--
INFO: Run Behavior\ReadHtmlCacheBehavior [ RunTime:0.001000s ]
SQL: SHOW COLUMNS FROM `hl_order` [ RunTime:0.0060s ]
SQL: SELECT `id`,`pay_time` FROM `hl_order` WHERE `state` = 1 AND `is_effect` = 2 AND `expire_time` > 1526606639  [ RunTime:0.0000s ]
INFO: Run Behavior\CronRunBehavior [ RunTime:0.031002s ]
INFO: [ app_begin ] --END-- [ RunTime:0.032002s ]
SQL: SHOW COLUMNS FROM `hl_goods` [ RunTime:0.0060s ]
SQL: SELECT * FROM `hl_goods` LIMIT 0,10   [ RunTime:0.0010s ]
SQL: SELECT COUNT(*) AS tp_count FROM `hl_goods` LIMIT 1   [ RunTime:0.0010s ]
INFO: [ view_parse ] --START--
INFO: [ template_filter ] --START--
INFO: Run Behavior\ContentReplaceBehavior [ RunTime:0.000000s ]
INFO: [ template_filter ] --END-- [ RunTime:0.000000s ]
INFO: Run Behavior\ParseTemplateBehavior [ RunTime:0.017001s ]
INFO: [ view_parse ] --END-- [ RunTime:0.017001s ]
INFO: [ view_filter ] --START--
INFO: Run Behavior\WriteHtmlCacheBehavior [ RunTime:0.000000s ]
INFO: [ view_filter ] --END-- [ RunTime:0.000000s ]
INFO: [ app_end ] --START--
INFO: Run Behavior\ShowPageTraceBehavior [ RunTime:0.001000s ]
INFO: [ app_end ] --END-- [ RunTime:0.001000s ]

[ 2018-05-18T09:48:32+08:00 ] ::1 /health/index.php/Manage/Product/index
ERR: Cron:测试执行定时任务 Runat 2018-05-18 09:48:32 Use 0.082005 s 

[ 2018-05-18T09:48:32+08:00 ] ::1 /health/index.php/Manage/Product/index
INFO: [ app_init ] --START--
INFO: Run Behavior\BuildLiteBehavior [ RunTime:0.000000s ]
INFO: [ app_init ] --END-- [ RunTime:0.001000s ]
INFO: [ app_begin ] --START--
INFO: Run Behavior\ReadHtmlCacheBehavior [ RunTime:0.001000s ]
SQL: SHOW COLUMNS FROM `hl_order` [ RunTime:0.0120s ]
SQL: SELECT `id`,`pay_time`,`rest_time` FROM `hl_order` WHERE `state` = 1 AND `is_effect` = 2 AND `expire_time` > 1526608112  [ RunTime:0.0010s ]
INFO: Run Behavior\CronRunBehavior [ RunTime:0.085005s ]
INFO: [ app_begin ] --END-- [ RunTime:0.086005s ]
SQL: SHOW COLUMNS FROM `hl_goods` [ RunTime:0.0110s ]
SQL: SELECT * FROM `hl_goods` LIMIT 0,10   [ RunTime:0.0010s ]
SQL: SELECT COUNT(*) AS tp_count FROM `hl_goods` LIMIT 1   [ RunTime:0.0010s ]
INFO: [ view_parse ] --START--
INFO: [ template_filter ] --START--
INFO: Run Behavior\ContentReplaceBehavior [ RunTime:0.001000s ]
INFO: [ template_filter ] --END-- [ RunTime:0.001000s ]
INFO: Run Behavior\ParseTemplateBehavior [ RunTime:0.037002s ]
INFO: [ view_parse ] --END-- [ RunTime:0.038002s ]
INFO: [ view_filter ] --START--
INFO: Run Behavior\WriteHtmlCacheBehavior [ RunTime:0.000000s ]
INFO: [ view_filter ] --END-- [ RunTime:0.000000s ]
INFO: [ app_end ] --START--
INFO: Run Behavior\ShowPageTraceBehavior [ RunTime:0.001001s ]
INFO: [ app_end ] --END-- [ RunTime:0.001001s ]

[ 2018-05-18T09:48:32+08:00 ] ::1 /health/index.php/Manage/Product/favicon.ico
INFO: [ app_init ] --START--
INFO: Run Behavior\BuildLiteBehavior [ RunTime:0.000000s ]
INFO: [ app_init ] --END-- [ RunTime:0.001000s ]

[ 2018-05-18T09:48:34+08:00 ] ::1 /health/index.php/Manage/Order/index
INFO: [ app_init ] --START--
INFO: Run Behavior\BuildLiteBehavior [ RunTime:0.000000s ]
INFO: [ app_init ] --END-- [ RunTime:0.001000s ]
INFO: [ app_begin ] --START--
INFO: Run Behavior\ReadHtmlCacheBehavior [ RunTime:0.001000s ]
INFO: Run Behavior\CronRunBehavior [ RunTime:0.002000s ]
INFO: [ app_begin ] --END-- [ RunTime:0.003000s ]
SQL: SHOW COLUMNS FROM `hl_goods` [ RunTime:0.0120s ]
SQL: SELECT * FROM `hl_goods` LIMIT 0,10   [ RunTime:0.0010s ]
SQL: SELECT COUNT(*) AS tp_count FROM `hl_goods` LIMIT 1   [ RunTime:0.0010s ]
INFO: [ view_parse ] --START--
INFO: [ template_filter ] --START--
INFO: Run Behavior\ContentReplaceBehavior [ RunTime:0.001000s ]
INFO: [ template_filter ] --END-- [ RunTime:0.001000s ]
INFO: Run Behavior\ParseTemplateBehavior [ RunTime:0.018001s ]
INFO: [ view_parse ] --END-- [ RunTime:0.018001s ]
INFO: [ view_filter ] --START--
INFO: Run Behavior\WriteHtmlCacheBehavior [ RunTime:0.001000s ]
INFO: [ view_filter ] --END-- [ RunTime:0.001000s ]
INFO: [ app_end ] --START--
INFO: Run Behavior\ShowPageTraceBehavior [ RunTime:0.001000s ]
INFO: [ app_end ] --END-- [ RunTime:0.001000s ]

[ 2018-05-18T09:48:40+08:00 ] ::1 /health/index.php/Manage/Order/index
ERR: Cron:测试执行定时任务 Runat 2018-05-18 09:48:40 Use 0.028002 s 

[ 2018-05-18T09:48:41+08:00 ] ::1 /health/index.php/Manage/Order/index
INFO: [ app_init ] --START--
INFO: Run Behavior\BuildLiteBehavior [ RunTime:0.000000s ]
INFO: [ app_init ] --END-- [ RunTime:0.000000s ]
INFO: [ app_begin ] --START--
INFO: Run Behavior\ReadHtmlCacheBehavior [ RunTime:0.001000s ]
SQL: SHOW COLUMNS FROM `hl_order` [ RunTime:0.0120s ]
SQL: SELECT `id`,`pay_time`,`rest_time` FROM `hl_order` WHERE `state` = 1 AND `is_effect` = 2 AND `expire_time` > 1526608120  [ RunTime:0.0000s ]
INFO: Run Behavior\CronRunBehavior [ RunTime:0.033002s ]
INFO: [ app_begin ] --END-- [ RunTime:0.034002s ]
SQL: SHOW COLUMNS FROM `hl_goods` [ RunTime:0.0120s ]
SQL: SELECT * FROM `hl_goods` LIMIT 0,10   [ RunTime:0.0010s ]
SQL: SELECT COUNT(*) AS tp_count FROM `hl_goods` LIMIT 1   [ RunTime:0.0000s ]
INFO: [ view_parse ] --START--
INFO: [ template_filter ] --START--
INFO: Run Behavior\ContentReplaceBehavior [ RunTime:0.000000s ]
INFO: [ template_filter ] --END-- [ RunTime:0.000000s ]
INFO: Run Behavior\ParseTemplateBehavior [ RunTime:0.018001s ]
INFO: [ view_parse ] --END-- [ RunTime:0.018001s ]
INFO: [ view_filter ] --START--
INFO: Run Behavior\WriteHtmlCacheBehavior [ RunTime:0.000000s ]
INFO: [ view_filter ] --END-- [ RunTime:0.000000s ]
INFO: [ app_end ] --START--
INFO: Run Behavior\ShowPageTraceBehavior [ RunTime:0.001000s ]
INFO: [ app_end ] --END-- [ RunTime:0.002000s ]

[ 2018-05-18T09:57:16+08:00 ] ::1 /health/index.php/Manage/Order/index
ERR: Cron:测试执行定时任务 Runat 2018-05-18 09:57:16 Use 0.038002 s 

[ 2018-05-18T09:57:16+08:00 ] ::1 /health/index.php/Manage/Order/index
INFO: [ app_init ] --START--
INFO: Run Behavior\BuildLiteBehavior [ RunTime:0.000000s ]
INFO: [ app_init ] --END-- [ RunTime:0.001000s ]
INFO: [ app_begin ] --START--
INFO: Run Behavior\ReadHtmlCacheBehavior [ RunTime:0.002000s ]
SQL: SHOW COLUMNS FROM `hl_order` [ RunTime:0.0140s ]
SQL: SELECT `id`,`pay_time`,`rest_time` FROM `hl_order` WHERE `state` = 1 AND `is_effect` = 2 AND `expire_time` > 1526608636  [ RunTime:0.0010s ]
INFO: Run Behavior\CronRunBehavior [ RunTime:0.043002s ]
INFO: [ app_begin ] --END-- [ RunTime:0.046002s ]
SQL: SHOW COLUMNS FROM `hl_goods` [ RunTime:0.0150s ]
SQL: SELECT * FROM `hl_goods` LIMIT 0,10   [ RunTime:0.0010s ]
SQL: SELECT COUNT(*) AS tp_count FROM `hl_goods` LIMIT 1   [ RunTime:0.0000s ]
INFO: [ view_parse ] --START--
INFO: [ template_filter ] --START--
INFO: Run Behavior\ContentReplaceBehavior [ RunTime:0.000000s ]
INFO: [ template_filter ] --END-- [ RunTime:0.001000s ]
INFO: Run Behavior\ParseTemplateBehavior [ RunTime:0.018001s ]
INFO: [ view_parse ] --END-- [ RunTime:0.018001s ]
INFO: [ view_filter ] --START--
INFO: Run Behavior\WriteHtmlCacheBehavior [ RunTime:0.001000s ]
INFO: [ view_filter ] --END-- [ RunTime:0.001000s ]
INFO: [ app_end ] --START--
INFO: Run Behavior\ShowPageTraceBehavior [ RunTime:0.001000s ]
INFO: [ app_end ] --END-- [ RunTime:0.001000s ]

[ 2018-05-18T09:57:19+08:00 ] ::1 /health/index.php/Manage/Product/index
INFO: [ app_init ] --START--
INFO: Run Behavior\BuildLiteBehavior [ RunTime:0.000000s ]
INFO: [ app_init ] --END-- [ RunTime:0.001000s ]
INFO: [ app_begin ] --START--
INFO: Run Behavior\ReadHtmlCacheBehavior [ RunTime:0.001000s ]
INFO: Run Behavior\CronRunBehavior [ RunTime:0.001000s ]
INFO: [ app_begin ] --END-- [ RunTime:0.002000s ]
SQL: SHOW COLUMNS FROM `hl_goods` [ RunTime:0.0130s ]
SQL: SELECT * FROM `hl_goods` LIMIT 0,10   [ RunTime:0.0010s ]
SQL: SELECT COUNT(*) AS tp_count FROM `hl_goods` LIMIT 1   [ RunTime:0.0000s ]
INFO: [ view_parse ] --START--
INFO: [ template_filter ] --START--
INFO: Run Behavior\ContentReplaceBehavior [ RunTime:0.001000s ]
INFO: [ template_filter ] --END-- [ RunTime:0.001000s ]
INFO: Run Behavior\ParseTemplateBehavior [ RunTime:0.017001s ]
INFO: [ view_parse ] --END-- [ RunTime:0.017001s ]
INFO: [ view_filter ] --START--
INFO: Run Behavior\WriteHtmlCacheBehavior [ RunTime:0.001000s ]
INFO: [ view_filter ] --END-- [ RunTime:0.001000s ]
INFO: [ app_end ] --START--
INFO: Run Behavior\ShowPageTraceBehavior [ RunTime:0.001000s ]
INFO: [ app_end ] --END-- [ RunTime:0.001000s ]

[ 2018-05-18T09:59:41+08:00 ] ::1 /health/index.php/Manage/Product/index
ERR: Cron:测试执行定时任务 Runat 2018-05-18 09:59:41 Use 0.042002 s 

[ 2018-05-18T09:59:41+08:00 ] ::1 /health/index.php/Manage/Product/index
INFO: [ app_init ] --START--
INFO: Run Behavior\BuildLiteBehavior [ RunTime:0.000000s ]
INFO: [ app_init ] --END-- [ RunTime:0.001000s ]
INFO: [ app_begin ] --START--
INFO: Run Behavior\ReadHtmlCacheBehavior [ RunTime:0.001000s ]
SQL: SHOW COLUMNS FROM `hl_order` [ RunTime:0.0170s ]
SQL: SELECT `id`,`pay_time`,`rest_time` FROM `hl_order` WHERE `state` = 1 AND `is_effect` = 2 AND `expire_time` > 1526608781  [ RunTime:0.0010s ]
INFO: Run Behavior\CronRunBehavior [ RunTime:0.047002s ]
INFO: [ app_begin ] --END-- [ RunTime:0.048002s ]
SQL: SHOW COLUMNS FROM `hl_goods` [ RunTime:0.0180s ]
SQL: SELECT * FROM `hl_goods` LIMIT 0,10   [ RunTime:0.0010s ]
SQL: SELECT COUNT(*) AS tp_count FROM `hl_goods` LIMIT 1   [ RunTime:0.0010s ]
INFO: [ view_parse ] --START--
INFO: [ template_filter ] --START--
INFO: Run Behavior\ContentReplaceBehavior [ RunTime:0.001000s ]
INFO: [ template_filter ] --END-- [ RunTime:0.001000s ]
INFO: Run Behavior\ParseTemplateBehavior [ RunTime:0.019001s ]
INFO: [ view_parse ] --END-- [ RunTime:0.019001s ]
INFO: [ view_filter ] --START--
INFO: Run Behavior\WriteHtmlCacheBehavior [ RunTime:0.000000s ]
INFO: [ view_filter ] --END-- [ RunTime:0.000000s ]
INFO: [ app_end ] --START--
INFO: Run Behavior\ShowPageTraceBehavior [ RunTime:0.001000s ]
INFO: [ app_end ] --END-- [ RunTime:0.002000s ]

[ 2018-05-18T09:59:54+08:00 ] ::1 /health/index.php/Manage/Product/index
ERR: Cron:测试执行定时任务 Runat 2018-05-18 09:59:54 Use 0.037003 s 

[ 2018-05-18T09:59:54+08:00 ] ::1 /health/index.php/Manage/Product/index
INFO: [ app_init ] --START--
INFO: Run Behavior\BuildLiteBehavior [ RunTime:0.000000s ]
INFO: [ app_init ] --END-- [ RunTime:0.003000s ]
INFO: [ app_begin ] --START--
INFO: Run Behavior\ReadHtmlCacheBehavior [ RunTime:0.001000s ]
SQL: SHOW COLUMNS FROM `hl_order` [ RunTime:0.0160s ]
SQL: SELECT `id`,`pay_time`,`rest_time` FROM `hl_order` WHERE `state` = 1 AND `is_effect` = 2 AND `expire_time` > 1526608794  [ RunTime:0.0010s ]
INFO: Run Behavior\CronRunBehavior [ RunTime:0.041003s ]
INFO: [ app_begin ] --END-- [ RunTime:0.042003s ]
SQL: SHOW COLUMNS FROM `hl_goods` [ RunTime:0.0170s ]
SQL: SELECT * FROM `hl_goods` LIMIT 0,10   [ RunTime:0.0010s ]
SQL: SELECT COUNT(*) AS tp_count FROM `hl_goods` LIMIT 1   [ RunTime:0.0000s ]
INFO: [ view_parse ] --START--
INFO: [ template_filter ] --START--
INFO: Run Behavior\ContentReplaceBehavior [ RunTime:0.000000s ]
INFO: [ template_filter ] --END-- [ RunTime:0.000000s ]
INFO: Run Behavior\ParseTemplateBehavior [ RunTime:0.021001s ]
INFO: [ view_parse ] --END-- [ RunTime:0.021001s ]
INFO: [ view_filter ] --START--
INFO: Run Behavior\WriteHtmlCacheBehavior [ RunTime:0.000000s ]
INFO: [ view_filter ] --END-- [ RunTime:0.000000s ]
INFO: [ app_end ] --START--
INFO: Run Behavior\ShowPageTraceBehavior [ RunTime:0.001000s ]
INFO: [ app_end ] --END-- [ RunTime:0.001000s ]

[ 2018-05-18T10:00:02+08:00 ] ::1 /health/index.php/Manage/Order/index
ERR: Cron:测试执行定时任务 Runat 2018-05-18 10:00:02 Use 0.027002 s 

[ 2018-05-18T10:00:02+08:00 ] ::1 /health/index.php/Manage/Order/index
INFO: [ app_init ] --START--
INFO: Run Behavior\BuildLiteBehavior [ RunTime:0.000000s ]
INFO: [ app_init ] --END-- [ RunTime:0.001000s ]
INFO: [ app_begin ] --START--
INFO: Run Behavior\ReadHtmlCacheBehavior [ RunTime:0.001000s ]
SQL: SHOW COLUMNS FROM `hl_order` [ RunTime:0.0140s ]
SQL: SELECT `id`,`pay_time`,`rest_time` FROM `hl_order` WHERE `state` = 1 AND `is_effect` = 2 AND `expire_time` > 1526608802  [ RunTime:0.0010s ]
INFO: Run Behavior\CronRunBehavior [ RunTime:0.031002s ]
INFO: [ app_begin ] --END-- [ RunTime:0.032002s ]
SQL: SHOW COLUMNS FROM `hl_goods` [ RunTime:0.0140s ]
SQL: SELECT * FROM `hl_goods` LIMIT 0,10   [ RunTime:0.0010s ]
SQL: SELECT COUNT(*) AS tp_count FROM `hl_goods` LIMIT 1   [ RunTime:0.0010s ]
INFO: [ view_parse ] --START--
INFO: [ template_filter ] --START--
INFO: Run Behavior\ContentReplaceBehavior [ RunTime:0.000000s ]
INFO: [ template_filter ] --END-- [ RunTime:0.001000s ]
INFO: Run Behavior\ParseTemplateBehavior [ RunTime:0.020001s ]
INFO: [ view_parse ] --END-- [ RunTime:0.020001s ]
INFO: [ view_filter ] --START--
INFO: Run Behavior\WriteHtmlCacheBehavior [ RunTime:0.000000s ]
INFO: [ view_filter ] --END-- [ RunTime:0.000000s ]
INFO: [ app_end ] --START--
INFO: Run Behavior\ShowPageTraceBehavior [ RunTime:0.000000s ]
INFO: [ app_end ] --END-- [ RunTime:0.000000s ]

[ 2018-05-18T10:00:18+08:00 ] ::1 /health/index.php/Manage/Order/index
ERR: Cron:测试执行定时任务 Runat 2018-05-18 10:00:18 Use 0.027001 s 

[ 2018-05-18T10:00:18+08:00 ] ::1 /health/index.php/Manage/Order/index
INFO: [ app_init ] --START--
INFO: Run Behavior\BuildLiteBehavior [ RunTime:0.000000s ]
INFO: [ app_init ] --END-- [ RunTime:0.000000s ]
INFO: [ app_begin ] --START--
INFO: Run Behavior\ReadHtmlCacheBehavior [ RunTime:0.001001s ]
SQL: SHOW COLUMNS FROM `hl_order` [ RunTime:0.0130s ]
SQL: SELECT `id`,`pay_time`,`rest_time` FROM `hl_order` WHERE `state` = 1 AND `is_effect` = 2 AND `expire_time` > 1526608818  [ RunTime:0.0010s ]
INFO: Run Behavior\CronRunBehavior [ RunTime:0.031001s ]
INFO: [ app_begin ] --END-- [ RunTime:0.032002s ]
SQL: SHOW COLUMNS FROM `hl_goods` [ RunTime:0.0140s ]
SQL: SELECT * FROM `hl_goods` LIMIT 0,10   [ RunTime:0.0020s ]
SQL: SELECT COUNT(*) AS tp_count FROM `hl_goods` LIMIT 1   [ RunTime:0.0000s ]
INFO: [ view_parse ] --START--
INFO: [ template_filter ] --START--
INFO: Run Behavior\ContentReplaceBehavior [ RunTime:0.000000s ]
INFO: [ template_filter ] --END-- [ RunTime:0.000000s ]
INFO: Run Behavior\ParseTemplateBehavior [ RunTime:0.021001s ]
INFO: [ view_parse ] --END-- [ RunTime:0.021001s ]
INFO: [ view_filter ] --START--
INFO: Run Behavior\WriteHtmlCacheBehavior [ RunTime:0.000000s ]
INFO: [ view_filter ] --END-- [ RunTime:0.000000s ]
INFO: [ app_end ] --START--
INFO: Run Behavior\ShowPageTraceBehavior [ RunTime:0.001000s ]
INFO: [ app_end ] --END-- [ RunTime:0.001000s ]

[ 2018-05-18T10:07:53+08:00 ] ::1 /health/index.php/Manage/Order/index
ERR: Cron:测试执行定时任务 Runat 2018-05-18 10:07:53 Use 0.027002 s 

[ 2018-05-18T10:07:53+08:00 ] ::1 /health/index.php/Manage/Order/index
INFO: [ app_init ] --START--
INFO: Run Behavior\BuildLiteBehavior [ RunTime:0.000000s ]
INFO: [ app_init ] --END-- [ RunTime:0.001000s ]
INFO: [ app_begin ] --START--
INFO: Run Behavior\ReadHtmlCacheBehavior [ RunTime:0.001000s ]
SQL: SHOW COLUMNS FROM `hl_order` [ RunTime:0.0140s ]
SQL: SELECT `id`,`pay_time`,`rest_time` FROM `hl_order` WHERE `state` = 1 AND `is_effect` = 2 AND `expire_time` > 1526609273  [ RunTime:0.0010s ]
INFO: Run Behavior\CronRunBehavior [ RunTime:0.034002s ]
INFO: [ app_begin ] --END-- [ RunTime:0.036002s ]
SQL: SHOW COLUMNS FROM `hl_goods` [ RunTime:0.0130s ]
SQL: SELECT * FROM `hl_goods` LIMIT 0,10   [ RunTime:0.0010s ]
SQL: SELECT COUNT(*) AS tp_count FROM `hl_goods` LIMIT 1   [ RunTime:0.0000s ]
INFO: [ view_parse ] --START--
INFO: [ template_filter ] --START--
INFO: Run Behavior\ContentReplaceBehavior [ RunTime:0.000000s ]
INFO: [ template_filter ] --END-- [ RunTime:0.000000s ]
INFO: Run Behavior\ParseTemplateBehavior [ RunTime:0.020001s ]
INFO: [ view_parse ] --END-- [ RunTime:0.020001s ]
INFO: [ view_filter ] --START--
INFO: Run Behavior\WriteHtmlCacheBehavior [ RunTime:0.000000s ]
INFO: [ view_filter ] --END-- [ RunTime:0.001000s ]
INFO: [ app_end ] --START--
INFO: Run Behavior\ShowPageTraceBehavior [ RunTime:0.001001s ]
INFO: [ app_end ] --END-- [ RunTime:0.001001s ]

[ 2018-05-18T10:11:35+08:00 ] ::1 /health/index.php/Manage/Order/index
ERR: Cron:测试执行定时任务 Runat 2018-05-18 10:11:35 Use 0.040002 s 

[ 2018-05-18T10:11:35+08:00 ] ::1 /health/index.php/Manage/Order/index
INFO: [ app_init ] --START--
INFO: Run Behavior\BuildLiteBehavior [ RunTime:0.000000s ]
INFO: [ app_init ] --END-- [ RunTime:0.000000s ]
INFO: [ app_begin ] --START--
INFO: Run Behavior\ReadHtmlCacheBehavior [ RunTime:0.001000s ]
SQL: SHOW COLUMNS FROM `hl_order` [ RunTime:0.0160s ]
SQL: SELECT `id`,`pay_time`,`rest_time` FROM `hl_order` WHERE `state` = 1 AND `is_effect` = 2 AND `expire_time` > 1526609495  [ RunTime:0.0000s ]
INFO: Run Behavior\CronRunBehavior [ RunTime:0.045002s ]
INFO: [ app_begin ] --END-- [ RunTime:0.046002s ]
SQL: SHOW COLUMNS FROM `hl_goods` [ RunTime:0.0140s ]
SQL: SELECT * FROM `hl_goods` LIMIT 0,10   [ RunTime:0.0010s ]
SQL: SELECT COUNT(*) AS tp_count FROM `hl_goods` LIMIT 1   [ RunTime:0.0000s ]
INFO: [ view_parse ] --START--
INFO: [ template_filter ] --START--
INFO: Run Behavior\ContentReplaceBehavior [ RunTime:0.000000s ]
INFO: [ template_filter ] --END-- [ RunTime:0.000000s ]
INFO: Run Behavior\ParseTemplateBehavior [ RunTime:0.018001s ]
INFO: [ view_parse ] --END-- [ RunTime:0.018001s ]
INFO: [ view_filter ] --START--
INFO: Run Behavior\WriteHtmlCacheBehavior [ RunTime:0.000000s ]
INFO: [ view_filter ] --END-- [ RunTime:0.000000s ]
INFO: [ app_end ] --START--
INFO: Run Behavior\ShowPageTraceBehavior [ RunTime:0.001000s ]
INFO: [ app_end ] --END-- [ RunTime:0.001000s ]

[ 2018-05-18T10:14:40+08:00 ] ::1 /health/index.php/Manage/Order/index
ERR: Cron:测试执行定时任务 Runat 2018-05-18 10:14:40 Use 0.028002 s 

[ 2018-05-18T10:14:40+08:00 ] ::1 /health/index.php/Manage/Order/index
INFO: [ app_init ] --START--
INFO: Run Behavior\BuildLiteBehavior [ RunTime:0.000000s ]
INFO: [ app_init ] --END-- [ RunTime:0.000000s ]
INFO: [ app_begin ] --START--
INFO: Run Behavior\ReadHtmlCacheBehavior [ RunTime:0.001000s ]
SQL: SHOW COLUMNS FROM `hl_order` [ RunTime:0.0140s ]
SQL: SELECT `id`,`pay_time`,`rest_time` FROM `hl_order` WHERE `state` = 1 AND `is_effect` = 2 AND `expire_time` > 1526609680  [ RunTime:0.0010s ]
INFO: Run Behavior\CronRunBehavior [ RunTime:0.033002s ]
INFO: [ app_begin ] --END-- [ RunTime:0.035002s ]
SQL: SHOW COLUMNS FROM `hl_goods` [ RunTime:0.0130s ]
SQL: SELECT * FROM `hl_goods` LIMIT 0,10   [ RunTime:0.0010s ]
SQL: SELECT COUNT(*) AS tp_count FROM `hl_goods` LIMIT 1   [ RunTime:0.0000s ]
INFO: [ view_parse ] --START--
INFO: [ template_filter ] --START--
INFO: Run Behavior\ContentReplaceBehavior [ RunTime:0.000000s ]
INFO: [ template_filter ] --END-- [ RunTime:0.001000s ]
INFO: Run Behavior\ParseTemplateBehavior [ RunTime:0.019001s ]
INFO: [ view_parse ] --END-- [ RunTime:0.019001s ]
INFO: [ view_filter ] --START--
INFO: Run Behavior\WriteHtmlCacheBehavior [ RunTime:0.000000s ]
INFO: [ view_filter ] --END-- [ RunTime:0.000000s ]
INFO: [ app_end ] --START--
INFO: Run Behavior\ShowPageTraceBehavior [ RunTime:0.002000s ]
INFO: [ app_end ] --END-- [ RunTime:0.002000s ]

[ 2018-05-18T10:14:54+08:00 ] ::1 /health/index.php/Manage/Order/index
ERR: Cron:测试执行定时任务 Runat 2018-05-18 10:14:54 Use 0.028001 s 

[ 2018-05-18T10:14:54+08:00 ] ::1 /health/index.php/Manage/Order/index
INFO: [ app_init ] --START--
INFO: Run Behavior\BuildLiteBehavior [ RunTime:0.000000s ]
INFO: [ app_init ] --END-- [ RunTime:0.001000s ]
INFO: [ app_begin ] --START--
INFO: Run Behavior\ReadHtmlCacheBehavior [ RunTime:0.000000s ]
SQL: SHOW COLUMNS FROM `hl_order` [ RunTime:0.0130s ]
SQL: SELECT `id`,`pay_time`,`rest_time` FROM `hl_order` WHERE `state` = 1 AND `is_effect` = 2 AND `expire_time` > 1526609694  [ RunTime:0.0010s ]
INFO: Run Behavior\CronRunBehavior [ RunTime:0.033002s ]
INFO: [ app_begin ] --END-- [ RunTime:0.033002s ]
SQL: SHOW COLUMNS FROM `hl_goods` [ RunTime:0.0130s ]
SQL: SELECT * FROM `hl_goods` LIMIT 0,10   [ RunTime:0.0010s ]
SQL: SELECT COUNT(*) AS tp_count FROM `hl_goods` LIMIT 1   [ RunTime:0.0010s ]
INFO: [ view_parse ] --START--
INFO: [ template_filter ] --START--
INFO: Run Behavior\ContentReplaceBehavior [ RunTime:0.001000s ]
INFO: [ template_filter ] --END-- [ RunTime:0.001000s ]
INFO: Run Behavior\ParseTemplateBehavior [ RunTime:0.019001s ]
INFO: [ view_parse ] --END-- [ RunTime:0.019001s ]
INFO: [ view_filter ] --START--
INFO: Run Behavior\WriteHtmlCacheBehavior [ RunTime:0.001000s ]
INFO: [ view_filter ] --END-- [ RunTime:0.001000s ]
INFO: [ app_end ] --START--
INFO: Run Behavior\ShowPageTraceBehavior [ RunTime:0.001000s ]
INFO: [ app_end ] --END-- [ RunTime:0.001000s ]

[ 2018-05-18T10:15:13+08:00 ] ::1 /health/index.php/Manage/Logo/index
ERR: Cron:测试执行定时任务 Runat 2018-05-18 10:15:13 Use 0.028002 s 

[ 2018-05-18T10:15:13+08:00 ] ::1 /health/index.php/Manage/Logo/index
INFO: [ app_init ] --START--
INFO: Run Behavior\BuildLiteBehavior [ RunTime:0.000000s ]
INFO: [ app_init ] --END-- [ RunTime:0.000000s ]
INFO: [ app_begin ] --START--
INFO: Run Behavior\ReadHtmlCacheBehavior [ RunTime:0.000000s ]
SQL: SHOW COLUMNS FROM `hl_order` [ RunTime:0.0140s ]
SQL: SELECT `id`,`pay_time`,`rest_time` FROM `hl_order` WHERE `state` = 1 AND `is_effect` = 2 AND `expire_time` > 1526609713  [ RunTime:0.0000s ]
INFO: Run Behavior\CronRunBehavior [ RunTime:0.033002s ]
INFO: [ app_begin ] --END-- [ RunTime:0.033002s ]
SQL: SHOW COLUMNS FROM `hl_logo` [ RunTime:0.0150s ]
SQL: SELECT * FROM `hl_logo` ORDER BY state asc  [ RunTime:0.0000s ]
INFO: [ view_parse ] --START--
INFO: [ template_filter ] --START--
INFO: Run Behavior\ContentReplaceBehavior [ RunTime:0.001000s ]
INFO: [ template_filter ] --END-- [ RunTime:0.001000s ]
NOTIC: [8] Undefined index: time D:\PHPTutorial\WWW\health\Project\Runtime\Cache\Manage\bfb68006fe10811bbe71eb22da405f1f.php 第 332 行.
INFO: Run Behavior\ParseTemplateBehavior [ RunTime:0.025001s ]
INFO: [ view_parse ] --END-- [ RunTime:0.025001s ]
INFO: [ view_filter ] --START--
INFO: Run Behavior\WriteHtmlCacheBehavior [ RunTime:0.000000s ]
INFO: [ view_filter ] --END-- [ RunTime:0.000000s ]
INFO: [ app_end ] --START--
INFO: Run Behavior\ShowPageTraceBehavior [ RunTime:0.001000s ]
INFO: [ app_end ] --END-- [ RunTime:0.001000s ]

[ 2018-05-18T10:15:25+08:00 ] ::1 /health/index.php/Manage/Order/index
ERR: Cron:测试执行定时任务 Runat 2018-05-18 10:15:25 Use 0.036002 s 

[ 2018-05-18T10:15:25+08:00 ] ::1 /health/index.php/Manage/Order/index
INFO: [ app_init ] --START--
INFO: Run Behavior\BuildLiteBehavior [ RunTime:0.000000s ]
INFO: [ app_init ] --END-- [ RunTime:0.001000s ]
INFO: [ app_begin ] --START--
INFO: Run Behavior\ReadHtmlCacheBehavior [ RunTime:0.001000s ]
SQL: SHOW COLUMNS FROM `hl_order` [ RunTime:0.0150s ]
SQL: SELECT `id`,`pay_time`,`rest_time` FROM `hl_order` WHERE `state` = 1 AND `is_effect` = 2 AND `expire_time` > 1526609725  [ RunTime:0.0010s ]
INFO: Run Behavior\CronRunBehavior [ RunTime:0.040003s ]
INFO: [ app_begin ] --END-- [ RunTime:0.041003s ]
SQL: SHOW COLUMNS FROM `hl_goods` [ RunTime:0.0140s ]
SQL: SELECT * FROM `hl_goods` LIMIT 0,10   [ RunTime:0.0010s ]
SQL: SELECT COUNT(*) AS tp_count FROM `hl_goods` LIMIT 1   [ RunTime:0.0010s ]
INFO: [ view_parse ] --START--
INFO: [ template_filter ] --START--
INFO: Run Behavior\ContentReplaceBehavior [ RunTime:0.000000s ]
INFO: [ template_filter ] --END-- [ RunTime:0.000000s ]
INFO: Run Behavior\ParseTemplateBehavior [ RunTime:0.018001s ]
INFO: [ view_parse ] --END-- [ RunTime:0.018001s ]
INFO: [ view_filter ] --START--
INFO: Run Behavior\WriteHtmlCacheBehavior [ RunTime:0.001000s ]
INFO: [ view_filter ] --END-- [ RunTime:0.001000s ]
INFO: [ app_end ] --START--
INFO: Run Behavior\ShowPageTraceBehavior [ RunTime:0.001000s ]
INFO: [ app_end ] --END-- [ RunTime:0.001000s ]

[ 2018-05-18T10:17:15+08:00 ] ::1 /health/index.php/Manage/Product/index
ERR: Cron:测试执行定时任务 Runat 2018-05-18 10:17:15 Use 0.027001 s 

[ 2018-05-18T10:17:15+08:00 ] ::1 /health/index.php/Manage/Product/index
INFO: [ app_init ] --START--
INFO: Run Behavior\BuildLiteBehavior [ RunTime:0.000000s ]
INFO: [ app_init ] --END-- [ RunTime:0.001000s ]
INFO: [ app_begin ] --START--
INFO: Run Behavior\ReadHtmlCacheBehavior [ RunTime:0.001000s ]
SQL: SHOW COLUMNS FROM `hl_order` [ RunTime:0.0140s ]
SQL: SELECT `id`,`pay_time`,`rest_time` FROM `hl_order` WHERE `state` = 1 AND `is_effect` = 2 AND `expire_time` > 1526609835  [ RunTime:0.0000s ]
INFO: Run Behavior\CronRunBehavior [ RunTime:0.032002s ]
INFO: [ app_begin ] --END-- [ RunTime:0.033002s ]
SQL: SHOW COLUMNS FROM `hl_goods` [ RunTime:0.0150s ]
SQL: SELECT * FROM `hl_goods` LIMIT 0,10   [ RunTime:0.0010s ]
SQL: SELECT COUNT(*) AS tp_count FROM `hl_goods` LIMIT 1   [ RunTime:0.0000s ]
INFO: [ view_parse ] --START--
INFO: [ template_filter ] --START--
INFO: Run Behavior\ContentReplaceBehavior [ RunTime:0.000000s ]
INFO: [ template_filter ] --END-- [ RunTime:0.000000s ]
INFO: Run Behavior\ParseTemplateBehavior [ RunTime:0.018001s ]
INFO: [ view_parse ] --END-- [ RunTime:0.018001s ]
INFO: [ view_filter ] --START--
INFO: Run Behavior\WriteHtmlCacheBehavior [ RunTime:0.001000s ]
INFO: [ view_filter ] --END-- [ RunTime:0.001000s ]
INFO: [ app_end ] --START--
INFO: Run Behavior\ShowPageTraceBehavior [ RunTime:0.001000s ]
INFO: [ app_end ] --END-- [ RunTime:0.001000s ]

[ 2018-05-18T10:18:37+08:00 ] ::1 /health/index.php/Manage/Product/index
ERR: Cron:测试执行定时任务 Runat 2018-05-18 10:18:37 Use 0.027002 s 

[ 2018-05-18T10:18:37+08:00 ] ::1 /health/index.php/Manage/Product/index
INFO: [ app_init ] --START--
INFO: Run Behavior\BuildLiteBehavior [ RunTime:0.000000s ]
INFO: [ app_init ] --END-- [ RunTime:0.000000s ]
INFO: [ app_begin ] --START--
INFO: Run Behavior\ReadHtmlCacheBehavior [ RunTime:0.000000s ]
SQL: SHOW COLUMNS FROM `hl_order` [ RunTime:0.0120s ]
SQL: SELECT `id`,`pay_time`,`rest_time` FROM `hl_order` WHERE `state` = 1 AND `is_effect` = 2 AND `expire_time` > 1526609917  [ RunTime:0.0000s ]
INFO: Run Behavior\CronRunBehavior [ RunTime:0.031002s ]
INFO: [ app_begin ] --END-- [ RunTime:0.032002s ]
SQL: SHOW COLUMNS FROM `hl_goods` [ RunTime:0.0140s ]
SQL: SELECT * FROM `hl_goods` LIMIT 0,10   [ RunTime:0.0010s ]
SQL: SELECT COUNT(*) AS tp_count FROM `hl_goods` LIMIT 1   [ RunTime:0.0010s ]
INFO: [ view_parse ] --START--
INFO: [ template_filter ] --START--
INFO: Run Behavior\ContentReplaceBehavior [ RunTime:0.000000s ]
INFO: [ template_filter ] --END-- [ RunTime:0.001000s ]
INFO: Run Behavior\ParseTemplateBehavior [ RunTime:0.018001s ]
INFO: [ view_parse ] --END-- [ RunTime:0.019001s ]
INFO: [ view_filter ] --START--
INFO: Run Behavior\WriteHtmlCacheBehavior [ RunTime:0.000000s ]
INFO: [ view_filter ] --END-- [ RunTime:0.000000s ]
INFO: [ app_end ] --START--
INFO: Run Behavior\ShowPageTraceBehavior [ RunTime:0.001000s ]
INFO: [ app_end ] --END-- [ RunTime:0.001000s ]

[ 2018-05-18T10:18:39+08:00 ] ::1 /health/index.php/Manage/Order/index
INFO: [ app_init ] --START--
INFO: Run Behavior\BuildLiteBehavior [ RunTime:0.000000s ]
INFO: [ app_init ] --END-- [ RunTime:0.001001s ]
INFO: [ app_begin ] --START--
INFO: Run Behavior\ReadHtmlCacheBehavior [ RunTime:0.001000s ]
INFO: Run Behavior\CronRunBehavior [ RunTime:0.001000s ]
INFO: [ app_begin ] --END-- [ RunTime:0.002000s ]
SQL: SHOW COLUMNS FROM `hl_goods` [ RunTime:0.0140s ]
SQL: SELECT * FROM `hl_goods` LIMIT 0,10   [ RunTime:0.0010s ]
SQL: SELECT COUNT(*) AS tp_count FROM `hl_goods` LIMIT 1   [ RunTime:0.0010s ]
INFO: [ view_parse ] --START--
INFO: [ template_filter ] --START--
INFO: Run Behavior\ContentReplaceBehavior [ RunTime:0.000000s ]
INFO: [ template_filter ] --END-- [ RunTime:0.000000s ]
INFO: Run Behavior\ParseTemplateBehavior [ RunTime:0.019002s ]
INFO: [ view_parse ] --END-- [ RunTime:0.019002s ]
INFO: [ view_filter ] --START--
INFO: Run Behavior\WriteHtmlCacheBehavior [ RunTime:0.001000s ]
INFO: [ view_filter ] --END-- [ RunTime:0.001000s ]
INFO: [ app_end ] --START--
INFO: Run Behavior\ShowPageTraceBehavior [ RunTime:0.001000s ]
INFO: [ app_end ] --END-- [ RunTime:0.001000s ]

[ 2018-05-18T10:18:41+08:00 ] ::1 /health/index.php/Manage/Product/index
INFO: [ app_init ] --START--
INFO: Run Behavior\BuildLiteBehavior [ RunTime:0.000000s ]
INFO: [ app_init ] --END-- [ RunTime:0.001000s ]
INFO: [ app_begin ] --START--
INFO: Run Behavior\ReadHtmlCacheBehavior [ RunTime:0.002000s ]
INFO: Run Behavior\CronRunBehavior [ RunTime:0.001000s ]
INFO: [ app_begin ] --END-- [ RunTime:0.003000s ]
SQL: SHOW COLUMNS FROM `hl_goods` [ RunTime:0.0140s ]
SQL: SELECT * FROM `hl_goods` LIMIT 0,10   [ RunTime:0.0010s ]
SQL: SELECT COUNT(*) AS tp_count FROM `hl_goods` LIMIT 1   [ RunTime:0.0000s ]
INFO: [ view_parse ] --START--
INFO: [ template_filter ] --START--
INFO: Run Behavior\ContentReplaceBehavior [ RunTime:0.000000s ]
INFO: [ template_filter ] --END-- [ RunTime:0.000000s ]
INFO: Run Behavior\ParseTemplateBehavior [ RunTime:0.018001s ]
INFO: [ view_parse ] --END-- [ RunTime:0.018001s ]
INFO: [ view_filter ] --START--
INFO: Run Behavior\WriteHtmlCacheBehavior [ RunTime:0.000000s ]
INFO: [ view_filter ] --END-- [ RunTime:0.000000s ]
INFO: [ app_end ] --START--
INFO: Run Behavior\ShowPageTraceBehavior [ RunTime:0.001000s ]
INFO: [ app_end ] --END-- [ RunTime:0.001000s ]

[ 2018-05-18T10:19:34+08:00 ] ::1 /health/index.php/Manage/Order/index
ERR: Cron:测试执行定时任务 Runat 2018-05-18 10:19:34 Use 0.025001 s 

[ 2018-05-18T10:19:34+08:00 ] ::1 /health/index.php/Manage/Order/index
INFO: [ app_init ] --START--
INFO: Run Behavior\BuildLiteBehavior [ RunTime:0.000000s ]
INFO: [ app_init ] --END-- [ RunTime:0.001001s ]
INFO: [ app_begin ] --START--
INFO: Run Behavior\ReadHtmlCacheBehavior [ RunTime:0.002000s ]
SQL: SHOW COLUMNS FROM `hl_order` [ RunTime:0.0120s ]
SQL: SELECT `id`,`pay_time`,`rest_time` FROM `hl_order` WHERE `state` = 1 AND `is_effect` = 2 AND `expire_time` > 1526609974  [ RunTime:0.0010s ]
INFO: Run Behavior\CronRunBehavior [ RunTime:0.030001s ]
INFO: [ app_begin ] --END-- [ RunTime:0.032001s ]
SQL: SHOW COLUMNS FROM `hl_goods` [ RunTime:0.0120s ]
SQL: SELECT * FROM `hl_goods` LIMIT 0,10   [ RunTime:0.0010s ]
SQL: SELECT COUNT(*) AS tp_count FROM `hl_goods` LIMIT 1   [ RunTime:0.0000s ]
INFO: [ view_parse ] --START--
INFO: [ template_filter ] --START--
INFO: Run Behavior\ContentReplaceBehavior [ RunTime:0.000000s ]
INFO: [ template_filter ] --END-- [ RunTime:0.000000s ]
INFO: Run Behavior\ParseTemplateBehavior [ RunTime:0.019001s ]
INFO: [ view_parse ] --END-- [ RunTime:0.019001s ]
INFO: [ view_filter ] --START--
INFO: Run Behavior\WriteHtmlCacheBehavior [ RunTime:0.000000s ]
INFO: [ view_filter ] --END-- [ RunTime:0.000000s ]
INFO: [ app_end ] --START--
INFO: Run Behavior\ShowPageTraceBehavior [ RunTime:0.001000s ]
INFO: [ app_end ] --END-- [ RunTime:0.001000s ]

[ 2018-05-18T15:45:28+08:00 ] ::1 /health/index.php/Manage/Index/index.html
ERR: Cron:测试执行定时任务 Runat 2018-05-18 15:45:28 Use 0.037002 s 

[ 2018-05-18T15:45:28+08:00 ] ::1 /health/index.php/Manage/Index/index.html
INFO: [ app_init ] --START--
INFO: Run Behavior\BuildLiteBehavior [ RunTime:0.000000s ]
INFO: [ app_init ] --END-- [ RunTime:0.001000s ]
INFO: [ app_begin ] --START--
INFO: Run Behavior\ReadHtmlCacheBehavior [ RunTime:0.001000s ]
SQL: SHOW COLUMNS FROM `hl_order` [ RunTime:0.0210s ]
SQL: SELECT `id`,`pay_time`,`rest_time` FROM `hl_order` WHERE `state` = 1 AND `is_effect` = 2 AND `expire_time` > 1526629528  [ RunTime:0.0010s ]
INFO: Run Behavior\CronRunBehavior [ RunTime:0.058004s ]
INFO: [ app_begin ] --END-- [ RunTime:0.059004s ]
SQL: SHOW COLUMNS FROM `hl_user` [ RunTime:0.0230s ]
SQL: SELECT COUNT(*) AS tp_count FROM `hl_user` LIMIT 1   [ RunTime:0.0010s ]
SQL: SHOW COLUMNS FROM `hl_feedback` [ RunTime:0.0490s ]
SQL: SELECT COUNT(*) AS tp_count FROM `hl_feedback` LIMIT 1   [ RunTime:0.0000s ]
SQL: SHOW COLUMNS FROM `hl_faq` [ RunTime:0.0320s ]
SQL: SELECT COUNT(*) AS tp_count FROM `hl_faq` LIMIT 1   [ RunTime:0.0010s ]
SQL: SHOW COLUMNS FROM `hl_steps` [ RunTime:0.0350s ]
SQL: SELECT COUNT(*) AS tp_count FROM `hl_steps` WHERE ( createtime like '2018-05-18%' ) LIMIT 1   [ RunTime:0.0270s ]
INFO: [ view_parse ] --START--
INFO: [ template_filter ] --START--
INFO: Run Behavior\ContentReplaceBehavior [ RunTime:0.000000s ]
INFO: [ template_filter ] --END-- [ RunTime:0.000000s ]
INFO: Run Behavior\ParseTemplateBehavior [ RunTime:0.074004s ]
INFO: [ view_parse ] --END-- [ RunTime:0.074004s ]
INFO: [ view_filter ] --START--
INFO: Run Behavior\WriteHtmlCacheBehavior [ RunTime:0.000000s ]
INFO: [ view_filter ] --END-- [ RunTime:0.000000s ]
INFO: [ app_end ] --START--
INFO: Run Behavior\ShowPageTraceBehavior [ RunTime:0.001000s ]
INFO: [ app_end ] --END-- [ RunTime:0.001000s ]

