[ 2018-05-14T09:38:23+08:00 ] ::1 /health/index.php/Manage/Index/index.html
INFO: [ app_init ] --START--
INFO: Run Behavior\BuildLiteBehavior [ RunTime:0.000000s ]
INFO: [ app_init ] --END-- [ RunTime:0.031001s ]
INFO: [ app_begin ] --START--
INFO: Run Behavior\ReadHtmlCacheBehavior [ RunTime:0.009000s ]
INFO: [ app_begin ] --END-- [ RunTime:0.009000s ]
SQL: SHOW COLUMNS FROM `hl_user` [ RunTime:0.0450s ]
SQL: SELECT COUNT(*) AS tp_count FROM `hl_user` LIMIT 1   [ RunTime:0.0010s ]
SQL: SHOW COLUMNS FROM `hl_feedback` [ RunTime:0.0270s ]
SQL: SELECT COUNT(*) AS tp_count FROM `hl_feedback` LIMIT 1   [ RunTime:0.0000s ]
SQL: SHOW COLUMNS FROM `hl_faq` [ RunTime:0.0240s ]
SQL: SELECT COUNT(*) AS tp_count FROM `hl_faq` LIMIT 1   [ RunTime:0.0010s ]
SQL: SHOW COLUMNS FROM `hl_steps` [ RunTime:0.0250s ]
SQL: SELECT COUNT(*) AS tp_count FROM `hl_steps` WHERE ( createtime like '2018-05-14%' ) LIMIT 1   [ RunTime:0.0010s ]
INFO: [ view_parse ] --START--
INFO: [ template_filter ] --START--
INFO: Run Behavior\ContentReplaceBehavior [ RunTime:0.000000s ]
INFO: [ template_filter ] --END-- [ RunTime:0.001000s ]
NOTIC: [8] Undefined index: users D:\PHPTutorial\WWW\health\Project\Runtime\Cache\Manage\63b65c1c2187b2756180f2ae214e93cf.php 第 55 行.
NOTIC: [8] Undefined index: users D:\PHPTutorial\WWW\health\Project\Runtime\Cache\Manage\63b65c1c2187b2756180f2ae214e93cf.php 第 64 行.
NOTIC: [8] Undefined index: users D:\PHPTutorial\WWW\health\Project\Runtime\Cache\Manage\63b65c1c2187b2756180f2ae214e93cf.php 第 115 行.
NOTIC: [8] Undefined index: users D:\PHPTutorial\WWW\health\Project\Runtime\Cache\Manage\63b65c1c2187b2756180f2ae214e93cf.php 第 435 行.
INFO: Run Behavior\ParseTemplateBehavior [ RunTime:0.063003s ]
INFO: [ view_parse ] --END-- [ RunTime:0.063003s ]
INFO: [ view_filter ] --START--
INFO: Run Behavior\WriteHtmlCacheBehavior [ RunTime:0.013001s ]
INFO: [ view_filter ] --END-- [ RunTime:0.013001s ]
INFO: [ app_end ] --START--
INFO: Run Behavior\ShowPageTraceBehavior [ RunTime:0.019001s ]
INFO: [ app_end ] --END-- [ RunTime:0.019001s ]

[ 2018-05-14T09:38:27+08:00 ] ::1 /health/index.php/Manage/Index/favicon.ico
INFO: [ app_init ] --START--
INFO: Run Behavior\BuildLiteBehavior [ RunTime:0.000000s ]
INFO: [ app_init ] --END-- [ RunTime:0.001000s ]

