[ 2018-05-16T09:18:16+08:00 ] ::1 /health/index.php/Manage/Index/index.html
INFO: [ app_init ] --START--
INFO: Run Behavior\BuildLiteBehavior [ RunTime:0.000000s ]
INFO: [ app_init ] --END-- [ RunTime:0.020001s ]
INFO: [ app_begin ] --START--
INFO: Run Behavior\ReadHtmlCacheBehavior [ RunTime:0.006000s ]
INFO: [ app_begin ] --END-- [ RunTime:0.006000s ]
SQL: SHOW COLUMNS FROM `hl_user` [ RunTime:0.0300s ]
SQL: SELECT COUNT(*) AS tp_count FROM `hl_user` LIMIT 1   [ RunTime:0.0010s ]
SQL: SHOW COLUMNS FROM `hl_feedback` [ RunTime:0.0320s ]
SQL: SELECT COUNT(*) AS tp_count FROM `hl_feedback` LIMIT 1   [ RunTime:0.0010s ]
SQL: SHOW COLUMNS FROM `hl_faq` [ RunTime:0.0220s ]
SQL: SELECT COUNT(*) AS tp_count FROM `hl_faq` LIMIT 1   [ RunTime:0.0010s ]
SQL: SHOW COLUMNS FROM `hl_steps` [ RunTime:0.0160s ]
SQL: SELECT COUNT(*) AS tp_count FROM `hl_steps` WHERE ( createtime like '2018-05-16%' ) LIMIT 1   [ RunTime:0.0010s ]
INFO: [ view_parse ] --START--
INFO: [ template_filter ] --START--
INFO: Run Behavior\ContentReplaceBehavior [ RunTime:0.018001s ]
INFO: [ template_filter ] --END-- [ RunTime:0.018001s ]
NOTIC: [8] Undefined index: users D:\PHPTutorial\WWW\health\Project\Runtime\Cache\Manage\63b65c1c2187b2756180f2ae214e93cf.php 第 55 行.
NOTIC: [8] Undefined index: users D:\PHPTutorial\WWW\health\Project\Runtime\Cache\Manage\63b65c1c2187b2756180f2ae214e93cf.php 第 64 行.
NOTIC: [8] Undefined index: users D:\PHPTutorial\WWW\health\Project\Runtime\Cache\Manage\63b65c1c2187b2756180f2ae214e93cf.php 第 115 行.
NOTIC: [8] Undefined index: users D:\PHPTutorial\WWW\health\Project\Runtime\Cache\Manage\63b65c1c2187b2756180f2ae214e93cf.php 第 435 行.
INFO: Run Behavior\ParseTemplateBehavior [ RunTime:0.170009s ]
INFO: [ view_parse ] --END-- [ RunTime:0.170009s ]
INFO: [ view_filter ] --START--
INFO: Run Behavior\WriteHtmlCacheBehavior [ RunTime:0.006001s ]
INFO: [ view_filter ] --END-- [ RunTime:0.006001s ]
INFO: [ app_end ] --START--
INFO: Run Behavior\ShowPageTraceBehavior [ RunTime:0.053003s ]
INFO: [ app_end ] --END-- [ RunTime:0.054003s ]

[ 2018-05-16T09:18:18+08:00 ] ::1 /health/index.php/Manage/Index/favicon.ico
INFO: [ app_init ] --START--
INFO: Run Behavior\BuildLiteBehavior [ RunTime:0.000000s ]
INFO: [ app_init ] --END-- [ RunTime:0.001000s ]

