[ 2018-05-18T09:20:18+08:00 ] ::1 /health/Public/assets/global/scripts/Chart.js
INFO: [ app_init ] --START--
INFO: Run Behavior\BuildLiteBehavior [ RunTime:0.000000s ]
INFO: [ app_init ] --END-- [ RunTime:0.001000s ]
ERR: 无法加载模块:Public

[ 2018-05-18T09:21:07+08:00 ] ::1 /health/Public/assets/global/scripts/Chart.js
INFO: [ app_init ] --START--
INFO: Run Behavior\BuildLiteBehavior [ RunTime:0.000000s ]
INFO: [ app_init ] --END-- [ RunTime:0.000000s ]
ERR: 无法加载模块:Public

[ 2018-05-18T09:21:24+08:00 ] ::1 /health/favicon.ico
INFO: [ app_init ] --START--
INFO: Run Behavior\BuildLiteBehavior [ RunTime:0.000000s ]
INFO: [ app_init ] --END-- [ RunTime:0.001000s ]
ERR: 无法加载模块:Favicon

[ 2018-05-18T09:21:29+08:00 ] ::1 /health/Public/assets/global/scripts/Chart.js
INFO: [ app_init ] --START--
INFO: Run Behavior\BuildLiteBehavior [ RunTime:0.000000s ]
INFO: [ app_init ] --END-- [ RunTime:0.001000s ]
ERR: 无法加载模块:Public

[ 2018-05-18T09:21:29+08:00 ] ::1 /health/Public/assets/global/scripts/Chart.js
INFO: [ app_init ] --START--
INFO: Run Behavior\BuildLiteBehavior [ RunTime:0.000000s ]
INFO: [ app_init ] --END-- [ RunTime:0.001000s ]
ERR: 无法加载模块:Public

[ 2018-05-18T11:09:58+08:00 ] ::1 /health/Public/file/h5/invite/common.css
INFO: [ app_init ] --START--
INFO: Run Behavior\BuildLiteBehavior [ RunTime:0.001000s ]
INFO: [ app_init ] --END-- [ RunTime:0.001000s ]
ERR: 无法加载模块:Public

[ 2018-05-18T11:09:58+08:00 ] ::1 /health/Public/file/h5/invite/image/logo.png
INFO: [ app_init ] --START--
INFO: Run Behavior\BuildLiteBehavior [ RunTime:0.000000s ]
INFO: [ app_init ] --END-- [ RunTime:0.001001s ]
ERR: 无法加载模块:Public

[ 2018-05-18T11:09:58+08:00 ] ::1 /health/Public/file/h5/invite/image/arrow-right.png
INFO: [ app_init ] --START--
INFO: Run Behavior\BuildLiteBehavior [ RunTime:0.000000s ]
INFO: [ app_init ] --END-- [ RunTime:0.000000s ]
ERR: 无法加载模块:Public

[ 2018-05-18T12:03:16+08:00 ] ::1 /health/Public/h5/invite/common.css
INFO: [ app_init ] --START--
INFO: Run Behavior\BuildLiteBehavior [ RunTime:0.000000s ]
INFO: [ app_init ] --END-- [ RunTime:0.001000s ]
ERR: 无法加载模块:Public

[ 2018-05-18T12:03:16+08:00 ] ::1 /health/Public/h5/invite/image/logo.png
INFO: [ app_init ] --START--
INFO: Run Behavior\BuildLiteBehavior [ RunTime:0.000000s ]
INFO: [ app_init ] --END-- [ RunTime:0.002000s ]
ERR: 无法加载模块:Public

[ 2018-05-18T12:03:16+08:00 ] ::1 /health/Public/h5/invite/image/arrow-right.png
INFO: [ app_init ] --START--
INFO: Run Behavior\BuildLiteBehavior [ RunTime:0.000000s ]
INFO: [ app_init ] --END-- [ RunTime:0.001000s ]
ERR: 无法加载模块:Public

[ 2018-05-18T12:03:22+08:00 ] ::1 /health/Public/h5/invite/common.css
INFO: [ app_init ] --START--
INFO: Run Behavior\BuildLiteBehavior [ RunTime:0.000000s ]
INFO: [ app_init ] --END-- [ RunTime:0.001000s ]
ERR: 无法加载模块:Public

[ 2018-05-18T12:07:41+08:00 ] ::1 /health/Public/h5/invite/common.css
INFO: [ app_init ] --START--
INFO: Run Behavior\BuildLiteBehavior [ RunTime:0.000000s ]
INFO: [ app_init ] --END-- [ RunTime:0.001000s ]
ERR: 无法加载模块:Public

[ 2018-05-18T12:07:41+08:00 ] ::1 /health/Public/h5/invite/image/logo.png
INFO: [ app_init ] --START--
INFO: Run Behavior\BuildLiteBehavior [ RunTime:0.000000s ]
INFO: [ app_init ] --END-- [ RunTime:0.001000s ]
ERR: 无法加载模块:Public

[ 2018-05-18T12:07:41+08:00 ] ::1 /health/Public/h5/invite/image/arrow-right.png
INFO: [ app_init ] --START--
INFO: Run Behavior\BuildLiteBehavior [ RunTime:0.000000s ]
INFO: [ app_init ] --END-- [ RunTime:0.000000s ]
ERR: 无法加载模块:Public

[ 2018-05-18T12:07:41+08:00 ] ::1 /health/Public/h5/invite/common.css
INFO: [ app_init ] --START--
INFO: Run Behavior\BuildLiteBehavior [ RunTime:0.000000s ]
INFO: [ app_init ] --END-- [ RunTime:0.020001s ]
ERR: 无法加载模块:Public

[ 2018-05-18T12:07:41+08:00 ] ::1 /health/Public/h5/invite/image/logo.png
INFO: [ app_init ] --START--
INFO: Run Behavior\BuildLiteBehavior [ RunTime:0.000000s ]
INFO: [ app_init ] --END-- [ RunTime:0.001000s ]
ERR: 无法加载模块:Public

[ 2018-05-18T12:07:41+08:00 ] ::1 /health/Public/h5/invite/image/arrow-right.png
INFO: [ app_init ] --START--
INFO: Run Behavior\BuildLiteBehavior [ RunTime:0.000000s ]
INFO: [ app_init ] --END-- [ RunTime:0.001000s ]
ERR: 无法加载模块:Public

[ 2018-05-18T12:46:43+08:00 ] ::1 /health/Public/h5/invite/image/arrow-right.png
INFO: [ app_init ] --START--
INFO: Run Behavior\BuildLiteBehavior [ RunTime:0.000000s ]
INFO: [ app_init ] --END-- [ RunTime:0.000000s ]
ERR: 无法加载模块:Public

[ 2018-05-18T15:45:29+08:00 ] ::1 /health/Public/assets/global/scripts/Chart.js
INFO: [ app_init ] --START--
INFO: Run Behavior\BuildLiteBehavior [ RunTime:0.000000s ]
INFO: [ app_init ] --END-- [ RunTime:0.000000s ]
ERR: 无法加载模块:Public

[ 2018-05-18T15:45:30+08:00 ] ::1 /health/Public/assets/global/scripts/Chart.js
INFO: [ app_init ] --START--
INFO: Run Behavior\BuildLiteBehavior [ RunTime:0.000000s ]
INFO: [ app_init ] --END-- [ RunTime:0.001000s ]
ERR: 无法加载模块:Public

