[ 2018-04-26T09:36:23+08:00 ] 127.0.0.1 /project/favicon.ico
INFO: [ app_init ] --START--
INFO: Run Behavior\BuildLiteBehavior [ RunTime:0.000014s ]
INFO: [ app_init ] --END-- [ RunTime:0.000454s ]
ERR: 无法加载模块:Favicon

[ 2018-04-26T09:36:30+08:00 ] 127.0.0.1 /project/Public/assets/global/scripts/Chart.js
INFO: [ app_init ] --START--
INFO: Run Behavior\BuildLiteBehavior [ RunTime:0.000020s ]
INFO: [ app_init ] --END-- [ RunTime:0.000671s ]
ERR: 无法加载模块:Public

[ 2018-04-26T09:36:30+08:00 ] 127.0.0.1 /project/Public/assets/global/scripts/Chart.js
INFO: [ app_init ] --START--
INFO: Run Behavior\BuildLiteBehavior [ RunTime:0.000019s ]
INFO: [ app_init ] --END-- [ RunTime:0.000667s ]
ERR: 无法加载模块:Public

[ 2018-04-26T10:37:27+08:00 ] 127.0.0.1 /project/Public/file/logo/5adea1f2decd4.png
INFO: [ app_init ] --START--
INFO: Run Behavior\BuildLiteBehavior [ RunTime:0.000020s ]
INFO: [ app_init ] --END-- [ RunTime:0.000717s ]
ERR: 无法加载模块:Public

[ 2018-04-26T10:37:27+08:00 ] 127.0.0.1 /project/Public/file/logo/5adea1f2decd4.png
INFO: [ app_init ] --START--
INFO: Run Behavior\BuildLiteBehavior [ RunTime:0.000020s ]
INFO: [ app_init ] --END-- [ RunTime:0.000689s ]
ERR: 无法加载模块:Public

[ 2018-04-26T10:37:27+08:00 ] 127.0.0.1 /project/Public/file/logo/5adea1f2decd4.png
INFO: [ app_init ] --START--
INFO: Run Behavior\BuildLiteBehavior [ RunTime:0.000019s ]
INFO: [ app_init ] --END-- [ RunTime:0.000669s ]
ERR: 无法加载模块:Public

[ 2018-04-26T10:40:45+08:00 ] 127.0.0.1 /project/Public/logo/5adea1f2decd4.png
INFO: [ app_init ] --START--
INFO: Run Behavior\BuildLiteBehavior [ RunTime:0.000022s ]
INFO: [ app_init ] --END-- [ RunTime:0.000999s ]
ERR: 无法加载模块:Public

[ 2018-04-26T10:40:47+08:00 ] 127.0.0.1 /project/Public/logo/5adea1f2decd4.png
INFO: [ app_init ] --START--
INFO: Run Behavior\BuildLiteBehavior [ RunTime:0.000018s ]
INFO: [ app_init ] --END-- [ RunTime:0.000668s ]
ERR: 无法加载模块:Public

[ 2018-04-26T10:42:10+08:00 ] 127.0.0.1 /project/Public/logo/5adea1f2decd4.png
INFO: [ app_init ] --START--
INFO: Run Behavior\BuildLiteBehavior [ RunTime:0.000018s ]
INFO: [ app_init ] --END-- [ RunTime:0.000679s ]
ERR: 无法加载模块:Public

[ 2018-04-26T10:42:11+08:00 ] 127.0.0.1 /project/Public/logo/5adea1f2decd4.png
INFO: [ app_init ] --START--
INFO: Run Behavior\BuildLiteBehavior [ RunTime:0.000013s ]
INFO: [ app_init ] --END-- [ RunTime:0.000451s ]
ERR: 无法加载模块:Public

[ 2018-04-26T10:42:12+08:00 ] 127.0.0.1 /project/Public/logo/5adea1f2decd4.png
INFO: [ app_init ] --START--
INFO: Run Behavior\BuildLiteBehavior [ RunTime:0.000013s ]
INFO: [ app_init ] --END-- [ RunTime:0.000618s ]
ERR: 无法加载模块:Public

[ 2018-04-26T10:42:13+08:00 ] 127.0.0.1 /project/Public/logo/5adea1f2decd4.png
INFO: [ app_init ] --START--
INFO: Run Behavior\BuildLiteBehavior [ RunTime:0.000019s ]
INFO: [ app_init ] --END-- [ RunTime:0.000696s ]
ERR: 无法加载模块:Public

[ 2018-04-26T10:42:14+08:00 ] 127.0.0.1 /project/Public/logo/5adea1f2decd4.png
INFO: [ app_init ] --START--
INFO: Run Behavior\BuildLiteBehavior [ RunTime:0.000024s ]
INFO: [ app_init ] --END-- [ RunTime:0.000775s ]
ERR: 无法加载模块:Public

[ 2018-04-26T10:42:14+08:00 ] 127.0.0.1 /project/Public/logo/5adea1f2decd4.png
INFO: [ app_init ] --START--
INFO: Run Behavior\BuildLiteBehavior [ RunTime:0.000018s ]
INFO: [ app_init ] --END-- [ RunTime:0.000677s ]
ERR: 无法加载模块:Public

[ 2018-04-26T10:42:21+08:00 ] 127.0.0.1 /project/Public/logo/5adea1f2decd4.png
INFO: [ app_init ] --START--
INFO: Run Behavior\BuildLiteBehavior [ RunTime:0.000013s ]
INFO: [ app_init ] --END-- [ RunTime:0.000475s ]
ERR: 无法加载模块:Public

[ 2018-04-26T10:43:30+08:00 ] 127.0.0.1 /project/Public/logo/5adea1f2decd4.png
INFO: [ app_init ] --START--
INFO: Run Behavior\BuildLiteBehavior [ RunTime:0.000015s ]
INFO: [ app_init ] --END-- [ RunTime:0.000483s ]
ERR: 无法加载模块:Public

[ 2018-04-26T10:44:03+08:00 ] 127.0.0.1 /project/Public/logo/5adea1f2decd4.png
INFO: [ app_init ] --START--
INFO: Run Behavior\BuildLiteBehavior [ RunTime:0.000013s ]
INFO: [ app_init ] --END-- [ RunTime:0.000453s ]
ERR: 无法加载模块:Public

[ 2018-04-26T10:44:13+08:00 ] 127.0.0.1 /project/Public/logo/file/logo/5ae13cfd49c19.png
INFO: [ app_init ] --START--
INFO: Run Behavior\BuildLiteBehavior [ RunTime:0.000015s ]
INFO: [ app_init ] --END-- [ RunTime:0.002067s ]
ERR: 无法加载模块:Public

[ 2018-04-26T10:45:36+08:00 ] 127.0.0.1 /project/Public/logo/file/logo/5ae13cfd49c19.png
INFO: [ app_init ] --START--
INFO: Run Behavior\BuildLiteBehavior [ RunTime:0.000020s ]
INFO: [ app_init ] --END-- [ RunTime:0.000683s ]
ERR: 无法加载模块:Public

[ 2018-04-26T10:45:42+08:00 ] 127.0.0.1 /project/Public/logo/file/logo/5ae13d56266ea.png
INFO: [ app_init ] --START--
INFO: Run Behavior\BuildLiteBehavior [ RunTime:0.000015s ]
INFO: [ app_init ] --END-- [ RunTime:0.000679s ]
ERR: 无法加载模块:Public

[ 2018-04-26T10:48:30+08:00 ] 127.0.0.1 /project/Public/logo/file/logo/5ae13d56266ea.png
INFO: [ app_init ] --START--
INFO: Run Behavior\BuildLiteBehavior [ RunTime:0.000020s ]
INFO: [ app_init ] --END-- [ RunTime:0.000730s ]
ERR: 无法加载模块:Public

[ 2018-04-26T10:48:33+08:00 ] 127.0.0.1 /project/Public/logo/file/logo/5ae13d56266ea.png
INFO: [ app_init ] --START--
INFO: Run Behavior\BuildLiteBehavior [ RunTime:0.000020s ]
INFO: [ app_init ] --END-- [ RunTime:0.000705s ]
ERR: 无法加载模块:Public

[ 2018-04-26T10:48:34+08:00 ] 127.0.0.1 /project/Public/logo/file/logo/5ae13d56266ea.png
INFO: [ app_init ] --START--
INFO: Run Behavior\BuildLiteBehavior [ RunTime:0.000022s ]
INFO: [ app_init ] --END-- [ RunTime:0.000745s ]
ERR: 无法加载模块:Public

[ 2018-04-26T10:53:52+08:00 ] 127.0.0.1 /project/Public/logo/file/logo/5ae13d56266ea.png
INFO: [ app_init ] --START--
INFO: Run Behavior\BuildLiteBehavior [ RunTime:0.000019s ]
INFO: [ app_init ] --END-- [ RunTime:0.000921s ]
ERR: 无法加载模块:Public

[ 2018-04-26T10:53:54+08:00 ] 127.0.0.1 /project/Public/logo/file/logo/5ae13d56266ea.png
INFO: [ app_init ] --START--
INFO: Run Behavior\BuildLiteBehavior [ RunTime:0.000014s ]
INFO: [ app_init ] --END-- [ RunTime:0.000486s ]
ERR: 无法加载模块:Public

[ 2018-04-26T10:54:15+08:00 ] 127.0.0.1 /project/Public/logo/file/logo/5ae13d56266ea.png
INFO: [ app_init ] --START--
INFO: Run Behavior\BuildLiteBehavior [ RunTime:0.000019s ]
INFO: [ app_init ] --END-- [ RunTime:0.000674s ]
ERR: 无法加载模块:Public

[ 2018-04-26T10:54:34+08:00 ] 127.0.0.1 /project/Public/logo/file/logo/5ae13d56266ea.png
INFO: [ app_init ] --START--
INFO: Run Behavior\BuildLiteBehavior [ RunTime:0.000018s ]
INFO: [ app_init ] --END-- [ RunTime:0.000691s ]
ERR: 无法加载模块:Public

[ 2018-04-26T10:56:51+08:00 ] 127.0.0.1 /project/Public/logo/file/logo/5ae13d56266ea.png
INFO: [ app_init ] --START--
INFO: Run Behavior\BuildLiteBehavior [ RunTime:0.000014s ]
INFO: [ app_init ] --END-- [ RunTime:0.000497s ]
ERR: 无法加载模块:Public

[ 2018-04-26T11:23:57+08:00 ] 127.0.0.1 /project/Public/logo/file/logo/5ae13d56266ea.png
INFO: [ app_init ] --START--
INFO: Run Behavior\BuildLiteBehavior [ RunTime:0.000013s ]
INFO: [ app_init ] --END-- [ RunTime:0.000471s ]
ERR: 无法加载模块:Public

[ 2018-04-26T11:23:59+08:00 ] 127.0.0.1 /project/Public/logo/file/logo/5ae13d56266ea.png
INFO: [ app_init ] --START--
INFO: Run Behavior\BuildLiteBehavior [ RunTime:0.000019s ]
INFO: [ app_init ] --END-- [ RunTime:0.000672s ]
ERR: 无法加载模块:Public

[ 2018-04-26T11:24:08+08:00 ] 127.0.0.1 /project/Public/logo/file/logo/5ae13d56266ea.png
INFO: [ app_init ] --START--
INFO: Run Behavior\BuildLiteBehavior [ RunTime:0.000021s ]
INFO: [ app_init ] --END-- [ RunTime:0.000729s ]
ERR: 无法加载模块:Public

[ 2018-04-26T11:28:38+08:00 ] 127.0.0.1 /project/Public/logo/file/logo/5ae13d56266ea.png
INFO: [ app_init ] --START--
INFO: Run Behavior\BuildLiteBehavior [ RunTime:0.000019s ]
INFO: [ app_init ] --END-- [ RunTime:0.000681s ]
ERR: 无法加载模块:Public

[ 2018-04-26T11:28:40+08:00 ] 127.0.0.1 /project/Public/logo/file/logo/5ae13d56266ea.png
INFO: [ app_init ] --START--
INFO: Run Behavior\BuildLiteBehavior [ RunTime:0.000013s ]
INFO: [ app_init ] --END-- [ RunTime:0.000485s ]
ERR: 无法加载模块:Public

[ 2018-04-26T11:28:53+08:00 ] 127.0.0.1 /project/Public/logo/file/logo/5ae13d56266ea.png
INFO: [ app_init ] --START--
INFO: Run Behavior\BuildLiteBehavior [ RunTime:0.000013s ]
INFO: [ app_init ] --END-- [ RunTime:0.000614s ]
ERR: 无法加载模块:Public

[ 2018-04-26T11:28:55+08:00 ] 127.0.0.1 /project/Public/logo/file/logo/5ae13d56266ea.png
INFO: [ app_init ] --START--
INFO: Run Behavior\BuildLiteBehavior [ RunTime:0.000014s ]
INFO: [ app_init ] --END-- [ RunTime:0.000466s ]
ERR: 无法加载模块:Public

[ 2018-04-26T11:28:57+08:00 ] 127.0.0.1 /project/Public/logo/file/logo/5ae13d56266ea.png
INFO: [ app_init ] --START--
INFO: Run Behavior\BuildLiteBehavior [ RunTime:0.000019s ]
INFO: [ app_init ] --END-- [ RunTime:0.000680s ]
ERR: 无法加载模块:Public

[ 2018-04-26T11:30:32+08:00 ] 127.0.0.1 /project/Public/logo/file/logo/5ae13d56266ea.png
INFO: [ app_init ] --START--
INFO: Run Behavior\BuildLiteBehavior [ RunTime:0.000014s ]
INFO: [ app_init ] --END-- [ RunTime:0.000520s ]
ERR: 无法加载模块:Public

[ 2018-04-26T11:30:34+08:00 ] 127.0.0.1 /project/Public/logo/file/logo/5ae13d56266ea.png
INFO: [ app_init ] --START--
INFO: Run Behavior\BuildLiteBehavior [ RunTime:0.000016s ]
INFO: [ app_init ] --END-- [ RunTime:0.000762s ]
ERR: 无法加载模块:Public

[ 2018-04-26T11:30:42+08:00 ] 127.0.0.1 /project/Public/logo/file/logo/5ae13d56266ea.png
INFO: [ app_init ] --START--
INFO: Run Behavior\BuildLiteBehavior [ RunTime:0.000020s ]
INFO: [ app_init ] --END-- [ RunTime:0.000703s ]
ERR: 无法加载模块:Public

[ 2018-04-26T11:30:45+08:00 ] 127.0.0.1 /project/Public/logo/file/logo/5ae13d56266ea.png
INFO: [ app_init ] --START--
INFO: Run Behavior\BuildLiteBehavior [ RunTime:0.000021s ]
INFO: [ app_init ] --END-- [ RunTime:0.000745s ]
ERR: 无法加载模块:Public

[ 2018-04-26T11:30:56+08:00 ] 127.0.0.1 /project/Public/logo/file/logo/5ae13d56266ea.png
INFO: [ app_init ] --START--
INFO: Run Behavior\BuildLiteBehavior [ RunTime:0.000018s ]
INFO: [ app_init ] --END-- [ RunTime:0.000692s ]
ERR: 无法加载模块:Public

[ 2018-04-26T11:34:27+08:00 ] 127.0.0.1 /project/Public/logo/file/logo/5ae13d56266ea.png
INFO: [ app_init ] --START--
INFO: Run Behavior\BuildLiteBehavior [ RunTime:0.000021s ]
INFO: [ app_init ] --END-- [ RunTime:0.000585s ]
ERR: 无法加载模块:Public

[ 2018-04-26T11:34:29+08:00 ] 127.0.0.1 /project/Public/logo/file/logo/5ae13d56266ea.png
INFO: [ app_init ] --START--
INFO: Run Behavior\BuildLiteBehavior [ RunTime:0.000018s ]
INFO: [ app_init ] --END-- [ RunTime:0.000696s ]
ERR: 无法加载模块:Public

[ 2018-04-26T11:34:31+08:00 ] 127.0.0.1 /project/Public/logo/file/logo/5ae13d56266ea.png
INFO: [ app_init ] --START--
INFO: Run Behavior\BuildLiteBehavior [ RunTime:0.000022s ]
INFO: [ app_init ] --END-- [ RunTime:0.000729s ]
ERR: 无法加载模块:Public

[ 2018-04-26T11:34:42+08:00 ] 127.0.0.1 /project/Public/logo/file/logo/5ae13d56266ea.png
INFO: [ app_init ] --START--
INFO: Run Behavior\BuildLiteBehavior [ RunTime:0.000023s ]
INFO: [ app_init ] --END-- [ RunTime:0.000892s ]
ERR: 无法加载模块:Public

[ 2018-04-26T11:34:48+08:00 ] 127.0.0.1 /project/Public/logo/file/logo/5ae13d56266ea.png
INFO: [ app_init ] --START--
INFO: Run Behavior\BuildLiteBehavior [ RunTime:0.000015s ]
INFO: [ app_init ] --END-- [ RunTime:0.000888s ]
ERR: 无法加载模块:Public

[ 2018-04-26T11:34:49+08:00 ] 127.0.0.1 /project/Public/logo/file/logo/5ae13d56266ea.png
INFO: [ app_init ] --START--
INFO: Run Behavior\BuildLiteBehavior [ RunTime:0.000018s ]
INFO: [ app_init ] --END-- [ RunTime:0.000688s ]
ERR: 无法加载模块:Public

[ 2018-04-26T11:34:52+08:00 ] 127.0.0.1 /project/Public/logo/file/logo/5ae13d56266ea.png
INFO: [ app_init ] --START--
INFO: Run Behavior\BuildLiteBehavior [ RunTime:0.000024s ]
INFO: [ app_init ] --END-- [ RunTime:0.000750s ]
ERR: 无法加载模块:Public

[ 2018-04-26T11:35:14+08:00 ] 127.0.0.1 /project/Public/logo/file/logo/5ae13d56266ea.png
INFO: [ app_init ] --START--
INFO: Run Behavior\BuildLiteBehavior [ RunTime:0.000014s ]
INFO: [ app_init ] --END-- [ RunTime:0.000469s ]
ERR: 无法加载模块:Public

[ 2018-04-26T11:35:15+08:00 ] 127.0.0.1 /project/Public/logo/file/logo/5ae13d56266ea.png
INFO: [ app_init ] --START--
INFO: Run Behavior\BuildLiteBehavior [ RunTime:0.000019s ]
INFO: [ app_init ] --END-- [ RunTime:0.000676s ]
ERR: 无法加载模块:Public

[ 2018-04-26T11:35:17+08:00 ] 127.0.0.1 /project/Public/logo/file/logo/5ae13d56266ea.png
INFO: [ app_init ] --START--
INFO: Run Behavior\BuildLiteBehavior [ RunTime:0.000017s ]
INFO: [ app_init ] --END-- [ RunTime:0.000660s ]
ERR: 无法加载模块:Public

[ 2018-04-26T11:35:19+08:00 ] 127.0.0.1 /project/Public/logo/file/logo/5ae13d56266ea.png
INFO: [ app_init ] --START--
INFO: Run Behavior\BuildLiteBehavior [ RunTime:0.000023s ]
INFO: [ app_init ] --END-- [ RunTime:0.000823s ]
ERR: 无法加载模块:Public

[ 2018-04-26T11:36:36+08:00 ] 127.0.0.1 /project/Public/logo/file/logo/5ae13d56266ea.png
INFO: [ app_init ] --START--
INFO: Run Behavior\BuildLiteBehavior [ RunTime:0.000017s ]
INFO: [ app_init ] --END-- [ RunTime:0.000564s ]
ERR: 无法加载模块:Public

[ 2018-04-26T11:37:03+08:00 ] 127.0.0.1 /project/Public/logo/file/logo/5ae13d56266ea.png
INFO: [ app_init ] --START--
INFO: Run Behavior\BuildLiteBehavior [ RunTime:0.000019s ]
INFO: [ app_init ] --END-- [ RunTime:0.000930s ]
ERR: 无法加载模块:Public

[ 2018-04-26T11:37:04+08:00 ] 127.0.0.1 /project/Public/logo/file/logo/5ae13d56266ea.png
INFO: [ app_init ] --START--
INFO: Run Behavior\BuildLiteBehavior [ RunTime:0.000013s ]
INFO: [ app_init ] --END-- [ RunTime:0.000465s ]
ERR: 无法加载模块:Public

[ 2018-04-26T11:37:51+08:00 ] 127.0.0.1 /project/Public/logo/file/logo/5ae13d56266ea.png
INFO: [ app_init ] --START--
INFO: Run Behavior\BuildLiteBehavior [ RunTime:0.000013s ]
INFO: [ app_init ] --END-- [ RunTime:0.000630s ]
ERR: 无法加载模块:Public

[ 2018-04-26T11:38:05+08:00 ] 127.0.0.1 /project/Public/logo/file/logo/5ae13d56266ea.png
INFO: [ app_init ] --START--
INFO: Run Behavior\BuildLiteBehavior [ RunTime:0.000019s ]
INFO: [ app_init ] --END-- [ RunTime:0.000679s ]
ERR: 无法加载模块:Public

[ 2018-04-26T11:38:07+08:00 ] 127.0.0.1 /project/Public/logo/file/logo/5ae13d56266ea.png
INFO: [ app_init ] --START--
INFO: Run Behavior\BuildLiteBehavior [ RunTime:0.000021s ]
INFO: [ app_init ] --END-- [ RunTime:0.000712s ]
ERR: 无法加载模块:Public

[ 2018-04-26T11:39:02+08:00 ] 127.0.0.1 /project/Public/logo/file/logo/5ae13d56266ea.png
INFO: [ app_init ] --START--
INFO: Run Behavior\BuildLiteBehavior [ RunTime:0.000021s ]
INFO: [ app_init ] --END-- [ RunTime:0.000716s ]
ERR: 无法加载模块:Public

[ 2018-04-26T11:40:03+08:00 ] 127.0.0.1 /project/Public/logo/file/logo/5ae13d56266ea.png
INFO: [ app_init ] --START--
INFO: Run Behavior\BuildLiteBehavior [ RunTime:0.000014s ]
INFO: [ app_init ] --END-- [ RunTime:0.000621s ]
ERR: 无法加载模块:Public

[ 2018-04-26T11:40:05+08:00 ] 127.0.0.1 /project/Public/logo/file/logo/5ae13d56266ea.png
INFO: [ app_init ] --START--
INFO: Run Behavior\BuildLiteBehavior [ RunTime:0.000013s ]
INFO: [ app_init ] --END-- [ RunTime:0.000453s ]
ERR: 无法加载模块:Public

[ 2018-04-26T11:40:07+08:00 ] 127.0.0.1 /project/Public/logo/file/logo/5ae13d56266ea.png
INFO: [ app_init ] --START--
INFO: Run Behavior\BuildLiteBehavior [ RunTime:0.000017s ]
INFO: [ app_init ] --END-- [ RunTime:0.000553s ]
ERR: 无法加载模块:Public

[ 2018-04-26T11:40:09+08:00 ] 127.0.0.1 /project/Public/logo/file/logo/5ae13d56266ea.png
INFO: [ app_init ] --START--
INFO: Run Behavior\BuildLiteBehavior [ RunTime:0.000023s ]
INFO: [ app_init ] --END-- [ RunTime:0.000769s ]
ERR: 无法加载模块:Public

[ 2018-04-26T11:40:39+08:00 ] 127.0.0.1 /project/Public/logo/file/logo/5ae13d56266ea.png
INFO: [ app_init ] --START--
INFO: Run Behavior\BuildLiteBehavior [ RunTime:0.000019s ]
INFO: [ app_init ] --END-- [ RunTime:0.000685s ]
ERR: 无法加载模块:Public

[ 2018-04-26T11:40:41+08:00 ] 127.0.0.1 /project/Public/logo/file/logo/5ae13d56266ea.png
INFO: [ app_init ] --START--
INFO: Run Behavior\BuildLiteBehavior [ RunTime:0.000019s ]
INFO: [ app_init ] --END-- [ RunTime:0.000699s ]
ERR: 无法加载模块:Public

[ 2018-04-26T11:40:43+08:00 ] 127.0.0.1 /project/Public/logo/file/logo/5ae13d56266ea.png
INFO: [ app_init ] --START--
INFO: Run Behavior\BuildLiteBehavior [ RunTime:0.000020s ]
INFO: [ app_init ] --END-- [ RunTime:0.000712s ]
ERR: 无法加载模块:Public

[ 2018-04-26T11:40:57+08:00 ] 127.0.0.1 /project/Public/logo/file/logo/5ae13d56266ea.png
INFO: [ app_init ] --START--
INFO: Run Behavior\BuildLiteBehavior [ RunTime:0.000019s ]
INFO: [ app_init ] --END-- [ RunTime:0.000690s ]
ERR: 无法加载模块:Public

[ 2018-04-26T11:44:11+08:00 ] 127.0.0.1 /project/Public/logo/file/logo/5ae13d56266ea.png
INFO: [ app_init ] --START--
INFO: Run Behavior\BuildLiteBehavior [ RunTime:0.000021s ]
INFO: [ app_init ] --END-- [ RunTime:0.000715s ]
ERR: 无法加载模块:Public

[ 2018-04-26T11:44:13+08:00 ] 127.0.0.1 /project/Public/logo/file/logo/5ae13d56266ea.png
INFO: [ app_init ] --START--
INFO: Run Behavior\BuildLiteBehavior [ RunTime:0.000019s ]
INFO: [ app_init ] --END-- [ RunTime:0.000714s ]
ERR: 无法加载模块:Public

[ 2018-04-26T11:44:51+08:00 ] 127.0.0.1 /project/Public/logo/file/logo/5ae13d56266ea.png
INFO: [ app_init ] --START--
INFO: Run Behavior\BuildLiteBehavior [ RunTime:0.000018s ]
INFO: [ app_init ] --END-- [ RunTime:0.000707s ]
ERR: 无法加载模块:Public

[ 2018-04-26T11:45:16+08:00 ] 127.0.0.1 /project/Public/logo/file/logo/5ae13d56266ea.png
INFO: [ app_init ] --START--
INFO: Run Behavior\BuildLiteBehavior [ RunTime:0.000019s ]
INFO: [ app_init ] --END-- [ RunTime:0.000690s ]
ERR: 无法加载模块:Public

[ 2018-04-26T11:56:51+08:00 ] 127.0.0.1 /project/Public/logo/file/logo/5ae13d56266ea.png
INFO: [ app_init ] --START--
INFO: Run Behavior\BuildLiteBehavior [ RunTime:0.000017s ]
INFO: [ app_init ] --END-- [ RunTime:0.000486s ]
ERR: 无法加载模块:Public

[ 2018-04-26T11:56:53+08:00 ] 127.0.0.1 /project/Public/logo/file/logo/5ae13d56266ea.png
INFO: [ app_init ] --START--
INFO: Run Behavior\BuildLiteBehavior [ RunTime:0.000016s ]
INFO: [ app_init ] --END-- [ RunTime:0.000486s ]
ERR: 无法加载模块:Public

[ 2018-04-26T11:57:17+08:00 ] 127.0.0.1 /project/Public/logo/file/logo/5ae13d56266ea.png
INFO: [ app_init ] --START--
INFO: Run Behavior\BuildLiteBehavior [ RunTime:0.000017s ]
INFO: [ app_init ] --END-- [ RunTime:0.000589s ]
ERR: 无法加载模块:Public

[ 2018-04-26T11:57:19+08:00 ] 127.0.0.1 /project/Public/logo/file/logo/5ae13d56266ea.png
INFO: [ app_init ] --START--
INFO: Run Behavior\BuildLiteBehavior [ RunTime:0.000019s ]
INFO: [ app_init ] --END-- [ RunTime:0.000702s ]
ERR: 无法加载模块:Public

[ 2018-04-26T11:57:21+08:00 ] 127.0.0.1 /project/Public/logo/file/logo/5ae13d56266ea.png
INFO: [ app_init ] --START--
INFO: Run Behavior\BuildLiteBehavior [ RunTime:0.000020s ]
INFO: [ app_init ] --END-- [ RunTime:0.000754s ]
ERR: 无法加载模块:Public

[ 2018-04-26T11:57:33+08:00 ] 127.0.0.1 /project/Public/logo/file/logo/5ae14e2c8fc78.png
INFO: [ app_init ] --START--
INFO: Run Behavior\BuildLiteBehavior [ RunTime:0.000019s ]
INFO: [ app_init ] --END-- [ RunTime:0.002317s ]
ERR: 无法加载模块:Public

[ 2018-04-26T11:57:39+08:00 ] 127.0.0.1 /project/Public/logo/file/logo/5ae14e2c8fc78.png
INFO: [ app_init ] --START--
INFO: Run Behavior\BuildLiteBehavior [ RunTime:0.000017s ]
INFO: [ app_init ] --END-- [ RunTime:0.001037s ]
ERR: 无法加载模块:Public

[ 2018-04-26T11:59:03+08:00 ] 127.0.0.1 /project/Public/logo/file/logo/5ae14e2c8fc78.png
INFO: [ app_init ] --START--
INFO: Run Behavior\BuildLiteBehavior [ RunTime:0.000020s ]
INFO: [ app_init ] --END-- [ RunTime:0.000632s ]
ERR: 无法加载模块:Public

[ 2018-04-26T11:59:23+08:00 ] 127.0.0.1 /project/Public/logo/file/logo/5ae14e2c8fc78.png
INFO: [ app_init ] --START--
INFO: Run Behavior\BuildLiteBehavior [ RunTime:0.000015s ]
INFO: [ app_init ] --END-- [ RunTime:0.000469s ]
ERR: 无法加载模块:Public

[ 2018-04-26T11:59:50+08:00 ] 127.0.0.1 /project/Public/logo/file/logo/5ae14e2c8fc78.png
INFO: [ app_init ] --START--
INFO: Run Behavior\BuildLiteBehavior [ RunTime:0.000021s ]
INFO: [ app_init ] --END-- [ RunTime:0.000685s ]
ERR: 无法加载模块:Public

[ 2018-04-26T12:00:18+08:00 ] 127.0.0.1 /project/Public/logo/file/logo/5ae14e2c8fc78.png
INFO: [ app_init ] --START--
INFO: Run Behavior\BuildLiteBehavior [ RunTime:0.000020s ]
INFO: [ app_init ] --END-- [ RunTime:0.000943s ]
ERR: 无法加载模块:Public

[ 2018-04-26T12:01:27+08:00 ] 127.0.0.1 /project/Public/logo/file/logo/5ae14e2c8fc78.png
INFO: [ app_init ] --START--
INFO: Run Behavior\BuildLiteBehavior [ RunTime:0.000019s ]
INFO: [ app_init ] --END-- [ RunTime:0.000746s ]
ERR: 无法加载模块:Public

[ 2018-04-26T12:01:28+08:00 ] 127.0.0.1 /project/Public/logo/file/logo/5ae14e2c8fc78.png
INFO: [ app_init ] --START--
INFO: Run Behavior\BuildLiteBehavior [ RunTime:0.000020s ]
INFO: [ app_init ] --END-- [ RunTime:0.000737s ]
ERR: 无法加载模块:Public

[ 2018-04-26T12:01:29+08:00 ] 127.0.0.1 /project/Public/logo/file/logo/5ae14e2c8fc78.png
INFO: [ app_init ] --START--
INFO: Run Behavior\BuildLiteBehavior [ RunTime:0.000020s ]
INFO: [ app_init ] --END-- [ RunTime:0.000704s ]
ERR: 无法加载模块:Public

[ 2018-04-26T12:01:30+08:00 ] 127.0.0.1 /project/Public/logo/file/logo/5ae14e2c8fc78.png
INFO: [ app_init ] --START--
INFO: Run Behavior\BuildLiteBehavior [ RunTime:0.000021s ]
INFO: [ app_init ] --END-- [ RunTime:0.000838s ]
ERR: 无法加载模块:Public

[ 2018-04-26T23:35:41+08:00 ] 127.0.0.1 /project/Public/logo/file/logo/5ae13d56266ea.png
INFO: [ app_init ] --START--
INFO: Run Behavior\BuildLiteBehavior [ RunTime:0.000022s ]
INFO: [ app_init ] --END-- [ RunTime:0.000941s ]
ERR: 无法加载模块:Public

[ 2018-04-26T23:35:42+08:00 ] 127.0.0.1 /project/favicon.ico
INFO: [ app_init ] --START--
INFO: Run Behavior\BuildLiteBehavior [ RunTime:0.000013s ]
INFO: [ app_init ] --END-- [ RunTime:0.000472s ]
ERR: 无法加载模块:Favicon

[ 2018-04-26T23:35:50+08:00 ] 127.0.0.1 /project/Public/assets/global/scripts/Chart.js
INFO: [ app_init ] --START--
INFO: Run Behavior\BuildLiteBehavior [ RunTime:0.000020s ]
INFO: [ app_init ] --END-- [ RunTime:0.000728s ]
ERR: 无法加载模块:Public

[ 2018-04-26T23:35:51+08:00 ] 127.0.0.1 /project/Public/assets/global/scripts/Chart.js
INFO: [ app_init ] --START--
INFO: Run Behavior\BuildLiteBehavior [ RunTime:0.000017s ]
INFO: [ app_init ] --END-- [ RunTime:0.000523s ]
ERR: 无法加载模块:Public

