[ 2018-04-27T09:17:32+08:00 ] 127.0.0.1 /project/Public/logo/file/logo/5ae13d56266ea.png
INFO: [ app_init ] --START--
INFO: Run Behavior\BuildLiteBehavior [ RunTime:0.000020s ]
INFO: [ app_init ] --END-- [ RunTime:0.000769s ]
ERR: 无法加载模块:Public

[ 2018-04-27T09:17:32+08:00 ] 127.0.0.1 /project/favicon.ico
INFO: [ app_init ] --START--
INFO: Run Behavior\BuildLiteBehavior [ RunTime:0.000013s ]
INFO: [ app_init ] --END-- [ RunTime:0.000479s ]
ERR: 无法加载模块:Favicon

[ 2018-04-27T09:18:01+08:00 ] 127.0.0.1 /project/Public/assets/global/scripts/Chart.js
INFO: [ app_init ] --START--
INFO: Run Behavior\BuildLiteBehavior [ RunTime:0.000019s ]
INFO: [ app_init ] --END-- [ RunTime:0.000697s ]
ERR: 无法加载模块:Public

[ 2018-04-27T09:18:01+08:00 ] 127.0.0.1 /project/Public/assets/global/scripts/Chart.js
INFO: [ app_init ] --START--
INFO: Run Behavior\BuildLiteBehavior [ RunTime:0.000015s ]
INFO: [ app_init ] --END-- [ RunTime:0.000565s ]
ERR: 无法加载模块:Public

[ 2018-04-27T09:18:11+08:00 ] 127.0.0.1 /project/Public/assets/global/scripts/Chart.js
INFO: [ app_init ] --START--
INFO: Run Behavior\BuildLiteBehavior [ RunTime:0.000016s ]
INFO: [ app_init ] --END-- [ RunTime:0.000489s ]
ERR: 无法加载模块:Public

[ 2018-04-27T09:18:11+08:00 ] 127.0.0.1 /project/Public/assets/global/scripts/Chart.js
INFO: [ app_init ] --START--
INFO: Run Behavior\BuildLiteBehavior [ RunTime:0.000019s ]
INFO: [ app_init ] --END-- [ RunTime:0.000657s ]
ERR: 无法加载模块:Public

[ 2018-04-27T09:24:01+08:00 ] 127.0.0.1 /project/Public/logo/file/logo/5ae13d56266ea.png
INFO: [ app_init ] --START--
INFO: Run Behavior\BuildLiteBehavior [ RunTime:0.000018s ]
INFO: [ app_init ] --END-- [ RunTime:0.000692s ]
ERR: 无法加载模块:Public

[ 2018-04-27T09:24:17+08:00 ] 127.0.0.1 /project/Public/assets/global/scripts/Chart.js
INFO: [ app_init ] --START--
INFO: Run Behavior\BuildLiteBehavior [ RunTime:0.000020s ]
INFO: [ app_init ] --END-- [ RunTime:0.000667s ]
ERR: 无法加载模块:Public

[ 2018-04-27T09:24:17+08:00 ] 127.0.0.1 /project/Public/assets/global/scripts/Chart.js
INFO: [ app_init ] --START--
INFO: Run Behavior\BuildLiteBehavior [ RunTime:0.000037s ]
INFO: [ app_init ] --END-- [ RunTime:0.001083s ]
ERR: 无法加载模块:Public

[ 2018-04-27T09:24:26+08:00 ] 127.0.0.1 /project/Public/assets/global/scripts/Chart.js
INFO: [ app_init ] --START--
INFO: Run Behavior\BuildLiteBehavior [ RunTime:0.000023s ]
INFO: [ app_init ] --END-- [ RunTime:0.000727s ]
ERR: 无法加载模块:Public

[ 2018-04-27T09:24:27+08:00 ] 127.0.0.1 /project/Public/assets/global/scripts/Chart.js
INFO: [ app_init ] --START--
INFO: Run Behavior\BuildLiteBehavior [ RunTime:0.000019s ]
INFO: [ app_init ] --END-- [ RunTime:0.001041s ]
ERR: 无法加载模块:Public

[ 2018-04-27T09:24:40+08:00 ] 127.0.0.1 /project/Public/assets/global/scripts/Chart.js
INFO: [ app_init ] --START--
INFO: Run Behavior\BuildLiteBehavior [ RunTime:0.000022s ]
INFO: [ app_init ] --END-- [ RunTime:0.000739s ]
ERR: 无法加载模块:Public

[ 2018-04-27T09:24:40+08:00 ] 127.0.0.1 /project/Public/assets/global/scripts/Chart.js
INFO: [ app_init ] --START--
INFO: Run Behavior\BuildLiteBehavior [ RunTime:0.000023s ]
INFO: [ app_init ] --END-- [ RunTime:0.000883s ]
ERR: 无法加载模块:Public

[ 2018-04-27T09:31:14+08:00 ] 127.0.0.1 /project/Public/assets/global/scripts/Chart.js
INFO: [ app_init ] --START--
INFO: Run Behavior\BuildLiteBehavior [ RunTime:0.000019s ]
INFO: [ app_init ] --END-- [ RunTime:0.000529s ]
ERR: 无法加载模块:Public

[ 2018-04-27T09:31:15+08:00 ] 127.0.0.1 /project/Public/assets/global/scripts/Chart.js
INFO: [ app_init ] --START--
INFO: Run Behavior\BuildLiteBehavior [ RunTime:0.000021s ]
INFO: [ app_init ] --END-- [ RunTime:0.000520s ]
ERR: 无法加载模块:Public

[ 2018-04-27T09:32:07+08:00 ] 127.0.0.1 /project/Public/assets/global/scripts/Chart.js
INFO: [ app_init ] --START--
INFO: Run Behavior\BuildLiteBehavior [ RunTime:0.000018s ]
INFO: [ app_init ] --END-- [ RunTime:0.000941s ]
ERR: 无法加载模块:Public

[ 2018-04-27T09:32:07+08:00 ] 127.0.0.1 /project/Public/assets/global/scripts/Chart.js
INFO: [ app_init ] --START--
INFO: Run Behavior\BuildLiteBehavior [ RunTime:0.000015s ]
INFO: [ app_init ] --END-- [ RunTime:0.000976s ]
ERR: 无法加载模块:Public

[ 2018-04-27T09:32:09+08:00 ] 127.0.0.1 /project/Public/assets/global/scripts/Chart.js
INFO: [ app_init ] --START--
INFO: Run Behavior\BuildLiteBehavior [ RunTime:0.000019s ]
INFO: [ app_init ] --END-- [ RunTime:0.000685s ]
ERR: 无法加载模块:Public

[ 2018-04-27T09:32:09+08:00 ] 127.0.0.1 /project/Public/assets/global/scripts/Chart.js
INFO: [ app_init ] --START--
INFO: Run Behavior\BuildLiteBehavior [ RunTime:0.000024s ]
INFO: [ app_init ] --END-- [ RunTime:0.000778s ]
ERR: 无法加载模块:Public

[ 2018-04-27T09:34:34+08:00 ] 127.0.0.1 /project/Public/assets/global/scripts/Chart.js
INFO: [ app_init ] --START--
INFO: Run Behavior\BuildLiteBehavior [ RunTime:0.000013s ]
INFO: [ app_init ] --END-- [ RunTime:0.000504s ]
ERR: 无法加载模块:Public

[ 2018-04-27T09:34:34+08:00 ] 127.0.0.1 /project/Public/assets/global/scripts/Chart.js
INFO: [ app_init ] --START--
INFO: Run Behavior\BuildLiteBehavior [ RunTime:0.000022s ]
INFO: [ app_init ] --END-- [ RunTime:0.001247s ]
ERR: 无法加载模块:Public

[ 2018-04-27T09:41:10+08:00 ] 127.0.0.1 /project/Public/assets/global/scripts/Chart.js
INFO: [ app_init ] --START--
INFO: Run Behavior\BuildLiteBehavior [ RunTime:0.000019s ]
INFO: [ app_init ] --END-- [ RunTime:0.001080s ]
ERR: 无法加载模块:Public

[ 2018-04-27T09:41:10+08:00 ] 127.0.0.1 /project/Public/assets/global/scripts/Chart.js
INFO: [ app_init ] --START--
INFO: Run Behavior\BuildLiteBehavior [ RunTime:0.000059s ]
INFO: [ app_init ] --END-- [ RunTime:0.001593s ]
ERR: 无法加载模块:Public

[ 2018-04-27T09:41:14+08:00 ] 127.0.0.1 /project/Public/assets/global/scripts/Chart.js
INFO: [ app_init ] --START--
INFO: Run Behavior\BuildLiteBehavior [ RunTime:0.000015s ]
INFO: [ app_init ] --END-- [ RunTime:0.000679s ]
ERR: 无法加载模块:Public

[ 2018-04-27T09:41:14+08:00 ] 127.0.0.1 /project/Public/assets/global/scripts/Chart.js
INFO: [ app_init ] --START--
INFO: Run Behavior\BuildLiteBehavior [ RunTime:0.000025s ]
INFO: [ app_init ] --END-- [ RunTime:0.001199s ]
ERR: 无法加载模块:Public

[ 2018-04-27T09:41:24+08:00 ] 127.0.0.1 /project/Public/assets/global/scripts/Chart.js
INFO: [ app_init ] --START--
INFO: Run Behavior\BuildLiteBehavior [ RunTime:0.000020s ]
INFO: [ app_init ] --END-- [ RunTime:0.000721s ]
ERR: 无法加载模块:Public

[ 2018-04-27T09:41:25+08:00 ] 127.0.0.1 /project/Public/assets/global/scripts/Chart.js
INFO: [ app_init ] --START--
INFO: Run Behavior\BuildLiteBehavior [ RunTime:0.000060s ]
INFO: [ app_init ] --END-- [ RunTime:0.001214s ]
ERR: 无法加载模块:Public

[ 2018-04-27T09:42:35+08:00 ] 127.0.0.1 /project/Public/assets/global/scripts/Chart.js
INFO: [ app_init ] --START--
INFO: Run Behavior\BuildLiteBehavior [ RunTime:0.000021s ]
INFO: [ app_init ] --END-- [ RunTime:0.000732s ]
ERR: 无法加载模块:Public

[ 2018-04-27T09:42:36+08:00 ] 127.0.0.1 /project/Public/assets/global/scripts/Chart.js
INFO: [ app_init ] --START--
INFO: Run Behavior\BuildLiteBehavior [ RunTime:0.000020s ]
INFO: [ app_init ] --END-- [ RunTime:0.000743s ]
ERR: 无法加载模块:Public

[ 2018-04-27T09:42:38+08:00 ] 127.0.0.1 /project/Public/assets/global/scripts/Chart.js
INFO: [ app_init ] --START--
INFO: Run Behavior\BuildLiteBehavior [ RunTime:0.000023s ]
INFO: [ app_init ] --END-- [ RunTime:0.001016s ]
ERR: 无法加载模块:Public

[ 2018-04-27T09:42:38+08:00 ] 127.0.0.1 /project/Public/assets/global/scripts/Chart.js
INFO: [ app_init ] --START--
INFO: Run Behavior\BuildLiteBehavior [ RunTime:0.000039s ]
INFO: [ app_init ] --END-- [ RunTime:0.000933s ]
ERR: 无法加载模块:Public

[ 2018-04-27T09:44:14+08:00 ] 127.0.0.1 /project/Public/assets/global/scripts/Chart.js
INFO: [ app_init ] --START--
INFO: Run Behavior\BuildLiteBehavior [ RunTime:0.000020s ]
INFO: [ app_init ] --END-- [ RunTime:0.000690s ]
ERR: 无法加载模块:Public

[ 2018-04-27T09:44:14+08:00 ] 127.0.0.1 /project/Public/assets/global/scripts/Chart.js
INFO: [ app_init ] --START--
INFO: Run Behavior\BuildLiteBehavior [ RunTime:0.000037s ]
INFO: [ app_init ] --END-- [ RunTime:0.000836s ]
ERR: 无法加载模块:Public

[ 2018-04-27T09:46:43+08:00 ] 127.0.0.1 /project/Public/assets/global/scripts/Chart.js
INFO: [ app_init ] --START--
INFO: Run Behavior\BuildLiteBehavior [ RunTime:0.000013s ]
INFO: [ app_init ] --END-- [ RunTime:0.000607s ]
ERR: 无法加载模块:Public

[ 2018-04-27T09:46:43+08:00 ] 127.0.0.1 /project/Public/assets/global/scripts/Chart.js
INFO: [ app_init ] --START--
INFO: Run Behavior\BuildLiteBehavior [ RunTime:0.000014s ]
INFO: [ app_init ] --END-- [ RunTime:0.000604s ]
ERR: 无法加载模块:Public

[ 2018-04-27T09:50:32+08:00 ] 127.0.0.1 /project/Public/assets/global/scripts/Chart.js
INFO: [ app_init ] --START--
INFO: Run Behavior\BuildLiteBehavior [ RunTime:0.000013s ]
INFO: [ app_init ] --END-- [ RunTime:0.000455s ]
ERR: 无法加载模块:Public

[ 2018-04-27T09:50:32+08:00 ] 127.0.0.1 /project/Public/assets/global/scripts/Chart.js
INFO: [ app_init ] --START--
INFO: Run Behavior\BuildLiteBehavior [ RunTime:0.000016s ]
INFO: [ app_init ] --END-- [ RunTime:0.000534s ]
ERR: 无法加载模块:Public

[ 2018-04-27T09:51:02+08:00 ] 127.0.0.1 /project/Public/assets/global/scripts/Chart.js
INFO: [ app_init ] --START--
INFO: Run Behavior\BuildLiteBehavior [ RunTime:0.000019s ]
INFO: [ app_init ] --END-- [ RunTime:0.000704s ]
ERR: 无法加载模块:Public

[ 2018-04-27T09:51:03+08:00 ] 127.0.0.1 /project/Public/assets/global/scripts/Chart.js
INFO: [ app_init ] --START--
INFO: Run Behavior\BuildLiteBehavior [ RunTime:0.000034s ]
INFO: [ app_init ] --END-- [ RunTime:0.000769s ]
ERR: 无法加载模块:Public

[ 2018-04-27T09:51:32+08:00 ] 127.0.0.1 /project/Public/assets/global/scripts/Chart.js
INFO: [ app_init ] --START--
INFO: Run Behavior\BuildLiteBehavior [ RunTime:0.000014s ]
INFO: [ app_init ] --END-- [ RunTime:0.000611s ]
ERR: 无法加载模块:Public

[ 2018-04-27T09:51:32+08:00 ] 127.0.0.1 /project/Public/assets/global/scripts/Chart.js
INFO: [ app_init ] --START--
INFO: Run Behavior\BuildLiteBehavior [ RunTime:0.000035s ]
INFO: [ app_init ] --END-- [ RunTime:0.001298s ]
ERR: 无法加载模块:Public

[ 2018-04-27T09:52:24+08:00 ] 127.0.0.1 /project/Public/assets/global/scripts/Chart.js
INFO: [ app_init ] --START--
INFO: Run Behavior\BuildLiteBehavior [ RunTime:0.000014s ]
INFO: [ app_init ] --END-- [ RunTime:0.000457s ]
ERR: 无法加载模块:Public

[ 2018-04-27T09:52:25+08:00 ] 127.0.0.1 /project/Public/assets/global/scripts/Chart.js
INFO: [ app_init ] --START--
INFO: Run Behavior\BuildLiteBehavior [ RunTime:0.000019s ]
INFO: [ app_init ] --END-- [ RunTime:0.000673s ]
ERR: 无法加载模块:Public

[ 2018-04-27T09:53:01+08:00 ] 127.0.0.1 /project/Public/assets/global/scripts/Chart.js
INFO: [ app_init ] --START--
INFO: Run Behavior\BuildLiteBehavior [ RunTime:0.000019s ]
INFO: [ app_init ] --END-- [ RunTime:0.000752s ]
ERR: 无法加载模块:Public

[ 2018-04-27T09:53:02+08:00 ] 127.0.0.1 /project/Public/assets/global/scripts/Chart.js
INFO: [ app_init ] --START--
INFO: Run Behavior\BuildLiteBehavior [ RunTime:0.000014s ]
INFO: [ app_init ] --END-- [ RunTime:0.000461s ]
ERR: 无法加载模块:Public

[ 2018-04-27T10:09:49+08:00 ] 127.0.0.1 /project/Public/assets/global/scripts/Chart.js
INFO: [ app_init ] --START--
INFO: Run Behavior\BuildLiteBehavior [ RunTime:0.000021s ]
INFO: [ app_init ] --END-- [ RunTime:0.000679s ]
ERR: 无法加载模块:Public

[ 2018-04-27T10:09:49+08:00 ] 127.0.0.1 /project/Public/assets/global/scripts/Chart.js
INFO: [ app_init ] --START--
INFO: Run Behavior\BuildLiteBehavior [ RunTime:0.000019s ]
INFO: [ app_init ] --END-- [ RunTime:0.000627s ]
ERR: 无法加载模块:Public

[ 2018-04-27T10:10:03+08:00 ] 127.0.0.1 /project/Public/assets/global/scripts/Chart.js
INFO: [ app_init ] --START--
INFO: Run Behavior\BuildLiteBehavior [ RunTime:0.000020s ]
INFO: [ app_init ] --END-- [ RunTime:0.000700s ]
ERR: 无法加载模块:Public

[ 2018-04-27T10:10:04+08:00 ] 127.0.0.1 /project/Public/assets/global/scripts/Chart.js
INFO: [ app_init ] --START--
INFO: Run Behavior\BuildLiteBehavior [ RunTime:0.000018s ]
INFO: [ app_init ] --END-- [ RunTime:0.000675s ]
ERR: 无法加载模块:Public

[ 2018-04-27T10:43:47+08:00 ] 127.0.0.1 /project/Public/assets/global/scripts/Chart.js
INFO: [ app_init ] --START--
INFO: Run Behavior\BuildLiteBehavior [ RunTime:0.000014s ]
INFO: [ app_init ] --END-- [ RunTime:0.000510s ]
ERR: 无法加载模块:Public

[ 2018-04-27T10:43:47+08:00 ] 127.0.0.1 /project/Public/assets/global/scripts/Chart.js
INFO: [ app_init ] --START--
INFO: Run Behavior\BuildLiteBehavior [ RunTime:0.000020s ]
INFO: [ app_init ] --END-- [ RunTime:0.000738s ]
ERR: 无法加载模块:Public

[ 2018-04-27T10:44:14+08:00 ] 127.0.0.1 /project/Public/assets/global/scripts/Chart.js
INFO: [ app_init ] --START--
INFO: Run Behavior\BuildLiteBehavior [ RunTime:0.000015s ]
INFO: [ app_init ] --END-- [ RunTime:0.000497s ]
ERR: 无法加载模块:Public

[ 2018-04-27T10:44:14+08:00 ] 127.0.0.1 /project/Public/assets/global/scripts/Chart.js
INFO: [ app_init ] --START--
INFO: Run Behavior\BuildLiteBehavior [ RunTime:0.000019s ]
INFO: [ app_init ] --END-- [ RunTime:0.000769s ]
ERR: 无法加载模块:Public

[ 2018-04-27T10:44:57+08:00 ] 127.0.0.1 /project/Public/assets/global/scripts/Chart.js
INFO: [ app_init ] --START--
INFO: Run Behavior\BuildLiteBehavior [ RunTime:0.000021s ]
INFO: [ app_init ] --END-- [ RunTime:0.000720s ]
ERR: 无法加载模块:Public

[ 2018-04-27T10:44:57+08:00 ] 127.0.0.1 /project/Public/assets/global/scripts/Chart.js
INFO: [ app_init ] --START--
INFO: Run Behavior\BuildLiteBehavior [ RunTime:0.000045s ]
INFO: [ app_init ] --END-- [ RunTime:0.001118s ]
ERR: 无法加载模块:Public

[ 2018-04-27T10:50:37+08:00 ] 127.0.0.1 /project/Public/assets/global/scripts/Chart.js
INFO: [ app_init ] --START--
INFO: Run Behavior\BuildLiteBehavior [ RunTime:0.000021s ]
INFO: [ app_init ] --END-- [ RunTime:0.000859s ]
ERR: 无法加载模块:Public

[ 2018-04-27T10:50:37+08:00 ] 127.0.0.1 /project/Public/assets/global/scripts/Chart.js
INFO: [ app_init ] --START--
INFO: Run Behavior\BuildLiteBehavior [ RunTime:0.000029s ]
INFO: [ app_init ] --END-- [ RunTime:0.000934s ]
ERR: 无法加载模块:Public

[ 2018-04-27T10:51:24+08:00 ] 127.0.0.1 /project/Public/assets/global/scripts/Chart.js
INFO: [ app_init ] --START--
INFO: Run Behavior\BuildLiteBehavior [ RunTime:0.000019s ]
INFO: [ app_init ] --END-- [ RunTime:0.000700s ]
ERR: 无法加载模块:Public

[ 2018-04-27T10:51:25+08:00 ] 127.0.0.1 /project/Public/assets/global/scripts/Chart.js
INFO: [ app_init ] --START--
INFO: Run Behavior\BuildLiteBehavior [ RunTime:0.000018s ]
INFO: [ app_init ] --END-- [ RunTime:0.000698s ]
ERR: 无法加载模块:Public

[ 2018-04-27T10:51:28+08:00 ] 127.0.0.1 /project/Public/assets/global/scripts/Chart.js
INFO: [ app_init ] --START--
INFO: Run Behavior\BuildLiteBehavior [ RunTime:0.000019s ]
INFO: [ app_init ] --END-- [ RunTime:0.000956s ]
ERR: 无法加载模块:Public

[ 2018-04-27T10:51:28+08:00 ] 127.0.0.1 /project/Public/assets/global/scripts/Chart.js
INFO: [ app_init ] --START--
INFO: Run Behavior\BuildLiteBehavior [ RunTime:0.000018s ]
INFO: [ app_init ] --END-- [ RunTime:0.000595s ]
ERR: 无法加载模块:Public

[ 2018-04-27T10:53:32+08:00 ] 127.0.0.1 /project/Public/assets/global/scripts/Chart.js
INFO: [ app_init ] --START--
INFO: Run Behavior\BuildLiteBehavior [ RunTime:0.000018s ]
INFO: [ app_init ] --END-- [ RunTime:0.000681s ]
ERR: 无法加载模块:Public

[ 2018-04-27T10:53:32+08:00 ] 127.0.0.1 /project/Public/assets/global/scripts/Chart.js
INFO: [ app_init ] --START--
INFO: Run Behavior\BuildLiteBehavior [ RunTime:0.000019s ]
INFO: [ app_init ] --END-- [ RunTime:0.000716s ]
ERR: 无法加载模块:Public

[ 2018-04-27T10:54:00+08:00 ] 127.0.0.1 /project/Public/assets/global/scripts/Chart.js
INFO: [ app_init ] --START--
INFO: Run Behavior\BuildLiteBehavior [ RunTime:0.000024s ]
INFO: [ app_init ] --END-- [ RunTime:0.000712s ]
ERR: 无法加载模块:Public

[ 2018-04-27T10:54:00+08:00 ] 127.0.0.1 /project/Public/assets/global/scripts/Chart.js
INFO: [ app_init ] --START--
INFO: Run Behavior\BuildLiteBehavior [ RunTime:0.000025s ]
INFO: [ app_init ] --END-- [ RunTime:0.001099s ]
ERR: 无法加载模块:Public

[ 2018-04-27T10:54:17+08:00 ] 127.0.0.1 /project/Public/assets/global/scripts/Chart.js
INFO: [ app_init ] --START--
INFO: Run Behavior\BuildLiteBehavior [ RunTime:0.000021s ]
INFO: [ app_init ] --END-- [ RunTime:0.000742s ]
ERR: 无法加载模块:Public

[ 2018-04-27T10:54:18+08:00 ] 127.0.0.1 /project/Public/assets/global/scripts/Chart.js
INFO: [ app_init ] --START--
INFO: Run Behavior\BuildLiteBehavior [ RunTime:0.000016s ]
INFO: [ app_init ] --END-- [ RunTime:0.000557s ]
ERR: 无法加载模块:Public

[ 2018-04-27T10:54:37+08:00 ] 127.0.0.1 /project/Public/assets/global/scripts/Chart.js
INFO: [ app_init ] --START--
INFO: Run Behavior\BuildLiteBehavior [ RunTime:0.000017s ]
INFO: [ app_init ] --END-- [ RunTime:0.000463s ]
ERR: 无法加载模块:Public

[ 2018-04-27T10:54:38+08:00 ] 127.0.0.1 /project/Public/assets/global/scripts/Chart.js
INFO: [ app_init ] --START--
INFO: Run Behavior\BuildLiteBehavior [ RunTime:0.000021s ]
INFO: [ app_init ] --END-- [ RunTime:0.000746s ]
ERR: 无法加载模块:Public

[ 2018-04-27T10:55:34+08:00 ] 127.0.0.1 /project/Public/assets/global/scripts/Chart.js
INFO: [ app_init ] --START--
INFO: Run Behavior\BuildLiteBehavior [ RunTime:0.000022s ]
INFO: [ app_init ] --END-- [ RunTime:0.000755s ]
ERR: 无法加载模块:Public

[ 2018-04-27T10:55:34+08:00 ] 127.0.0.1 /project/Public/assets/global/scripts/Chart.js
INFO: [ app_init ] --START--
INFO: Run Behavior\BuildLiteBehavior [ RunTime:0.000018s ]
INFO: [ app_init ] --END-- [ RunTime:0.000688s ]
ERR: 无法加载模块:Public

[ 2018-04-27T10:56:36+08:00 ] 127.0.0.1 /project/Public/assets/global/scripts/Chart.js
INFO: [ app_init ] --START--
INFO: Run Behavior\BuildLiteBehavior [ RunTime:0.000015s ]
INFO: [ app_init ] --END-- [ RunTime:0.000495s ]
ERR: 无法加载模块:Public

[ 2018-04-27T10:56:36+08:00 ] 127.0.0.1 /project/Public/assets/global/scripts/Chart.js
INFO: [ app_init ] --START--
INFO: Run Behavior\BuildLiteBehavior [ RunTime:0.000018s ]
INFO: [ app_init ] --END-- [ RunTime:0.000689s ]
ERR: 无法加载模块:Public

[ 2018-04-27T10:56:51+08:00 ] 127.0.0.1 /project/favicon.ico
INFO: [ app_init ] --START--
INFO: Run Behavior\BuildLiteBehavior [ RunTime:0.000012s ]
INFO: [ app_init ] --END-- [ RunTime:0.000474s ]
ERR: 无法加载模块:Favicon

[ 2018-04-27T10:56:55+08:00 ] 127.0.0.1 /project/Public/assets/global/scripts/Chart.js
INFO: [ app_init ] --START--
INFO: Run Behavior\BuildLiteBehavior [ RunTime:0.000028s ]
INFO: [ app_init ] --END-- [ RunTime:0.000777s ]
ERR: 无法加载模块:Public

[ 2018-04-27T10:56:55+08:00 ] 127.0.0.1 /project/Public/assets/global/scripts/Chart.js
INFO: [ app_init ] --START--
INFO: Run Behavior\BuildLiteBehavior [ RunTime:0.000032s ]
INFO: [ app_init ] --END-- [ RunTime:0.000800s ]
ERR: 无法加载模块:Public

[ 2018-04-27T11:01:49+08:00 ] 127.0.0.1 /project/Public/assets/global/scripts/Chart.js
INFO: [ app_init ] --START--
INFO: Run Behavior\BuildLiteBehavior [ RunTime:0.000020s ]
INFO: [ app_init ] --END-- [ RunTime:0.000722s ]
ERR: 无法加载模块:Public

[ 2018-04-27T11:01:50+08:00 ] 127.0.0.1 /project/Public/assets/global/scripts/Chart.js
INFO: [ app_init ] --START--
INFO: Run Behavior\BuildLiteBehavior [ RunTime:0.000033s ]
INFO: [ app_init ] --END-- [ RunTime:0.000862s ]
ERR: 无法加载模块:Public

[ 2018-04-27T12:27:12+08:00 ] 127.0.0.1 /project/favicon.ico
INFO: [ app_init ] --START--
INFO: Run Behavior\BuildLiteBehavior [ RunTime:0.000016s ]
INFO: [ app_init ] --END-- [ RunTime:0.000468s ]
ERR: 无法加载模块:Favicon

[ 2018-04-27T12:27:14+08:00 ] 127.0.0.1 /project/Public/assets/global/scripts/Chart.js
INFO: [ app_init ] --START--
INFO: Run Behavior\BuildLiteBehavior [ RunTime:0.000024s ]
INFO: [ app_init ] --END-- [ RunTime:0.000809s ]
ERR: 无法加载模块:Public

[ 2018-04-27T12:27:14+08:00 ] 127.0.0.1 /project/Public/assets/global/scripts/Chart.js
INFO: [ app_init ] --START--
INFO: Run Behavior\BuildLiteBehavior [ RunTime:0.000046s ]
INFO: [ app_init ] --END-- [ RunTime:0.001020s ]
ERR: 无法加载模块:Public

[ 2018-04-27T12:33:14+08:00 ] 127.0.0.1 /project/favicon.ico
INFO: [ app_init ] --START--
INFO: Run Behavior\BuildLiteBehavior [ RunTime:0.000022s ]
INFO: [ app_init ] --END-- [ RunTime:0.000911s ]
ERR: 无法加载模块:Favicon

[ 2018-04-27T12:33:17+08:00 ] 127.0.0.1 /project/Public/assets/global/scripts/Chart.js
INFO: [ app_init ] --START--
INFO: Run Behavior\BuildLiteBehavior [ RunTime:0.000018s ]
INFO: [ app_init ] --END-- [ RunTime:0.000925s ]
ERR: 无法加载模块:Public

[ 2018-04-27T12:33:17+08:00 ] 127.0.0.1 /project/Public/assets/global/scripts/Chart.js
INFO: [ app_init ] --START--
INFO: Run Behavior\BuildLiteBehavior [ RunTime:0.000014s ]
INFO: [ app_init ] --END-- [ RunTime:0.000625s ]
ERR: 无法加载模块:Public

[ 2018-04-27T12:33:39+08:00 ] 127.0.0.1 /project/Public/assets/global/scripts/Chart.js
INFO: [ app_init ] --START--
INFO: Run Behavior\BuildLiteBehavior [ RunTime:0.000013s ]
INFO: [ app_init ] --END-- [ RunTime:0.000474s ]
ERR: 无法加载模块:Public

[ 2018-04-27T12:33:39+08:00 ] 127.0.0.1 /project/Public/assets/global/scripts/Chart.js
INFO: [ app_init ] --START--
INFO: Run Behavior\BuildLiteBehavior [ RunTime:0.000077s ]
INFO: [ app_init ] --END-- [ RunTime:0.002235s ]
ERR: 无法加载模块:Public

[ 2018-04-27T13:41:14+08:00 ] 127.0.0.1 /project/Public/assets/global/scripts/Chart.js
INFO: [ app_init ] --START--
INFO: Run Behavior\BuildLiteBehavior [ RunTime:0.000018s ]
INFO: [ app_init ] --END-- [ RunTime:0.000672s ]
ERR: 无法加载模块:Public

[ 2018-04-27T13:41:14+08:00 ] 127.0.0.1 /project/Public/assets/global/scripts/Chart.js
INFO: [ app_init ] --START--
INFO: Run Behavior\BuildLiteBehavior [ RunTime:0.000018s ]
INFO: [ app_init ] --END-- [ RunTime:0.000666s ]
ERR: 无法加载模块:Public

[ 2018-04-27T15:01:52+08:00 ] 127.0.0.1 /project/favicon.ico
INFO: [ app_init ] --START--
INFO: Run Behavior\BuildLiteBehavior [ RunTime:0.000013s ]
INFO: [ app_init ] --END-- [ RunTime:0.000466s ]
ERR: 无法加载模块:Favicon

[ 2018-04-27T15:01:54+08:00 ] 127.0.0.1 /project/Public/assets/global/scripts/Chart.js
INFO: [ app_init ] --START--
INFO: Run Behavior\BuildLiteBehavior [ RunTime:0.000020s ]
INFO: [ app_init ] --END-- [ RunTime:0.000733s ]
ERR: 无法加载模块:Public

[ 2018-04-27T15:01:54+08:00 ] 127.0.0.1 /project/Public/assets/global/scripts/Chart.js
INFO: [ app_init ] --START--
INFO: Run Behavior\BuildLiteBehavior [ RunTime:0.000022s ]
INFO: [ app_init ] --END-- [ RunTime:0.000758s ]
ERR: 无法加载模块:Public

[ 2018-04-27T15:10:10+08:00 ] 127.0.0.1 /project/Public/assets/global/scripts/Chart.js
INFO: [ app_init ] --START--
INFO: Run Behavior\BuildLiteBehavior [ RunTime:0.000022s ]
INFO: [ app_init ] --END-- [ RunTime:0.000718s ]
ERR: 无法加载模块:Public

[ 2018-04-27T15:10:10+08:00 ] 127.0.0.1 /project/Public/assets/global/scripts/Chart.js
INFO: [ app_init ] --START--
INFO: Run Behavior\BuildLiteBehavior [ RunTime:0.000046s ]
INFO: [ app_init ] --END-- [ RunTime:0.001044s ]
ERR: 无法加载模块:Public

[ 2018-04-27T15:10:19+08:00 ] 127.0.0.1 /project/Public/assets/global/scripts/Chart.js
INFO: [ app_init ] --START--
INFO: Run Behavior\BuildLiteBehavior [ RunTime:0.000019s ]
INFO: [ app_init ] --END-- [ RunTime:0.000511s ]
ERR: 无法加载模块:Public

[ 2018-04-27T15:10:19+08:00 ] 127.0.0.1 /project/Public/assets/global/scripts/Chart.js
INFO: [ app_init ] --START--
INFO: Run Behavior\BuildLiteBehavior [ RunTime:0.000039s ]
INFO: [ app_init ] --END-- [ RunTime:0.000737s ]
ERR: 无法加载模块:Public

[ 2018-04-27T15:10:59+08:00 ] 127.0.0.1 /project/Public/assets/global/scripts/Chart.js
INFO: [ app_init ] --START--
INFO: Run Behavior\BuildLiteBehavior [ RunTime:0.000015s ]
INFO: [ app_init ] --END-- [ RunTime:0.000725s ]
ERR: 无法加载模块:Public

[ 2018-04-27T15:10:59+08:00 ] 127.0.0.1 /project/Public/assets/global/scripts/Chart.js
INFO: [ app_init ] --START--
INFO: Run Behavior\BuildLiteBehavior [ RunTime:0.000019s ]
INFO: [ app_init ] --END-- [ RunTime:0.000682s ]
ERR: 无法加载模块:Public

[ 2018-04-27T15:12:26+08:00 ] 127.0.0.1 /project/Public/assets/global/scripts/Chart.js
INFO: [ app_init ] --START--
INFO: Run Behavior\BuildLiteBehavior [ RunTime:0.000024s ]
INFO: [ app_init ] --END-- [ RunTime:0.001690s ]
ERR: 无法加载模块:Public

[ 2018-04-27T16:53:36+08:00 ] 127.0.0.1 /project/Public/assets/global/scripts/Chart.js
INFO: [ app_init ] --START--
INFO: Run Behavior\BuildLiteBehavior [ RunTime:0.000020s ]
INFO: [ app_init ] --END-- [ RunTime:0.000703s ]
ERR: 无法加载模块:Public

[ 2018-04-27T18:17:19+08:00 ] 127.0.0.1 /project/Manahe
INFO: [ app_init ] --START--
INFO: Run Behavior\BuildLiteBehavior [ RunTime:0.000013s ]
INFO: [ app_init ] --END-- [ RunTime:0.000455s ]
ERR: 无法加载模块:Manahe

[ 2018-04-27T18:22:39+08:00 ] 127.0.0.1 /project/favicon.ico
INFO: [ app_init ] --START--
INFO: Run Behavior\BuildLiteBehavior [ RunTime:0.000021s ]
INFO: [ app_init ] --END-- [ RunTime:0.000747s ]
ERR: 无法加载模块:Favicon

[ 2018-04-27T18:24:49+08:00 ] 127.0.0.1 /project/Public/assets/global/scripts/Chart.js
INFO: [ app_init ] --START--
INFO: Run Behavior\BuildLiteBehavior [ RunTime:0.000013s ]
INFO: [ app_init ] --END-- [ RunTime:0.000461s ]
ERR: 无法加载模块:Public

[ 2018-04-27T18:24:49+08:00 ] 127.0.0.1 /project/Public/assets/global/scripts/Chart.js
INFO: [ app_init ] --START--
INFO: Run Behavior\BuildLiteBehavior [ RunTime:0.000023s ]
INFO: [ app_init ] --END-- [ RunTime:0.000984s ]
ERR: 无法加载模块:Public

[ 2018-04-27T18:25:13+08:00 ] 127.0.0.1 /project/index.php/Backenddisplay/Login/logout
INFO: [ app_init ] --START--
INFO: Run Behavior\BuildLiteBehavior [ RunTime:0.000014s ]
INFO: [ app_init ] --END-- [ RunTime:0.000465s ]
ERR: 无法加载模块:Backenddisplay

[ 2018-04-27T18:30:20+08:00 ] 127.0.0.1 /project/Public/assets/global/scripts/Chart.js
INFO: [ app_init ] --START--
INFO: Run Behavior\BuildLiteBehavior [ RunTime:0.000014s ]
INFO: [ app_init ] --END-- [ RunTime:0.000509s ]
ERR: 无法加载模块:Public

[ 2018-04-27T18:30:20+08:00 ] 127.0.0.1 /project/Public/assets/global/scripts/Chart.js
INFO: [ app_init ] --START--
INFO: Run Behavior\BuildLiteBehavior [ RunTime:0.000020s ]
INFO: [ app_init ] --END-- [ RunTime:0.000800s ]
ERR: 无法加载模块:Public

[ 2018-04-27T18:30:25+08:00 ] 127.0.0.1 /project/Public/assets/global/scripts/Chart.js
INFO: [ app_init ] --START--
INFO: Run Behavior\BuildLiteBehavior [ RunTime:0.000023s ]
INFO: [ app_init ] --END-- [ RunTime:0.000946s ]
ERR: 无法加载模块:Public

[ 2018-04-27T18:30:25+08:00 ] 127.0.0.1 /project/Public/assets/global/scripts/Chart.js
INFO: [ app_init ] --START--
INFO: Run Behavior\BuildLiteBehavior [ RunTime:0.000014s ]
INFO: [ app_init ] --END-- [ RunTime:0.000525s ]
ERR: 无法加载模块:Public

[ 2018-04-27T18:30:28+08:00 ] 127.0.0.1 /project/Public/assets/global/scripts/Chart.js
INFO: [ app_init ] --START--
INFO: Run Behavior\BuildLiteBehavior [ RunTime:0.000018s ]
INFO: [ app_init ] --END-- [ RunTime:0.000715s ]
ERR: 无法加载模块:Public

[ 2018-04-27T18:30:28+08:00 ] 127.0.0.1 /project/Public/assets/global/scripts/Chart.js
INFO: [ app_init ] --START--
INFO: Run Behavior\BuildLiteBehavior [ RunTime:0.000045s ]
INFO: [ app_init ] --END-- [ RunTime:0.001322s ]
ERR: 无法加载模块:Public

[ 2018-04-27T18:30:37+08:00 ] 127.0.0.1 /project/Public/assets/global/scripts/Chart.js
INFO: [ app_init ] --START--
INFO: Run Behavior\BuildLiteBehavior [ RunTime:0.000019s ]
INFO: [ app_init ] --END-- [ RunTime:0.000674s ]
ERR: 无法加载模块:Public

[ 2018-04-27T18:30:37+08:00 ] 127.0.0.1 /project/Public/assets/global/scripts/Chart.js
INFO: [ app_init ] --START--
INFO: Run Behavior\BuildLiteBehavior [ RunTime:0.000019s ]
INFO: [ app_init ] --END-- [ RunTime:0.000699s ]
ERR: 无法加载模块:Public

[ 2018-04-27T18:32:19+08:00 ] 127.0.0.1 /project/Public/assets/global/scripts/Chart.js
INFO: [ app_init ] --START--
INFO: Run Behavior\BuildLiteBehavior [ RunTime:0.000019s ]
INFO: [ app_init ] --END-- [ RunTime:0.000598s ]
ERR: 无法加载模块:Public

[ 2018-04-27T18:32:19+08:00 ] 127.0.0.1 /project/Public/assets/global/scripts/Chart.js
INFO: [ app_init ] --START--
INFO: Run Behavior\BuildLiteBehavior [ RunTime:0.000023s ]
INFO: [ app_init ] --END-- [ RunTime:0.000733s ]
ERR: 无法加载模块:Public

[ 2018-04-27T18:32:29+08:00 ] 127.0.0.1 /project/Public/assets/global/scripts/Chart.js
INFO: [ app_init ] --START--
INFO: Run Behavior\BuildLiteBehavior [ RunTime:0.000021s ]
INFO: [ app_init ] --END-- [ RunTime:0.000740s ]
ERR: 无法加载模块:Public

[ 2018-04-27T18:32:29+08:00 ] 127.0.0.1 /project/Public/assets/global/scripts/Chart.js
INFO: [ app_init ] --START--
INFO: Run Behavior\BuildLiteBehavior [ RunTime:0.000015s ]
INFO: [ app_init ] --END-- [ RunTime:0.000556s ]
ERR: 无法加载模块:Public

[ 2018-04-27T18:32:31+08:00 ] 127.0.0.1 /project/Public/assets/global/scripts/Chart.js
INFO: [ app_init ] --START--
INFO: Run Behavior\BuildLiteBehavior [ RunTime:0.000027s ]
INFO: [ app_init ] --END-- [ RunTime:0.000774s ]
ERR: 无法加载模块:Public

[ 2018-04-27T18:32:31+08:00 ] 127.0.0.1 /project/Public/assets/global/scripts/Chart.js
INFO: [ app_init ] --START--
INFO: Run Behavior\BuildLiteBehavior [ RunTime:0.000015s ]
INFO: [ app_init ] --END-- [ RunTime:0.000670s ]
ERR: 无法加载模块:Public

[ 2018-04-27T18:34:22+08:00 ] 127.0.0.1 /project/Public/assets/global/scripts/Chart.js
INFO: [ app_init ] --START--
INFO: Run Behavior\BuildLiteBehavior [ RunTime:0.000024s ]
INFO: [ app_init ] --END-- [ RunTime:0.000744s ]
ERR: 无法加载模块:Public

[ 2018-04-27T18:34:22+08:00 ] 127.0.0.1 /project/Public/assets/global/scripts/Chart.js
INFO: [ app_init ] --START--
INFO: Run Behavior\BuildLiteBehavior [ RunTime:0.000053s ]
INFO: [ app_init ] --END-- [ RunTime:0.001343s ]
ERR: 无法加载模块:Public

[ 2018-04-27T18:34:24+08:00 ] 127.0.0.1 /project/Public/assets/global/scripts/Chart.js
INFO: [ app_init ] --START--
INFO: Run Behavior\BuildLiteBehavior [ RunTime:0.000020s ]
INFO: [ app_init ] --END-- [ RunTime:0.000643s ]
ERR: 无法加载模块:Public

[ 2018-04-27T18:34:24+08:00 ] 127.0.0.1 /project/Public/assets/global/scripts/Chart.js
INFO: [ app_init ] --START--
INFO: Run Behavior\BuildLiteBehavior [ RunTime:0.000015s ]
INFO: [ app_init ] --END-- [ RunTime:0.000494s ]
ERR: 无法加载模块:Public

[ 2018-04-27T18:34:27+08:00 ] 127.0.0.1 /project/Public/assets/global/scripts/Chart.js
INFO: [ app_init ] --START--
INFO: Run Behavior\BuildLiteBehavior [ RunTime:0.000021s ]
INFO: [ app_init ] --END-- [ RunTime:0.000854s ]
ERR: 无法加载模块:Public

[ 2018-04-27T18:34:28+08:00 ] 127.0.0.1 /project/Public/assets/global/scripts/Chart.js
INFO: [ app_init ] --START--
INFO: Run Behavior\BuildLiteBehavior [ RunTime:0.000019s ]
INFO: [ app_init ] --END-- [ RunTime:0.000945s ]
ERR: 无法加载模块:Public

[ 2018-04-27T18:34:35+08:00 ] 127.0.0.1 /project/Public/assets/global/scripts/Chart.js
INFO: [ app_init ] --START--
INFO: Run Behavior\BuildLiteBehavior [ RunTime:0.000014s ]
INFO: [ app_init ] --END-- [ RunTime:0.000463s ]
ERR: 无法加载模块:Public

[ 2018-04-27T18:34:35+08:00 ] 127.0.0.1 /project/Public/assets/global/scripts/Chart.js
INFO: [ app_init ] --START--
INFO: Run Behavior\BuildLiteBehavior [ RunTime:0.000027s ]
INFO: [ app_init ] --END-- [ RunTime:0.001148s ]
ERR: 无法加载模块:Public

[ 2018-04-27T19:00:03+08:00 ] 127.0.0.1 /project/favicon.ico
INFO: [ app_init ] --START--
INFO: Run Behavior\BuildLiteBehavior [ RunTime:0.000020s ]
INFO: [ app_init ] --END-- [ RunTime:0.000717s ]
ERR: 无法加载模块:Favicon

[ 2018-04-27T19:00:06+08:00 ] 127.0.0.1 /project/Public/assets/global/scripts/Chart.js
INFO: [ app_init ] --START--
INFO: Run Behavior\BuildLiteBehavior [ RunTime:0.000019s ]
INFO: [ app_init ] --END-- [ RunTime:0.000658s ]
ERR: 无法加载模块:Public

[ 2018-04-27T19:00:06+08:00 ] 127.0.0.1 /project/Public/assets/global/scripts/Chart.js
INFO: [ app_init ] --START--
INFO: Run Behavior\BuildLiteBehavior [ RunTime:0.000015s ]
INFO: [ app_init ] --END-- [ RunTime:0.000489s ]
ERR: 无法加载模块:Public

[ 2018-04-27T19:00:12+08:00 ] 127.0.0.1 /project/Public/assets/global/scripts/Chart.js
INFO: [ app_init ] --START--
INFO: Run Behavior\BuildLiteBehavior [ RunTime:0.000013s ]
INFO: [ app_init ] --END-- [ RunTime:0.000622s ]
ERR: 无法加载模块:Public

[ 2018-04-27T19:00:12+08:00 ] 127.0.0.1 /project/Public/assets/global/scripts/Chart.js
INFO: [ app_init ] --START--
INFO: Run Behavior\BuildLiteBehavior [ RunTime:0.000015s ]
INFO: [ app_init ] --END-- [ RunTime:0.000923s ]
ERR: 无法加载模块:Public

[ 2018-04-27T19:00:13+08:00 ] 127.0.0.1 /project/Public/assets/global/scripts/Chart.js
INFO: [ app_init ] --START--
INFO: Run Behavior\BuildLiteBehavior [ RunTime:0.000022s ]
INFO: [ app_init ] --END-- [ RunTime:0.001084s ]
ERR: 无法加载模块:Public

[ 2018-04-27T19:00:13+08:00 ] 127.0.0.1 /project/Public/assets/global/scripts/Chart.js
INFO: [ app_init ] --START--
INFO: Run Behavior\BuildLiteBehavior [ RunTime:0.000023s ]
INFO: [ app_init ] --END-- [ RunTime:0.000758s ]
ERR: 无法加载模块:Public

[ 2018-04-27T19:00:58+08:00 ] 127.0.0.1 /project/Public/assets/global/scripts/Chart.js
INFO: [ app_init ] --START--
INFO: Run Behavior\BuildLiteBehavior [ RunTime:0.000022s ]
INFO: [ app_init ] --END-- [ RunTime:0.000759s ]
ERR: 无法加载模块:Public

[ 2018-04-27T19:00:59+08:00 ] 127.0.0.1 /project/Public/assets/global/scripts/Chart.js
INFO: [ app_init ] --START--
INFO: Run Behavior\BuildLiteBehavior [ RunTime:0.000014s ]
INFO: [ app_init ] --END-- [ RunTime:0.000608s ]
ERR: 无法加载模块:Public

[ 2018-04-27T21:16:22+08:00 ] 127.0.0.1 /project/favicon.ico
INFO: [ app_init ] --START--
INFO: Run Behavior\BuildLiteBehavior [ RunTime:0.000018s ]
INFO: [ app_init ] --END-- [ RunTime:0.000672s ]
ERR: 无法加载模块:Favicon

[ 2018-04-27T21:17:42+08:00 ] 127.0.0.1 /project/Public/assets/global/scripts/Chart.js
INFO: [ app_init ] --START--
INFO: Run Behavior\BuildLiteBehavior [ RunTime:0.000021s ]
INFO: [ app_init ] --END-- [ RunTime:0.000623s ]
ERR: 无法加载模块:Public

[ 2018-04-27T21:17:42+08:00 ] 127.0.0.1 /project/Public/assets/global/scripts/Chart.js
INFO: [ app_init ] --START--
INFO: Run Behavior\BuildLiteBehavior [ RunTime:0.000019s ]
INFO: [ app_init ] --END-- [ RunTime:0.000683s ]
ERR: 无法加载模块:Public

[ 2018-04-27T21:34:41+08:00 ] 127.0.0.1 /project/Public/assets/global/scripts/Chart.js
INFO: [ app_init ] --START--
INFO: Run Behavior\BuildLiteBehavior [ RunTime:0.000020s ]
INFO: [ app_init ] --END-- [ RunTime:0.000702s ]
ERR: 无法加载模块:Public

[ 2018-04-27T21:34:41+08:00 ] 127.0.0.1 /project/Public/assets/global/scripts/Chart.js
INFO: [ app_init ] --START--
INFO: Run Behavior\BuildLiteBehavior [ RunTime:0.000019s ]
INFO: [ app_init ] --END-- [ RunTime:0.000722s ]
ERR: 无法加载模块:Public

[ 2018-04-27T21:34:45+08:00 ] 127.0.0.1 /project/Public/assets/global/scripts/Chart.js
INFO: [ app_init ] --START--
INFO: Run Behavior\BuildLiteBehavior [ RunTime:0.000019s ]
INFO: [ app_init ] --END-- [ RunTime:0.000686s ]
ERR: 无法加载模块:Public

[ 2018-04-27T21:34:45+08:00 ] 127.0.0.1 /project/Public/assets/global/scripts/Chart.js
INFO: [ app_init ] --START--
INFO: Run Behavior\BuildLiteBehavior [ RunTime:0.000022s ]
INFO: [ app_init ] --END-- [ RunTime:0.000866s ]
ERR: 无法加载模块:Public

[ 2018-04-27T21:34:47+08:00 ] 127.0.0.1 /project/Public/assets/global/scripts/Chart.js
INFO: [ app_init ] --START--
INFO: Run Behavior\BuildLiteBehavior [ RunTime:0.000016s ]
INFO: [ app_init ] --END-- [ RunTime:0.000807s ]
ERR: 无法加载模块:Public

[ 2018-04-27T21:34:47+08:00 ] 127.0.0.1 /project/Public/assets/global/scripts/Chart.js
INFO: [ app_init ] --START--
INFO: Run Behavior\BuildLiteBehavior [ RunTime:0.000022s ]
INFO: [ app_init ] --END-- [ RunTime:0.000730s ]
ERR: 无法加载模块:Public

[ 2018-04-27T21:34:49+08:00 ] 127.0.0.1 /project/Public/assets/global/scripts/Chart.js
INFO: [ app_init ] --START--
INFO: Run Behavior\BuildLiteBehavior [ RunTime:0.000014s ]
INFO: [ app_init ] --END-- [ RunTime:0.000503s ]
ERR: 无法加载模块:Public

[ 2018-04-27T21:34:49+08:00 ] 127.0.0.1 /project/Public/assets/global/scripts/Chart.js
INFO: [ app_init ] --START--
INFO: Run Behavior\BuildLiteBehavior [ RunTime:0.000045s ]
INFO: [ app_init ] --END-- [ RunTime:0.000979s ]
ERR: 无法加载模块:Public

[ 2018-04-27T21:34:51+08:00 ] 127.0.0.1 /project/Public/assets/global/scripts/Chart.js
INFO: [ app_init ] --START--
INFO: Run Behavior\BuildLiteBehavior [ RunTime:0.000016s ]
INFO: [ app_init ] --END-- [ RunTime:0.000578s ]
ERR: 无法加载模块:Public

[ 2018-04-27T21:34:51+08:00 ] 127.0.0.1 /project/Public/assets/global/scripts/Chart.js
INFO: [ app_init ] --START--
INFO: Run Behavior\BuildLiteBehavior [ RunTime:0.000015s ]
INFO: [ app_init ] --END-- [ RunTime:0.000554s ]
ERR: 无法加载模块:Public

[ 2018-04-27T21:34:53+08:00 ] 127.0.0.1 /project/Public/assets/global/scripts/Chart.js
INFO: [ app_init ] --START--
INFO: Run Behavior\BuildLiteBehavior [ RunTime:0.000024s ]
INFO: [ app_init ] --END-- [ RunTime:0.000801s ]
ERR: 无法加载模块:Public

[ 2018-04-27T21:34:53+08:00 ] 127.0.0.1 /project/Public/assets/global/scripts/Chart.js
INFO: [ app_init ] --START--
INFO: Run Behavior\BuildLiteBehavior [ RunTime:0.000096s ]
INFO: [ app_init ] --END-- [ RunTime:0.001794s ]
ERR: 无法加载模块:Public

[ 2018-04-27T21:36:04+08:00 ] 127.0.0.1 /project/Public/assets/global/scripts/Chart.js
INFO: [ app_init ] --START--
INFO: Run Behavior\BuildLiteBehavior [ RunTime:0.000019s ]
INFO: [ app_init ] --END-- [ RunTime:0.000642s ]
ERR: 无法加载模块:Public

[ 2018-04-27T21:36:05+08:00 ] 127.0.0.1 /project/Public/assets/global/scripts/Chart.js
INFO: [ app_init ] --START--
INFO: Run Behavior\BuildLiteBehavior [ RunTime:0.000050s ]
INFO: [ app_init ] --END-- [ RunTime:0.001171s ]
ERR: 无法加载模块:Public

[ 2018-04-27T22:06:12+08:00 ] 127.0.0.1 /project/Public/file/logo/.logo.png
INFO: [ app_init ] --START--
INFO: Run Behavior\BuildLiteBehavior [ RunTime:0.000020s ]
INFO: [ app_init ] --END-- [ RunTime:0.000735s ]
ERR: 无法加载模块:Public

[ 2018-04-27T22:06:14+08:00 ] 127.0.0.1 /project/Public/file/logo/.logo.png
INFO: [ app_init ] --START--
INFO: Run Behavior\BuildLiteBehavior [ RunTime:0.000014s ]
INFO: [ app_init ] --END-- [ RunTime:0.000484s ]
ERR: 无法加载模块:Public

[ 2018-04-27T22:06:26+08:00 ] 127.0.0.1 /project/favicon.ico
INFO: [ app_init ] --START--
INFO: Run Behavior\BuildLiteBehavior [ RunTime:0.000015s ]
INFO: [ app_init ] --END-- [ RunTime:0.000624s ]
ERR: 无法加载模块:Favicon

[ 2018-04-27T22:07:57+08:00 ] 127.0.0.1 /project/Public/assets/global/scripts/Chart.js
INFO: [ app_init ] --START--
INFO: Run Behavior\BuildLiteBehavior [ RunTime:0.000015s ]
INFO: [ app_init ] --END-- [ RunTime:0.000508s ]
ERR: 无法加载模块:Public

[ 2018-04-27T22:07:57+08:00 ] 127.0.0.1 /project/Public/assets/global/scripts/Chart.js
INFO: [ app_init ] --START--
INFO: Run Behavior\BuildLiteBehavior [ RunTime:0.000022s ]
INFO: [ app_init ] --END-- [ RunTime:0.000625s ]
ERR: 无法加载模块:Public

[ 2018-04-27T22:11:04+08:00 ] 127.0.0.1 /project/Public/assets/global/scripts/Chart.js
INFO: [ app_init ] --START--
INFO: Run Behavior\BuildLiteBehavior [ RunTime:0.000028s ]
INFO: [ app_init ] --END-- [ RunTime:0.000785s ]
ERR: 无法加载模块:Public

[ 2018-04-27T22:11:04+08:00 ] 127.0.0.1 /project/Public/assets/global/scripts/Chart.js
INFO: [ app_init ] --START--
INFO: Run Behavior\BuildLiteBehavior [ RunTime:0.000023s ]
INFO: [ app_init ] --END-- [ RunTime:0.000815s ]
ERR: 无法加载模块:Public

[ 2018-04-27T22:11:28+08:00 ] 127.0.0.1 /project/Public/assets/global/scripts/Chart.js
INFO: [ app_init ] --START--
INFO: Run Behavior\BuildLiteBehavior [ RunTime:0.000021s ]
INFO: [ app_init ] --END-- [ RunTime:0.000771s ]
ERR: 无法加载模块:Public

[ 2018-04-27T22:11:28+08:00 ] 127.0.0.1 /project/Public/assets/global/scripts/Chart.js
INFO: [ app_init ] --START--
INFO: Run Behavior\BuildLiteBehavior [ RunTime:0.000020s ]
INFO: [ app_init ] --END-- [ RunTime:0.000745s ]
ERR: 无法加载模块:Public

[ 2018-04-27T22:11:42+08:00 ] 127.0.0.1 /project/Public/assets/global/scripts/Chart.js
INFO: [ app_init ] --START--
INFO: Run Behavior\BuildLiteBehavior [ RunTime:0.000024s ]
INFO: [ app_init ] --END-- [ RunTime:0.000845s ]
ERR: 无法加载模块:Public

[ 2018-04-27T22:11:42+08:00 ] 127.0.0.1 /project/Public/assets/global/scripts/Chart.js
INFO: [ app_init ] --START--
INFO: Run Behavior\BuildLiteBehavior [ RunTime:0.000022s ]
INFO: [ app_init ] --END-- [ RunTime:0.000758s ]
ERR: 无法加载模块:Public

[ 2018-04-27T23:05:55+08:00 ] 127.0.0.1 /project/Public/assets/global/scripts/Chart.js
INFO: [ app_init ] --START--
INFO: Run Behavior\BuildLiteBehavior [ RunTime:0.000023s ]
INFO: [ app_init ] --END-- [ RunTime:0.000772s ]
ERR: 无法加载模块:Public

[ 2018-04-27T23:05:55+08:00 ] 127.0.0.1 /project/Public/assets/global/scripts/Chart.js
INFO: [ app_init ] --START--
INFO: Run Behavior\BuildLiteBehavior [ RunTime:0.000062s ]
INFO: [ app_init ] --END-- [ RunTime:0.001872s ]
ERR: 无法加载模块:Public

